╔═══════════════════════════════════════════════════════════════════════════╗
║                                                                           ║
║                                  ..:§:..                                  ║
║   ╔══════════════════════════════════════════════════════════════════╗    ║
║   ║    Log file generated by SVN Directory Cleaner v1.0.3230.31928   ║    ║
║   ╚══════════════════════════════════════════════════════════════════╝    ║
║                                                                           ║
║   Date.......: 08/05/2009                                                 ║
║   Files......: 00624 Files.                                               ║ 
║   References.: 00424 SVN Rererences.                                      ║
║                                                                           ║
║                                                                           ║
╠═══════════════════════════════════════════════════════════════════════════╣
║                                                                           ║

[§][Start Clean Actions]
   C:\Projetos\wagner\KTibiaX\src\Tibia\Tibia

[§][Deleting Old Backup].[§][Done!]

[§][Creating Backup].[§][Done!]

[§][Cleaning Root Directory].[sexta-feira, 8 de maio de 2009 16:49:26]
   C:\Projetos\wagner\KTibiaX\src\Tibia\Tibia\Connection\Common\_svn\all-wcprops; Done.
   C:\Projetos\wagner\KTibiaX\src\Tibia\Tibia\Connection\Common\_svn\entries; Done.
   C:\Projetos\wagner\KTibiaX\src\Tibia\Tibia\Connection\Common\_svn\format; Done.
   C:\Projetos\wagner\KTibiaX\src\Tibia\Tibia\Connection\Common\_svn\text-base\ClientFont.cs.svn-base; Done.
   C:\Projetos\wagner\KTibiaX\src\Tibia\Tibia\Connection\Common\_svn\text-base\ConnectionState.cs.svn-base; Done.
   C:\Projetos\wagner\KTibiaX\src\Tibia\Tibia\Connection\Common\_svn\text-base\Extensions.cs.svn-base; Done.
   C:\Projetos\wagner\KTibiaX\src\Tibia\Tibia\Connection\Common\_svn\text-base\PacketSource.cs.svn-base; Done.
   C:\Projetos\wagner\KTibiaX\src\Tibia\Tibia\Connection\Common\_svn\text-base\PacketType.cs.svn-base; Done.
   C:\Projetos\wagner\KTibiaX\src\Tibia\Tibia\Connection\Common\_svn\text-base\PipePacketType.cs.svn-base; Done.
   C:\Projetos\wagner\KTibiaX\src\Tibia\Tibia\Connection\Common\_svn\prop-base; Done.
   C:\Projetos\wagner\KTibiaX\src\Tibia\Tibia\Connection\Common\_svn\props; Done.
   C:\Projetos\wagner\KTibiaX\src\Tibia\Tibia\Connection\Common\_svn\text-base; Done.
   C:\Projetos\wagner\KTibiaX\src\Tibia\Tibia\Connection\Common\_svn\tmp\prop-base; Done.
   C:\Projetos\wagner\KTibiaX\src\Tibia\Tibia\Connection\Common\_svn\tmp\props; Done.
   C:\Projetos\wagner\KTibiaX\src\Tibia\Tibia\Connection\Common\_svn\tmp\text-base; Done.
   C:\Projetos\wagner\KTibiaX\src\Tibia\Tibia\Connection\Common\_svn\tmp; Done.
   C:\Projetos\wagner\KTibiaX\src\Tibia\Tibia\Connection\Common\_svn; Done.
   C:\Projetos\wagner\KTibiaX\src\Tibia\Tibia\Connection\Core\_svn\all-wcprops; Done.
   C:\Projetos\wagner\KTibiaX\src\Tibia\Tibia\Connection\Core\_svn\entries; Done.
   C:\Projetos\wagner\KTibiaX\src\Tibia\Tibia\Connection\Core\_svn\format; Done.
   C:\Projetos\wagner\KTibiaX\src\Tibia\Tibia\Connection\Core\_svn\text-base\ConnectionProvider.cs.svn-base; Done.
   C:\Projetos\wagner\KTibiaX\src\Tibia\Tibia\Connection\Core\_svn\text-base\IConnection.cs.svn-base; Done.
   C:\Projetos\wagner\KTibiaX\src\Tibia\Tibia\Connection\Core\_svn\text-base\Local.cs.svn-base; Done.
   C:\Projetos\wagner\KTibiaX\src\Tibia\Tibia\Connection\Core\_svn\text-base\Pipe.cs.svn-base; Done.
   C:\Projetos\wagner\KTibiaX\src\Tibia\Tibia\Connection\Core\_svn\text-base\Proxy.cs.svn-base; Done.
   C:\Projetos\wagner\KTibiaX\src\Tibia\Tibia\Connection\Core\_svn\prop-base; Done.
   C:\Projetos\wagner\KTibiaX\src\Tibia\Tibia\Connection\Core\_svn\props; Done.
   C:\Projetos\wagner\KTibiaX\src\Tibia\Tibia\Connection\Core\_svn\text-base; Done.
   C:\Projetos\wagner\KTibiaX\src\Tibia\Tibia\Connection\Core\_svn\tmp\prop-base; Done.
   C:\Projetos\wagner\KTibiaX\src\Tibia\Tibia\Connection\Core\_svn\tmp\props; Done.
   C:\Projetos\wagner\KTibiaX\src\Tibia\Tibia\Connection\Core\_svn\tmp\text-base; Done.
   C:\Projetos\wagner\KTibiaX\src\Tibia\Tibia\Connection\Core\_svn\tmp; Done.
   C:\Projetos\wagner\KTibiaX\src\Tibia\Tibia\Connection\Core\_svn; Done.
   C:\Projetos\wagner\KTibiaX\src\Tibia\Tibia\Connection\Events\_svn\all-wcprops; Done.
   C:\Projetos\wagner\KTibiaX\src\Tibia\Tibia\Connection\Events\_svn\entries; Done.
   C:\Projetos\wagner\KTibiaX\src\Tibia\Tibia\Connection\Events\_svn\format; Done.
   C:\Projetos\wagner\KTibiaX\src\Tibia\Tibia\Connection\Events\_svn\text-base\PacketEventArgs.cs.svn-base; Done.
   C:\Projetos\wagner\KTibiaX\src\Tibia\Tibia\Connection\Events\_svn\prop-base; Done.
   C:\Projetos\wagner\KTibiaX\src\Tibia\Tibia\Connection\Events\_svn\props; Done.
   C:\Projetos\wagner\KTibiaX\src\Tibia\Tibia\Connection\Events\_svn\text-base; Done.
   C:\Projetos\wagner\KTibiaX\src\Tibia\Tibia\Connection\Events\_svn\tmp\prop-base; Done.
   C:\Projetos\wagner\KTibiaX\src\Tibia\Tibia\Connection\Events\_svn\tmp\props; Done.
   C:\Projetos\wagner\KTibiaX\src\Tibia\Tibia\Connection\Events\_svn\tmp\text-base; Done.
   C:\Projetos\wagner\KTibiaX\src\Tibia\Tibia\Connection\Events\_svn\tmp; Done.
   C:\Projetos\wagner\KTibiaX\src\Tibia\Tibia\Connection\Events\_svn; Done.
   C:\Projetos\wagner\KTibiaX\src\Tibia\Tibia\Connection\Model\Contracts\_svn\all-wcprops; Done.
   C:\Projetos\wagner\KTibiaX\src\Tibia\Tibia\Connection\Model\Contracts\_svn\entries; Done.
   C:\Projetos\wagner\KTibiaX\src\Tibia\Tibia\Connection\Model\Contracts\_svn\format; Done.
   C:\Projetos\wagner\KTibiaX\src\Tibia\Tibia\Connection\Model\Contracts\_svn\text-base\IPacket.cs.svn-base; Done.
   C:\Projetos\wagner\KTibiaX\src\Tibia\Tibia\Connection\Model\Contracts\_svn\text-base\IPipe.cs.svn-base; Done.
   C:\Projetos\wagner\KTibiaX\src\Tibia\Tibia\Connection\Model\Contracts\_svn\prop-base; Done.
   C:\Projetos\wagner\KTibiaX\src\Tibia\Tibia\Connection\Model\Contracts\_svn\props; Done.
   C:\Projetos\wagner\KTibiaX\src\Tibia\Tibia\Connection\Model\Contracts\_svn\text-base; Done.
   C:\Projetos\wagner\KTibiaX\src\Tibia\Tibia\Connection\Model\Contracts\_svn\tmp\prop-base; Done.
   C:\Projetos\wagner\KTibiaX\src\Tibia\Tibia\Connection\Model\Contracts\_svn\tmp\props; Done.
   C:\Projetos\wagner\KTibiaX\src\Tibia\Tibia\Connection\Model\Contracts\_svn\tmp\text-base; Done.
   C:\Projetos\wagner\KTibiaX\src\Tibia\Tibia\Connection\Model\Contracts\_svn\tmp; Done.
   C:\Projetos\wagner\KTibiaX\src\Tibia\Tibia\Connection\Model\Contracts\_svn; Done.
   C:\Projetos\wagner\KTibiaX\src\Tibia\Tibia\Connection\Model\_svn\all-wcprops; Done.
   C:\Projetos\wagner\KTibiaX\src\Tibia\Tibia\Connection\Model\_svn\entries; Done.
   C:\Projetos\wagner\KTibiaX\src\Tibia\Tibia\Connection\Model\_svn\format; Done.
   C:\Projetos\wagner\KTibiaX\src\Tibia\Tibia\Connection\Model\_svn\text-base\CharListIgnored.cs.svn-base; Done.
   C:\Projetos\wagner\KTibiaX\src\Tibia\Tibia\Connection\Model\_svn\text-base\Packet.cs.svn-base; Done.
   C:\Projetos\wagner\KTibiaX\src\Tibia\Tibia\Connection\Model\_svn\text-base\PipePacket.cs.svn-base; Done.
   C:\Projetos\wagner\KTibiaX\src\Tibia\Tibia\Connection\Model\_svn\text-base\PlayerList.cs.svn-base; Done.
   C:\Projetos\wagner\KTibiaX\src\Tibia\Tibia\Connection\Model\_svn\prop-base; Done.
   C:\Projetos\wagner\KTibiaX\src\Tibia\Tibia\Connection\Model\_svn\props; Done.
   C:\Projetos\wagner\KTibiaX\src\Tibia\Tibia\Connection\Model\_svn\text-base; Done.
   C:\Projetos\wagner\KTibiaX\src\Tibia\Tibia\Connection\Model\_svn\tmp\prop-base; Done.
   C:\Projetos\wagner\KTibiaX\src\Tibia\Tibia\Connection\Model\_svn\tmp\props; Done.
   C:\Projetos\wagner\KTibiaX\src\Tibia\Tibia\Connection\Model\_svn\tmp\text-base; Done.
   C:\Projetos\wagner\KTibiaX\src\Tibia\Tibia\Connection\Model\_svn\tmp; Done.
   C:\Projetos\wagner\KTibiaX\src\Tibia\Tibia\Connection\Model\_svn; Done.
   C:\Projetos\wagner\KTibiaX\src\Tibia\Tibia\Connection\Providers\Contracts\_svn\all-wcprops; Done.
   C:\Projetos\wagner\KTibiaX\src\Tibia\Tibia\Connection\Providers\Contracts\_svn\entries; Done.
   C:\Projetos\wagner\KTibiaX\src\Tibia\Tibia\Connection\Providers\Contracts\_svn\format; Done.
   C:\Projetos\wagner\KTibiaX\src\Tibia\Tibia\Connection\Providers\Contracts\_svn\text-base\IConnection.cs.svn-base; Done.
   C:\Projetos\wagner\KTibiaX\src\Tibia\Tibia\Connection\Providers\Contracts\_svn\text-base\ICryptoManager.cs.svn-base; Done.
   C:\Projetos\wagner\KTibiaX\src\Tibia\Tibia\Connection\Providers\Contracts\_svn\prop-base; Done.
   C:\Projetos\wagner\KTibiaX\src\Tibia\Tibia\Connection\Providers\Contracts\_svn\props; Done.
   C:\Projetos\wagner\KTibiaX\src\Tibia\Tibia\Connection\Providers\Contracts\_svn\text-base; Done.
   C:\Projetos\wagner\KTibiaX\src\Tibia\Tibia\Connection\Providers\Contracts\_svn\tmp\prop-base; Done.
   C:\Projetos\wagner\KTibiaX\src\Tibia\Tibia\Connection\Providers\Contracts\_svn\tmp\props; Done.
   C:\Projetos\wagner\KTibiaX\src\Tibia\Tibia\Connection\Providers\Contracts\_svn\tmp\text-base; Done.
   C:\Projetos\wagner\KTibiaX\src\Tibia\Tibia\Connection\Providers\Contracts\_svn\tmp; Done.
   C:\Projetos\wagner\KTibiaX\src\Tibia\Tibia\Connection\Providers\Contracts\_svn; Done.
   C:\Projetos\wagner\KTibiaX\src\Tibia\Tibia\Connection\Providers\_svn\all-wcprops; Done.
   C:\Projetos\wagner\KTibiaX\src\Tibia\Tibia\Connection\Providers\_svn\entries; Done.
   C:\Projetos\wagner\KTibiaX\src\Tibia\Tibia\Connection\Providers\_svn\format; Done.
   C:\Projetos\wagner\KTibiaX\src\Tibia\Tibia\Connection\Providers\_svn\text-base\ConnectionProvider.cs.svn-base; Done.
   C:\Projetos\wagner\KTibiaX\src\Tibia\Tibia\Connection\Providers\_svn\text-base\CryptoManager.cs.svn-base; Done.
   C:\Projetos\wagner\KTibiaX\src\Tibia\Tibia\Connection\Providers\_svn\text-base\PacketBuilder.cs.svn-base; Done.
   C:\Projetos\wagner\KTibiaX\src\Tibia\Tibia\Connection\Providers\_svn\text-base\PacketFactory.cs.svn-base; Done.
   C:\Projetos\wagner\KTibiaX\src\Tibia\Tibia\Connection\Providers\_svn\text-base\PipePacketBuilder.cs.svn-base; Done.
   C:\Projetos\wagner\KTibiaX\src\Tibia\Tibia\Connection\Providers\_svn\prop-base; Done.
   C:\Projetos\wagner\KTibiaX\src\Tibia\Tibia\Connection\Providers\_svn\props; Done.
   C:\Projetos\wagner\KTibiaX\src\Tibia\Tibia\Connection\Providers\_svn\text-base; Done.
   C:\Projetos\wagner\KTibiaX\src\Tibia\Tibia\Connection\Providers\_svn\tmp\prop-base; Done.
   C:\Projetos\wagner\KTibiaX\src\Tibia\Tibia\Connection\Providers\_svn\tmp\props; Done.
   C:\Projetos\wagner\KTibiaX\src\Tibia\Tibia\Connection\Providers\_svn\tmp\text-base; Done.
   C:\Projetos\wagner\KTibiaX\src\Tibia\Tibia\Connection\Providers\_svn\tmp; Done.
   C:\Projetos\wagner\KTibiaX\src\Tibia\Tibia\Connection\Providers\_svn; Done.
   C:\Projetos\wagner\KTibiaX\src\Tibia\Tibia\Features\Actions\Graphics\_svn\all-wcprops; Done.
   C:\Projetos\wagner\KTibiaX\src\Tibia\Tibia\Features\Actions\Graphics\_svn\entries; Done.
   C:\Projetos\wagner\KTibiaX\src\Tibia\Tibia\Features\Actions\Graphics\_svn\format; Done.
   C:\Projetos\wagner\KTibiaX\src\Tibia\Tibia\Features\Actions\Graphics\_svn\text-base\DatReader.cs.svn-base; Done.
   C:\Projetos\wagner\KTibiaX\src\Tibia\Tibia\Features\Actions\Graphics\_svn\text-base\MapReader.cs.svn-base; Done.
   C:\Projetos\wagner\KTibiaX\src\Tibia\Tibia\Features\Actions\Graphics\_svn\prop-base; Done.
   C:\Projetos\wagner\KTibiaX\src\Tibia\Tibia\Features\Actions\Graphics\_svn\props; Done.
   C:\Projetos\wagner\KTibiaX\src\Tibia\Tibia\Features\Actions\Graphics\_svn\text-base; Done.
   C:\Projetos\wagner\KTibiaX\src\Tibia\Tibia\Features\Actions\Graphics\_svn\tmp\prop-base; Done.
   C:\Projetos\wagner\KTibiaX\src\Tibia\Tibia\Features\Actions\Graphics\_svn\tmp\props; Done.
   C:\Projetos\wagner\KTibiaX\src\Tibia\Tibia\Features\Actions\Graphics\_svn\tmp\text-base; Done.
   C:\Projetos\wagner\KTibiaX\src\Tibia\Tibia\Features\Actions\Graphics\_svn\tmp; Done.
   C:\Projetos\wagner\KTibiaX\src\Tibia\Tibia\Features\Actions\Graphics\_svn; Done.
   C:\Projetos\wagner\KTibiaX\src\Tibia\Tibia\Features\Actions\Items\_svn\all-wcprops; Done.
   C:\Projetos\wagner\KTibiaX\src\Tibia\Tibia\Features\Actions\Items\_svn\entries; Done.
   C:\Projetos\wagner\KTibiaX\src\Tibia\Tibia\Features\Actions\Items\_svn\format; Done.
   C:\Projetos\wagner\KTibiaX\src\Tibia\Tibia\Features\Actions\Items\_svn\text-base\Fish.cs.svn-base; Done.
   C:\Projetos\wagner\KTibiaX\src\Tibia\Tibia\Features\Actions\Items\_svn\text-base\Stack.cs.svn-base; Done.
   C:\Projetos\wagner\KTibiaX\src\Tibia\Tibia\Features\Actions\Items\_svn\text-base\Use.cs.svn-base; Done.
   C:\Projetos\wagner\KTibiaX\src\Tibia\Tibia\Features\Actions\Items\_svn\prop-base; Done.
   C:\Projetos\wagner\KTibiaX\src\Tibia\Tibia\Features\Actions\Items\_svn\props; Done.
   C:\Projetos\wagner\KTibiaX\src\Tibia\Tibia\Features\Actions\Items\_svn\text-base; Done.
   C:\Projetos\wagner\KTibiaX\src\Tibia\Tibia\Features\Actions\Items\_svn\tmp\prop-base; Done.
   C:\Projetos\wagner\KTibiaX\src\Tibia\Tibia\Features\Actions\Items\_svn\tmp\props; Done.
   C:\Projetos\wagner\KTibiaX\src\Tibia\Tibia\Features\Actions\Items\_svn\tmp\text-base; Done.
   C:\Projetos\wagner\KTibiaX\src\Tibia\Tibia\Features\Actions\Items\_svn\tmp; Done.
   C:\Projetos\wagner\KTibiaX\src\Tibia\Tibia\Features\Actions\Items\_svn; Done.
   C:\Projetos\wagner\KTibiaX\src\Tibia\Tibia\Features\Actions\Messages\_svn\all-wcprops; Done.
   C:\Projetos\wagner\KTibiaX\src\Tibia\Tibia\Features\Actions\Messages\_svn\entries; Done.
   C:\Projetos\wagner\KTibiaX\src\Tibia\Tibia\Features\Actions\Messages\_svn\format; Done.
   C:\Projetos\wagner\KTibiaX\src\Tibia\Tibia\Features\Actions\Messages\_svn\text-base\Helpers.cs.svn-base; Done.
   C:\Projetos\wagner\KTibiaX\src\Tibia\Tibia\Features\Actions\Messages\_svn\text-base\Screen.cs.svn-base; Done.
   C:\Projetos\wagner\KTibiaX\src\Tibia\Tibia\Features\Actions\Messages\_svn\text-base\Server.cs.svn-base; Done.
   C:\Projetos\wagner\KTibiaX\src\Tibia\Tibia\Features\Actions\Messages\_svn\text-base\System.cs.svn-base; Done.
   C:\Projetos\wagner\KTibiaX\src\Tibia\Tibia\Features\Actions\Messages\_svn\prop-base; Done.
   C:\Projetos\wagner\KTibiaX\src\Tibia\Tibia\Features\Actions\Messages\_svn\props; Done.
   C:\Projetos\wagner\KTibiaX\src\Tibia\Tibia\Features\Actions\Messages\_svn\text-base; Done.
   C:\Projetos\wagner\KTibiaX\src\Tibia\Tibia\Features\Actions\Messages\_svn\tmp\prop-base; Done.
   C:\Projetos\wagner\KTibiaX\src\Tibia\Tibia\Features\Actions\Messages\_svn\tmp\props; Done.
   C:\Projetos\wagner\KTibiaX\src\Tibia\Tibia\Features\Actions\Messages\_svn\tmp\text-base; Done.
   C:\Projetos\wagner\KTibiaX\src\Tibia\Tibia\Features\Actions\Messages\_svn\tmp; Done.
   C:\Projetos\wagner\KTibiaX\src\Tibia\Tibia\Features\Actions\Messages\_svn; Done.
   C:\Projetos\wagner\KTibiaX\src\Tibia\Tibia\Features\Actions\Pipes\_svn\all-wcprops; Done.
   C:\Projetos\wagner\KTibiaX\src\Tibia\Tibia\Features\Actions\Pipes\_svn\entries; Done.
   C:\Projetos\wagner\KTibiaX\src\Tibia\Tibia\Features\Actions\Pipes\_svn\format; Done.
   C:\Projetos\wagner\KTibiaX\src\Tibia\Tibia\Features\Actions\Pipes\_svn\text-base\DisplayCreatureTextPacket.cs.svn-base; Done.
   C:\Projetos\wagner\KTibiaX\src\Tibia\Tibia\Features\Actions\Pipes\_svn\text-base\DisplayTextPacket.cs.svn-base; Done.
   C:\Projetos\wagner\KTibiaX\src\Tibia\Tibia\Features\Actions\Pipes\_svn\text-base\InjectDisplayPacket.cs.svn-base; Done.
   C:\Projetos\wagner\KTibiaX\src\Tibia\Tibia\Features\Actions\Pipes\_svn\text-base\RemoveAllTextPacket.cs.svn-base; Done.
   C:\Projetos\wagner\KTibiaX\src\Tibia\Tibia\Features\Actions\Pipes\_svn\text-base\RemoveCreatureTextPacket.cs.svn-base; Done.
   C:\Projetos\wagner\KTibiaX\src\Tibia\Tibia\Features\Actions\Pipes\_svn\text-base\RemoveTextPacket.cs.svn-base; Done.
   C:\Projetos\wagner\KTibiaX\src\Tibia\Tibia\Features\Actions\Pipes\_svn\text-base\SetConstantPacket.cs.svn-base; Done.
   C:\Projetos\wagner\KTibiaX\src\Tibia\Tibia\Features\Actions\Pipes\_svn\text-base\UpdateCreatureTextPacket.cs.svn-base; Done.
   C:\Projetos\wagner\KTibiaX\src\Tibia\Tibia\Features\Actions\Pipes\_svn\prop-base; Done.
   C:\Projetos\wagner\KTibiaX\src\Tibia\Tibia\Features\Actions\Pipes\_svn\props; Done.
   C:\Projetos\wagner\KTibiaX\src\Tibia\Tibia\Features\Actions\Pipes\_svn\text-base; Done.
   C:\Projetos\wagner\KTibiaX\src\Tibia\Tibia\Features\Actions\Pipes\_svn\tmp\prop-base; Done.
   C:\Projetos\wagner\KTibiaX\src\Tibia\Tibia\Features\Actions\Pipes\_svn\tmp\props; Done.
   C:\Projetos\wagner\KTibiaX\src\Tibia\Tibia\Features\Actions\Pipes\_svn\tmp\text-base; Done.
   C:\Projetos\wagner\KTibiaX\src\Tibia\Tibia\Features\Actions\Pipes\_svn\tmp; Done.
   C:\Projetos\wagner\KTibiaX\src\Tibia\Tibia\Features\Actions\Pipes\_svn; Done.
   C:\Projetos\wagner\KTibiaX\src\Tibia\Tibia\Features\Actions\Player\_svn\all-wcprops; Done.
   C:\Projetos\wagner\KTibiaX\src\Tibia\Tibia\Features\Actions\Player\_svn\entries; Done.
   C:\Projetos\wagner\KTibiaX\src\Tibia\Tibia\Features\Actions\Player\_svn\format; Done.
   C:\Projetos\wagner\KTibiaX\src\Tibia\Tibia\Features\Actions\Player\_svn\text-base\Attack.cs.svn-base; Done.
   C:\Projetos\wagner\KTibiaX\src\Tibia\Tibia\Features\Actions\Player\_svn\text-base\Position.cs.svn-base; Done.
   C:\Projetos\wagner\KTibiaX\src\Tibia\Tibia\Features\Actions\Player\_svn\prop-base; Done.
   C:\Projetos\wagner\KTibiaX\src\Tibia\Tibia\Features\Actions\Player\_svn\props; Done.
   C:\Projetos\wagner\KTibiaX\src\Tibia\Tibia\Features\Actions\Player\_svn\text-base; Done.
   C:\Projetos\wagner\KTibiaX\src\Tibia\Tibia\Features\Actions\Player\_svn\tmp\prop-base; Done.
   C:\Projetos\wagner\KTibiaX\src\Tibia\Tibia\Features\Actions\Player\_svn\tmp\props; Done.
   C:\Projetos\wagner\KTibiaX\src\Tibia\Tibia\Features\Actions\Player\_svn\tmp\text-base; Done.
   C:\Projetos\wagner\KTibiaX\src\Tibia\Tibia\Features\Actions\Player\_svn\tmp; Done.
   C:\Projetos\wagner\KTibiaX\src\Tibia\Tibia\Features\Actions\Player\_svn; Done.
   C:\Projetos\wagner\KTibiaX\src\Tibia\Tibia\Features\Actions\_svn\all-wcprops; Done.
   C:\Projetos\wagner\KTibiaX\src\Tibia\Tibia\Features\Actions\_svn\entries; Done.
   C:\Projetos\wagner\KTibiaX\src\Tibia\Tibia\Features\Actions\_svn\format; Done.
   C:\Projetos\wagner\KTibiaX\src\Tibia\Tibia\Features\Actions\_svn\text-base\Hotkeys.cs.svn-base; Done.
   C:\Projetos\wagner\KTibiaX\src\Tibia\Tibia\Features\Actions\_svn\prop-base; Done.
   C:\Projetos\wagner\KTibiaX\src\Tibia\Tibia\Features\Actions\_svn\props; Done.
   C:\Projetos\wagner\KTibiaX\src\Tibia\Tibia\Features\Actions\_svn\text-base; Done.
   C:\Projetos\wagner\KTibiaX\src\Tibia\Tibia\Features\Actions\_svn\tmp\prop-base; Done.
   C:\Projetos\wagner\KTibiaX\src\Tibia\Tibia\Features\Actions\_svn\tmp\props; Done.
   C:\Projetos\wagner\KTibiaX\src\Tibia\Tibia\Features\Actions\_svn\tmp\text-base; Done.
   C:\Projetos\wagner\KTibiaX\src\Tibia\Tibia\Features\Actions\_svn\tmp; Done.
   C:\Projetos\wagner\KTibiaX\src\Tibia\Tibia\Features\Actions\_svn; Done.
   C:\Projetos\wagner\KTibiaX\src\Tibia\Tibia\Features\Common\_svn\all-wcprops; Done.
   C:\Projetos\wagner\KTibiaX\src\Tibia\Tibia\Features\Common\_svn\entries; Done.
   C:\Projetos\wagner\KTibiaX\src\Tibia\Tibia\Features\Common\_svn\format; Done.
   C:\Projetos\wagner\KTibiaX\src\Tibia\Tibia\Features\Common\_svn\text-base\Addons.cs.svn-base; Done.
   C:\Projetos\wagner\KTibiaX\src\Tibia\Tibia\Features\Common\_svn\text-base\AnimatedMsgColor.cs.svn-base; Done.
   C:\Projetos\wagner\KTibiaX\src\Tibia\Tibia\Features\Common\_svn\text-base\AttackType.cs.svn-base; Done.
   C:\Projetos\wagner\KTibiaX\src\Tibia\Tibia\Features\Common\_svn\text-base\ChannelMsgColor.cs.svn-base; Done.
   C:\Projetos\wagner\KTibiaX\src\Tibia\Tibia\Features\Common\_svn\text-base\ChannelType.cs.svn-base; Done.
   C:\Projetos\wagner\KTibiaX\src\Tibia\Tibia\Features\Common\_svn\text-base\ChaseType.cs.svn-base; Done.
   C:\Projetos\wagner\KTibiaX\src\Tibia\Tibia\Features\Common\_svn\text-base\CreatureType.cs.svn-base; Done.
   C:\Projetos\wagner\KTibiaX\src\Tibia\Tibia\Features\Common\_svn\text-base\CustomMessageType.cs.svn-base; Done.
   C:\Projetos\wagner\KTibiaX\src\Tibia\Tibia\Features\Common\_svn\text-base\Direction.cs.svn-base; Done.
   C:\Projetos\wagner\KTibiaX\src\Tibia\Tibia\Features\Common\_svn\text-base\FlagType.cs.svn-base; Done.
   C:\Projetos\wagner\KTibiaX\src\Tibia\Tibia\Features\Common\_svn\text-base\Fluids.cs.svn-base; Done.
   C:\Projetos\wagner\KTibiaX\src\Tibia\Tibia\Features\Common\_svn\text-base\HotkeyUseMode.cs.svn-base; Done.
   C:\Projetos\wagner\KTibiaX\src\Tibia\Tibia\Features\Common\_svn\text-base\InternalChannels.cs.svn-base; Done.
   C:\Projetos\wagner\KTibiaX\src\Tibia\Tibia\Features\Common\_svn\text-base\InventoryID.cs.svn-base; Done.
   C:\Projetos\wagner\KTibiaX\src\Tibia\Tibia\Features\Common\_svn\text-base\ItemKind.cs.svn-base; Done.
   C:\Projetos\wagner\KTibiaX\src\Tibia\Tibia\Features\Common\_svn\text-base\ItemSearchArgs.cs.svn-base; Done.
   C:\Projetos\wagner\KTibiaX\src\Tibia\Tibia\Features\Common\_svn\text-base\LightColor.cs.svn-base; Done.
   C:\Projetos\wagner\KTibiaX\src\Tibia\Tibia\Features\Common\_svn\text-base\LightIntensity.cs.svn-base; Done.
   C:\Projetos\wagner\KTibiaX\src\Tibia\Tibia\Features\Common\_svn\text-base\MagicEffects.cs.svn-base; Done.
   C:\Projetos\wagner\KTibiaX\src\Tibia\Tibia\Features\Common\_svn\text-base\MessageType.cs.svn-base; Done.
   C:\Projetos\wagner\KTibiaX\src\Tibia\Tibia\Features\Common\_svn\text-base\OutfitKind.cs.svn-base; Done.
   C:\Projetos\wagner\KTibiaX\src\Tibia\Tibia\Features\Common\_svn\text-base\PartyRank.cs.svn-base; Done.
   C:\Projetos\wagner\KTibiaX\src\Tibia\Tibia\Features\Common\_svn\text-base\RangeType.cs.svn-base; Done.
   C:\Projetos\wagner\KTibiaX\src\Tibia\Tibia\Features\Common\_svn\text-base\SearchCriteria.cs.svn-base; Done.
   C:\Projetos\wagner\KTibiaX\src\Tibia\Tibia\Features\Common\_svn\text-base\SearchFilter.cs.svn-base; Done.
   C:\Projetos\wagner\KTibiaX\src\Tibia\Tibia\Features\Common\_svn\text-base\SearchType.cs.svn-base; Done.
   C:\Projetos\wagner\KTibiaX\src\Tibia\Tibia\Features\Common\_svn\text-base\Skull.cs.svn-base; Done.
   C:\Projetos\wagner\KTibiaX\src\Tibia\Tibia\Features\Common\_svn\text-base\SortDirection.cs.svn-base; Done.
   C:\Projetos\wagner\KTibiaX\src\Tibia\Tibia\Features\Common\_svn\text-base\SystemMsgColor.cs.svn-base; Done.
   C:\Projetos\wagner\KTibiaX\src\Tibia\Tibia\Features\Common\_svn\prop-base; Done.
   C:\Projetos\wagner\KTibiaX\src\Tibia\Tibia\Features\Common\_svn\props; Done.
   C:\Projetos\wagner\KTibiaX\src\Tibia\Tibia\Features\Common\_svn\text-base; Done.
   C:\Projetos\wagner\KTibiaX\src\Tibia\Tibia\Features\Common\_svn\tmp\prop-base; Done.
   C:\Projetos\wagner\KTibiaX\src\Tibia\Tibia\Features\Common\_svn\tmp\props; Done.
   C:\Projetos\wagner\KTibiaX\src\Tibia\Tibia\Features\Common\_svn\tmp\text-base; Done.
   C:\Projetos\wagner\KTibiaX\src\Tibia\Tibia\Features\Common\_svn\tmp; Done.
   C:\Projetos\wagner\KTibiaX\src\Tibia\Tibia\Features\Common\_svn; Done.
   C:\Projetos\wagner\KTibiaX\src\Tibia\Tibia\Features\Events\_svn\all-wcprops; Done.
   C:\Projetos\wagner\KTibiaX\src\Tibia\Tibia\Features\Events\_svn\entries; Done.
   C:\Projetos\wagner\KTibiaX\src\Tibia\Tibia\Features\Events\_svn\format; Done.
   C:\Projetos\wagner\KTibiaX\src\Tibia\Tibia\Features\Events\_svn\text-base\LocationChanged.cs.svn-base; Done.
   C:\Projetos\wagner\KTibiaX\src\Tibia\Tibia\Features\Events\_svn\prop-base; Done.
   C:\Projetos\wagner\KTibiaX\src\Tibia\Tibia\Features\Events\_svn\props; Done.
   C:\Projetos\wagner\KTibiaX\src\Tibia\Tibia\Features\Events\_svn\text-base; Done.
   C:\Projetos\wagner\KTibiaX\src\Tibia\Tibia\Features\Events\_svn\tmp\prop-base; Done.
   C:\Projetos\wagner\KTibiaX\src\Tibia\Tibia\Features\Events\_svn\tmp\props; Done.
   C:\Projetos\wagner\KTibiaX\src\Tibia\Tibia\Features\Events\_svn\tmp\text-base; Done.
   C:\Projetos\wagner\KTibiaX\src\Tibia\Tibia\Features\Events\_svn\tmp; Done.
   C:\Projetos\wagner\KTibiaX\src\Tibia\Tibia\Features\Events\_svn; Done.
   C:\Projetos\wagner\KTibiaX\src\Tibia\Tibia\Features\Model\Contracts\_svn\all-wcprops; Done.
   C:\Projetos\wagner\KTibiaX\src\Tibia\Tibia\Features\Model\Contracts\_svn\entries; Done.
   C:\Projetos\wagner\KTibiaX\src\Tibia\Tibia\Features\Model\Contracts\_svn\format; Done.
   C:\Projetos\wagner\KTibiaX\src\Tibia\Tibia\Features\Model\Contracts\_svn\text-base\IBaseItem.cs.svn-base; Done.
   C:\Projetos\wagner\KTibiaX\src\Tibia\Tibia\Features\Model\Contracts\_svn\text-base\IContainer.cs.svn-base; Done.
   C:\Projetos\wagner\KTibiaX\src\Tibia\Tibia\Features\Model\Contracts\_svn\text-base\ICreature.cs.svn-base; Done.
   C:\Projetos\wagner\KTibiaX\src\Tibia\Tibia\Features\Model\Contracts\_svn\text-base\IItem.cs.svn-base; Done.
   C:\Projetos\wagner\KTibiaX\src\Tibia\Tibia\Features\Model\Contracts\_svn\text-base\IPlayer.cs.svn-base; Done.
   C:\Projetos\wagner\KTibiaX\src\Tibia\Tibia\Features\Model\Contracts\_svn\text-base\ISlot.cs.svn-base; Done.
   C:\Projetos\wagner\KTibiaX\src\Tibia\Tibia\Features\Model\Contracts\_svn\prop-base; Done.
   C:\Projetos\wagner\KTibiaX\src\Tibia\Tibia\Features\Model\Contracts\_svn\props; Done.
   C:\Projetos\wagner\KTibiaX\src\Tibia\Tibia\Features\Model\Contracts\_svn\text-base; Done.
   C:\Projetos\wagner\KTibiaX\src\Tibia\Tibia\Features\Model\Contracts\_svn\tmp\prop-base; Done.
   C:\Projetos\wagner\KTibiaX\src\Tibia\Tibia\Features\Model\Contracts\_svn\tmp\props; Done.
   C:\Projetos\wagner\KTibiaX\src\Tibia\Tibia\Features\Model\Contracts\_svn\tmp\text-base; Done.
   C:\Projetos\wagner\KTibiaX\src\Tibia\Tibia\Features\Model\Contracts\_svn\tmp; Done.
   C:\Projetos\wagner\KTibiaX\src\Tibia\Tibia\Features\Model\Contracts\_svn; Done.
   C:\Projetos\wagner\KTibiaX\src\Tibia\Tibia\Features\Model\Creatures\_svn\all-wcprops; Done.
   C:\Projetos\wagner\KTibiaX\src\Tibia\Tibia\Features\Model\Creatures\_svn\entries; Done.
   C:\Projetos\wagner\KTibiaX\src\Tibia\Tibia\Features\Model\Creatures\_svn\format; Done.
   C:\Projetos\wagner\KTibiaX\src\Tibia\Tibia\Features\Model\Creatures\_svn\text-base\Creature.cs.svn-base; Done.
   C:\Projetos\wagner\KTibiaX\src\Tibia\Tibia\Features\Model\Creatures\_svn\text-base\CreatureCollection.cs.svn-base; Done.
   C:\Projetos\wagner\KTibiaX\src\Tibia\Tibia\Features\Model\Creatures\_svn\text-base\Inventory.cs.svn-base; Done.
   C:\Projetos\wagner\KTibiaX\src\Tibia\Tibia\Features\Model\Creatures\_svn\text-base\Player.cs.svn-base; Done.
   C:\Projetos\wagner\KTibiaX\src\Tibia\Tibia\Features\Model\Creatures\_svn\text-base\Skills.cs.svn-base; Done.
   C:\Projetos\wagner\KTibiaX\src\Tibia\Tibia\Features\Model\Creatures\_svn\text-base\VipUser.cs.svn-base; Done.
   C:\Projetos\wagner\KTibiaX\src\Tibia\Tibia\Features\Model\Creatures\_svn\prop-base; Done.
   C:\Projetos\wagner\KTibiaX\src\Tibia\Tibia\Features\Model\Creatures\_svn\props; Done.
   C:\Projetos\wagner\KTibiaX\src\Tibia\Tibia\Features\Model\Creatures\_svn\text-base; Done.
   C:\Projetos\wagner\KTibiaX\src\Tibia\Tibia\Features\Model\Creatures\_svn\tmp\prop-base; Done.
   C:\Projetos\wagner\KTibiaX\src\Tibia\Tibia\Features\Model\Creatures\_svn\tmp\props; Done.
   C:\Projetos\wagner\KTibiaX\src\Tibia\Tibia\Features\Model\Creatures\_svn\tmp\text-base; Done.
   C:\Projetos\wagner\KTibiaX\src\Tibia\Tibia\Features\Model\Creatures\_svn\tmp; Done.
   C:\Projetos\wagner\KTibiaX\src\Tibia\Tibia\Features\Model\Creatures\_svn; Done.
   C:\Projetos\wagner\KTibiaX\src\Tibia\Tibia\Features\Model\Graphics\_svn\all-wcprops; Done.
   C:\Projetos\wagner\KTibiaX\src\Tibia\Tibia\Features\Model\Graphics\_svn\entries; Done.
   C:\Projetos\wagner\KTibiaX\src\Tibia\Tibia\Features\Model\Graphics\_svn\format; Done.
   C:\Projetos\wagner\KTibiaX\src\Tibia\Tibia\Features\Model\Graphics\_svn\text-base\LevelSpy.cs.svn-base; Done.
   C:\Projetos\wagner\KTibiaX\src\Tibia\Tibia\Features\Model\Graphics\_svn\text-base\NameSpy.cs.svn-base; Done.
   C:\Projetos\wagner\KTibiaX\src\Tibia\Tibia\Features\Model\Graphics\_svn\text-base\PathFinder.cs.svn-base; Done.
   C:\Projetos\wagner\KTibiaX\src\Tibia\Tibia\Features\Model\Graphics\_svn\text-base\Sqm.cs.svn-base; Done.
   C:\Projetos\wagner\KTibiaX\src\Tibia\Tibia\Features\Model\Graphics\_svn\text-base\SqmCollection.cs.svn-base; Done.
   C:\Projetos\wagner\KTibiaX\src\Tibia\Tibia\Features\Model\Graphics\_svn\text-base\Tile.cs.svn-base; Done.
   C:\Projetos\wagner\KTibiaX\src\Tibia\Tibia\Features\Model\Graphics\_svn\prop-base; Done.
   C:\Projetos\wagner\KTibiaX\src\Tibia\Tibia\Features\Model\Graphics\_svn\props; Done.
   C:\Projetos\wagner\KTibiaX\src\Tibia\Tibia\Features\Model\Graphics\_svn\text-base; Done.
   C:\Projetos\wagner\KTibiaX\src\Tibia\Tibia\Features\Model\Graphics\_svn\tmp\prop-base; Done.
   C:\Projetos\wagner\KTibiaX\src\Tibia\Tibia\Features\Model\Graphics\_svn\tmp\props; Done.
   C:\Projetos\wagner\KTibiaX\src\Tibia\Tibia\Features\Model\Graphics\_svn\tmp\text-base; Done.
   C:\Projetos\wagner\KTibiaX\src\Tibia\Tibia\Features\Model\Graphics\_svn\tmp; Done.
   C:\Projetos\wagner\KTibiaX\src\Tibia\Tibia\Features\Model\Graphics\_svn; Done.
   C:\Projetos\wagner\KTibiaX\src\Tibia\Tibia\Features\Model\Items\_svn\all-wcprops; Done.
   C:\Projetos\wagner\KTibiaX\src\Tibia\Tibia\Features\Model\Items\_svn\entries; Done.
   C:\Projetos\wagner\KTibiaX\src\Tibia\Tibia\Features\Model\Items\_svn\format; Done.
   C:\Projetos\wagner\KTibiaX\src\Tibia\Tibia\Features\Model\Items\_svn\text-base\BaseItem.cs.svn-base; Done.
   C:\Projetos\wagner\KTibiaX\src\Tibia\Tibia\Features\Model\Items\_svn\text-base\Container.cs.svn-base; Done.
   C:\Projetos\wagner\KTibiaX\src\Tibia\Tibia\Features\Model\Items\_svn\text-base\ContainerCollection.cs.svn-base; Done.
   C:\Projetos\wagner\KTibiaX\src\Tibia\Tibia\Features\Model\Items\_svn\text-base\DatItem.cs.svn-base; Done.
   C:\Projetos\wagner\KTibiaX\src\Tibia\Tibia\Features\Model\Items\_svn\text-base\DatItemFlags.cs.svn-base; Done.
   C:\Projetos\wagner\KTibiaX\src\Tibia\Tibia\Features\Model\Items\_svn\text-base\DatReader.cs.svn-base; Done.
   C:\Projetos\wagner\KTibiaX\src\Tibia\Tibia\Features\Model\Items\_svn\text-base\Item.cs.svn-base; Done.
   C:\Projetos\wagner\KTibiaX\src\Tibia\Tibia\Features\Model\Items\_svn\text-base\Slot.cs.svn-base; Done.
   C:\Projetos\wagner\KTibiaX\src\Tibia\Tibia\Features\Model\Items\_svn\text-base\SlotCollection.cs.svn-base; Done.
   C:\Projetos\wagner\KTibiaX\src\Tibia\Tibia\Features\Model\Items\_svn\prop-base; Done.
   C:\Projetos\wagner\KTibiaX\src\Tibia\Tibia\Features\Model\Items\_svn\props; Done.
   C:\Projetos\wagner\KTibiaX\src\Tibia\Tibia\Features\Model\Items\_svn\text-base; Done.
   C:\Projetos\wagner\KTibiaX\src\Tibia\Tibia\Features\Model\Items\_svn\tmp\prop-base; Done.
   C:\Projetos\wagner\KTibiaX\src\Tibia\Tibia\Features\Model\Items\_svn\tmp\props; Done.
   C:\Projetos\wagner\KTibiaX\src\Tibia\Tibia\Features\Model\Items\_svn\tmp\text-base; Done.
   C:\Projetos\wagner\KTibiaX\src\Tibia\Tibia\Features\Model\Items\_svn\tmp; Done.
   C:\Projetos\wagner\KTibiaX\src\Tibia\Tibia\Features\Model\Items\_svn; Done.
   C:\Projetos\wagner\KTibiaX\src\Tibia\Tibia\Features\Model\List\_svn\all-wcprops; Done.
   C:\Projetos\wagner\KTibiaX\src\Tibia\Tibia\Features\Model\List\_svn\entries; Done.
   C:\Projetos\wagner\KTibiaX\src\Tibia\Tibia\Features\Model\List\_svn\format; Done.
   C:\Projetos\wagner\KTibiaX\src\Tibia\Tibia\Features\Model\List\_svn\text-base\BattleList.cs.svn-base; Done.
   C:\Projetos\wagner\KTibiaX\src\Tibia\Tibia\Features\Model\List\_svn\text-base\VipList.cs.svn-base; Done.
   C:\Projetos\wagner\KTibiaX\src\Tibia\Tibia\Features\Model\List\_svn\prop-base; Done.
   C:\Projetos\wagner\KTibiaX\src\Tibia\Tibia\Features\Model\List\_svn\props; Done.
   C:\Projetos\wagner\KTibiaX\src\Tibia\Tibia\Features\Model\List\_svn\text-base; Done.
   C:\Projetos\wagner\KTibiaX\src\Tibia\Tibia\Features\Model\List\_svn\tmp\prop-base; Done.
   C:\Projetos\wagner\KTibiaX\src\Tibia\Tibia\Features\Model\List\_svn\tmp\props; Done.
   C:\Projetos\wagner\KTibiaX\src\Tibia\Tibia\Features\Model\List\_svn\tmp\text-base; Done.
   C:\Projetos\wagner\KTibiaX\src\Tibia\Tibia\Features\Model\List\_svn\tmp; Done.
   C:\Projetos\wagner\KTibiaX\src\Tibia\Tibia\Features\Model\List\_svn; Done.
   C:\Projetos\wagner\KTibiaX\src\Tibia\Tibia\Features\Model\_svn\all-wcprops; Done.
   C:\Projetos\wagner\KTibiaX\src\Tibia\Tibia\Features\Model\_svn\entries; Done.
   C:\Projetos\wagner\KTibiaX\src\Tibia\Tibia\Features\Model\_svn\format; Done.
   C:\Projetos\wagner\KTibiaX\src\Tibia\Tibia\Features\Model\_svn\prop-base; Done.
   C:\Projetos\wagner\KTibiaX\src\Tibia\Tibia\Features\Model\_svn\props; Done.
   C:\Projetos\wagner\KTibiaX\src\Tibia\Tibia\Features\Model\_svn\text-base; Done.
   C:\Projetos\wagner\KTibiaX\src\Tibia\Tibia\Features\Model\_svn\tmp\prop-base; Done.
   C:\Projetos\wagner\KTibiaX\src\Tibia\Tibia\Features\Model\_svn\tmp\props; Done.
   C:\Projetos\wagner\KTibiaX\src\Tibia\Tibia\Features\Model\_svn\tmp\text-base; Done.
   C:\Projetos\wagner\KTibiaX\src\Tibia\Tibia\Features\Model\_svn\tmp; Done.
   C:\Projetos\wagner\KTibiaX\src\Tibia\Tibia\Features\Model\_svn; Done.
   C:\Projetos\wagner\KTibiaX\src\Tibia\Tibia\Features\Providers\_svn\all-wcprops; Done.
   C:\Projetos\wagner\KTibiaX\src\Tibia\Tibia\Features\Providers\_svn\entries; Done.
   C:\Projetos\wagner\KTibiaX\src\Tibia\Tibia\Features\Providers\_svn\format; Done.
   C:\Projetos\wagner\KTibiaX\src\Tibia\Tibia\Features\Providers\_svn\text-base\ActionProvider.cs.svn-base; Done.
   C:\Projetos\wagner\KTibiaX\src\Tibia\Tibia\Features\Providers\_svn\text-base\FeatureProvider.cs.svn-base; Done.
   C:\Projetos\wagner\KTibiaX\src\Tibia\Tibia\Features\Providers\_svn\text-base\GraphicsProvider.cs.svn-base; Done.
   C:\Projetos\wagner\KTibiaX\src\Tibia\Tibia\Features\Providers\_svn\text-base\MessageProvider.cs.svn-base; Done.
   C:\Projetos\wagner\KTibiaX\src\Tibia\Tibia\Features\Providers\_svn\prop-base; Done.
   C:\Projetos\wagner\KTibiaX\src\Tibia\Tibia\Features\Providers\_svn\props; Done.
   C:\Projetos\wagner\KTibiaX\src\Tibia\Tibia\Features\Providers\_svn\text-base; Done.
   C:\Projetos\wagner\KTibiaX\src\Tibia\Tibia\Features\Providers\_svn\tmp\prop-base; Done.
   C:\Projetos\wagner\KTibiaX\src\Tibia\Tibia\Features\Providers\_svn\tmp\props; Done.
   C:\Projetos\wagner\KTibiaX\src\Tibia\Tibia\Features\Providers\_svn\tmp\text-base; Done.
   C:\Projetos\wagner\KTibiaX\src\Tibia\Tibia\Features\Providers\_svn\tmp; Done.
   C:\Projetos\wagner\KTibiaX\src\Tibia\Tibia\Features\Providers\_svn; Done.
   C:\Projetos\wagner\KTibiaX\src\Tibia\Tibia\Features\Structures\_svn\all-wcprops; Done.
   C:\Projetos\wagner\KTibiaX\src\Tibia\Tibia\Features\Structures\_svn\entries; Done.
   C:\Projetos\wagner\KTibiaX\src\Tibia\Tibia\Features\Structures\_svn\format; Done.
   C:\Projetos\wagner\KTibiaX\src\Tibia\Tibia\Features\Structures\_svn\text-base\AttackMode.cs.svn-base; Done.
   C:\Projetos\wagner\KTibiaX\src\Tibia\Tibia\Features\Structures\_svn\text-base\Distance.cs.svn-base; Done.
   C:\Projetos\wagner\KTibiaX\src\Tibia\Tibia\Features\Structures\_svn\text-base\Flags.cs.svn-base; Done.
   C:\Projetos\wagner\KTibiaX\src\Tibia\Tibia\Features\Structures\_svn\text-base\Light.cs.svn-base; Done.
   C:\Projetos\wagner\KTibiaX\src\Tibia\Tibia\Features\Structures\_svn\text-base\Location.cs.svn-base; Done.
   C:\Projetos\wagner\KTibiaX\src\Tibia\Tibia\Features\Structures\_svn\text-base\PointsLeft.cs.svn-base; Done.
   C:\Projetos\wagner\KTibiaX\src\Tibia\Tibia\Features\Structures\_svn\text-base\PointsMax.cs.svn-base; Done.
   C:\Projetos\wagner\KTibiaX\src\Tibia\Tibia\Features\Structures\_svn\text-base\Range.cs.svn-base; Done.
   C:\Projetos\wagner\KTibiaX\src\Tibia\Tibia\Features\Structures\_svn\prop-base; Done.
   C:\Projetos\wagner\KTibiaX\src\Tibia\Tibia\Features\Structures\_svn\props; Done.
   C:\Projetos\wagner\KTibiaX\src\Tibia\Tibia\Features\Structures\_svn\text-base; Done.
   C:\Projetos\wagner\KTibiaX\src\Tibia\Tibia\Features\Structures\_svn\tmp\prop-base; Done.
   C:\Projetos\wagner\KTibiaX\src\Tibia\Tibia\Features\Structures\_svn\tmp\props; Done.
   C:\Projetos\wagner\KTibiaX\src\Tibia\Tibia\Features\Structures\_svn\tmp\text-base; Done.
   C:\Projetos\wagner\KTibiaX\src\Tibia\Tibia\Features\Structures\_svn\tmp; Done.
   C:\Projetos\wagner\KTibiaX\src\Tibia\Tibia\Features\Structures\_svn; Done.
   C:\Projetos\wagner\KTibiaX\src\Tibia\Tibia\Memory\Address\Contracts\_svn\all-wcprops; Done.
   C:\Projetos\wagner\KTibiaX\src\Tibia\Tibia\Memory\Address\Contracts\_svn\entries; Done.
   C:\Projetos\wagner\KTibiaX\src\Tibia\Tibia\Memory\Address\Contracts\_svn\format; Done.
   C:\Projetos\wagner\KTibiaX\src\Tibia\Tibia\Memory\Address\Contracts\_svn\text-base\IBattleList.cs.svn-base; Done.
   C:\Projetos\wagner\KTibiaX\src\Tibia\Tibia\Memory\Address\Contracts\_svn\text-base\IClient.cs.svn-base; Done.
   C:\Projetos\wagner\KTibiaX\src\Tibia\Tibia\Memory\Address\Contracts\_svn\text-base\IContainers.cs.svn-base; Done.
   C:\Projetos\wagner\KTibiaX\src\Tibia\Tibia\Memory\Address\Contracts\_svn\text-base\ICreature.cs.svn-base; Done.
   C:\Projetos\wagner\KTibiaX\src\Tibia\Tibia\Memory\Address\Contracts\_svn\text-base\IDatItem.cs.svn-base; Done.
   C:\Projetos\wagner\KTibiaX\src\Tibia\Tibia\Memory\Address\Contracts\_svn\text-base\IInventory.cs.svn-base; Done.
   C:\Projetos\wagner\KTibiaX\src\Tibia\Tibia\Memory\Address\Contracts\_svn\text-base\IMap.cs.svn-base; Done.
   C:\Projetos\wagner\KTibiaX\src\Tibia\Tibia\Memory\Address\Contracts\_svn\text-base\IPlayer.cs.svn-base; Done.
   C:\Projetos\wagner\KTibiaX\src\Tibia\Tibia\Memory\Address\Contracts\_svn\text-base\ISkills.cs.svn-base; Done.
   C:\Projetos\wagner\KTibiaX\src\Tibia\Tibia\Memory\Address\Contracts\_svn\text-base\ISpyLevel.cs.svn-base; Done.
   C:\Projetos\wagner\KTibiaX\src\Tibia\Tibia\Memory\Address\Contracts\_svn\text-base\IVipList.cs.svn-base; Done.
   C:\Projetos\wagner\KTibiaX\src\Tibia\Tibia\Memory\Address\Contracts\_svn\prop-base; Done.
   C:\Projetos\wagner\KTibiaX\src\Tibia\Tibia\Memory\Address\Contracts\_svn\props; Done.
   C:\Projetos\wagner\KTibiaX\src\Tibia\Tibia\Memory\Address\Contracts\_svn\text-base; Done.
   C:\Projetos\wagner\KTibiaX\src\Tibia\Tibia\Memory\Address\Contracts\_svn\tmp\prop-base; Done.
   C:\Projetos\wagner\KTibiaX\src\Tibia\Tibia\Memory\Address\Contracts\_svn\tmp\props; Done.
   C:\Projetos\wagner\KTibiaX\src\Tibia\Tibia\Memory\Address\Contracts\_svn\tmp\text-base; Done.
   C:\Projetos\wagner\KTibiaX\src\Tibia\Tibia\Memory\Address\Contracts\_svn\tmp; Done.
   C:\Projetos\wagner\KTibiaX\src\Tibia\Tibia\Memory\Address\Contracts\_svn; Done.
   C:\Projetos\wagner\KTibiaX\src\Tibia\Tibia\Memory\Address\_svn\all-wcprops; Done.
   C:\Projetos\wagner\KTibiaX\src\Tibia\Tibia\Memory\Address\_svn\entries; Done.
   C:\Projetos\wagner\KTibiaX\src\Tibia\Tibia\Memory\Address\_svn\format; Done.
   C:\Projetos\wagner\KTibiaX\src\Tibia\Tibia\Memory\Address\_svn\text-base\BattleList.cs.svn-base; Done.
   C:\Projetos\wagner\KTibiaX\src\Tibia\Tibia\Memory\Address\_svn\text-base\Client.cs.svn-base; Done.
   C:\Projetos\wagner\KTibiaX\src\Tibia\Tibia\Memory\Address\_svn\text-base\Containers.cs.svn-base; Done.
   C:\Projetos\wagner\KTibiaX\src\Tibia\Tibia\Memory\Address\_svn\text-base\Creature.cs.svn-base; Done.
   C:\Projetos\wagner\KTibiaX\src\Tibia\Tibia\Memory\Address\_svn\text-base\DatItem.cs.svn-base; Done.
   C:\Projetos\wagner\KTibiaX\src\Tibia\Tibia\Memory\Address\_svn\text-base\Inventory.cs.svn-base; Done.
   C:\Projetos\wagner\KTibiaX\src\Tibia\Tibia\Memory\Address\_svn\text-base\Map.cs.svn-base; Done.
   C:\Projetos\wagner\KTibiaX\src\Tibia\Tibia\Memory\Address\_svn\text-base\Player.cs.svn-base; Done.
   C:\Projetos\wagner\KTibiaX\src\Tibia\Tibia\Memory\Address\_svn\text-base\Skills.cs.svn-base; Done.
   C:\Projetos\wagner\KTibiaX\src\Tibia\Tibia\Memory\Address\_svn\text-base\SpyLevel.cs.svn-base; Done.
   C:\Projetos\wagner\KTibiaX\src\Tibia\Tibia\Memory\Address\_svn\text-base\VipList.cs.svn-base; Done.
   C:\Projetos\wagner\KTibiaX\src\Tibia\Tibia\Memory\Address\_svn\prop-base; Done.
   C:\Projetos\wagner\KTibiaX\src\Tibia\Tibia\Memory\Address\_svn\props; Done.
   C:\Projetos\wagner\KTibiaX\src\Tibia\Tibia\Memory\Address\_svn\text-base; Done.
   C:\Projetos\wagner\KTibiaX\src\Tibia\Tibia\Memory\Address\_svn\tmp\prop-base; Done.
   C:\Projetos\wagner\KTibiaX\src\Tibia\Tibia\Memory\Address\_svn\tmp\props; Done.
   C:\Projetos\wagner\KTibiaX\src\Tibia\Tibia\Memory\Address\_svn\tmp\text-base; Done.
   C:\Projetos\wagner\KTibiaX\src\Tibia\Tibia\Memory\Address\_svn\tmp; Done.
   C:\Projetos\wagner\KTibiaX\src\Tibia\Tibia\Memory\Address\_svn; Done.
   C:\Projetos\wagner\KTibiaX\src\Tibia\Tibia\_svn\entries; Done.
   C:\Projetos\wagner\KTibiaX\src\Tibia\Tibia\_svn\format; Done.
   C:\Projetos\wagner\KTibiaX\src\Tibia\Tibia\_svn\lock; Done.
   C:\Projetos\wagner\KTibiaX\src\Tibia\Tibia\_svn\prop-base; Done.
   C:\Projetos\wagner\KTibiaX\src\Tibia\Tibia\_svn\props; Done.
   C:\Projetos\wagner\KTibiaX\src\Tibia\Tibia\_svn\text-base; Done.
   C:\Projetos\wagner\KTibiaX\src\Tibia\Tibia\_svn\tmp\prop-base; Done.
   C:\Projetos\wagner\KTibiaX\src\Tibia\Tibia\_svn\tmp\props; Done.
   C:\Projetos\wagner\KTibiaX\src\Tibia\Tibia\_svn\tmp\text-base; Done.
   C:\Projetos\wagner\KTibiaX\src\Tibia\Tibia\_svn\tmp; Done.
   C:\Projetos\wagner\KTibiaX\src\Tibia\Tibia\_svn; Done.
[§][Done!]

[§][Done!][sexta-feira, 8 de maio de 2009 16:49:31]


║                                                                           ║
║      Elapsed Time.: 00:00:05.3125000      SVN Files.....: 00424           ║
║      Backup.......: 00000 Files           Old Backup....: 00000           ║
║                                           ---------------------           ║
║                                           Total Deleted.: 00424           ║
║                                                                           ║
╠═══════════════════════════════════════════════════════════════════════════╣
║                                                                           ║
║             Contact info: http://code.google.com/p/svncleaner/             ║
║                                                                           ║
║                             SVNCleaner® 2008                              ║
╚═══════════════════════════════════════════════════════════════════════════╝
