╔═══════════════════════════════════════════════════════════════════════════╗
║                                                                           ║
║                                  ..:§:..                                  ║
║   ╔══════════════════════════════════════════════════════════════════╗    ║
║   ║    Log file generated by SVN Directory Cleaner v1.0.3230.31928   ║    ║
║   ╚══════════════════════════════════════════════════════════════════╝    ║
║                                                                           ║
║   Date.......: 15/07/2009                                                 ║
║   Files......: 00406 Files.                                               ║ 
║   References.: 00274 SVN Rererences.                                      ║
║                                                                           ║
║                                                                           ║
╠═══════════════════════════════════════════════════════════════════════════╣
║                                                                           ║

[§][Start Clean Actions]
   C:\Projetos\wagner\KTibiaX\src\Support

[§][Deleting Old Backup].[§][Done!]

[§][Creating Backup].[§][Done!]

[§][Cleaning Root Directory].[quarta-feira, 15 de julho de 2009 12:26:02]
   C:\Projetos\wagner\KTibiaX\src\Support\Keyrox.Infra\Logger\_svn\all-wcprops; Done.
   C:\Projetos\wagner\KTibiaX\src\Support\Keyrox.Infra\Logger\_svn\entries; Done.
   C:\Projetos\wagner\KTibiaX\src\Support\Keyrox.Infra\Logger\_svn\format; Done.
   C:\Projetos\wagner\KTibiaX\src\Support\Keyrox.Infra\Logger\_svn\text-base\ILog.cs.svn-base; Done.
   C:\Projetos\wagner\KTibiaX\src\Support\Keyrox.Infra\Logger\_svn\text-base\Log.cs.svn-base; Done.
   C:\Projetos\wagner\KTibiaX\src\Support\Keyrox.Infra\Logger\_svn\text-base\LogEventArgs.cs.svn-base; Done.
   C:\Projetos\wagner\KTibiaX\src\Support\Keyrox.Infra\Logger\_svn\text-base\LogInterceptor.cs.svn-base; Done.
   C:\Projetos\wagner\KTibiaX\src\Support\Keyrox.Infra\Logger\_svn\prop-base; Done.
   C:\Projetos\wagner\KTibiaX\src\Support\Keyrox.Infra\Logger\_svn\props; Done.
   C:\Projetos\wagner\KTibiaX\src\Support\Keyrox.Infra\Logger\_svn\text-base; Done.
   C:\Projetos\wagner\KTibiaX\src\Support\Keyrox.Infra\Logger\_svn\tmp\prop-base; Done.
   C:\Projetos\wagner\KTibiaX\src\Support\Keyrox.Infra\Logger\_svn\tmp\props; Done.
   C:\Projetos\wagner\KTibiaX\src\Support\Keyrox.Infra\Logger\_svn\tmp\text-base; Done.
   C:\Projetos\wagner\KTibiaX\src\Support\Keyrox.Infra\Logger\_svn\tmp; Done.
   C:\Projetos\wagner\KTibiaX\src\Support\Keyrox.Infra\Logger\_svn; Done.
   C:\Projetos\wagner\KTibiaX\src\Support\Keyrox.Infra\Manager\_svn\all-wcprops; Done.
   C:\Projetos\wagner\KTibiaX\src\Support\Keyrox.Infra\Manager\_svn\entries; Done.
   C:\Projetos\wagner\KTibiaX\src\Support\Keyrox.Infra\Manager\_svn\format; Done.
   C:\Projetos\wagner\KTibiaX\src\Support\Keyrox.Infra\Manager\_svn\text-base\IManagerBase.cs.svn-base; Done.
   C:\Projetos\wagner\KTibiaX\src\Support\Keyrox.Infra\Manager\_svn\text-base\ManagerBase.cs.svn-base; Done.
   C:\Projetos\wagner\KTibiaX\src\Support\Keyrox.Infra\Manager\_svn\prop-base; Done.
   C:\Projetos\wagner\KTibiaX\src\Support\Keyrox.Infra\Manager\_svn\props; Done.
   C:\Projetos\wagner\KTibiaX\src\Support\Keyrox.Infra\Manager\_svn\text-base; Done.
   C:\Projetos\wagner\KTibiaX\src\Support\Keyrox.Infra\Manager\_svn\tmp\prop-base; Done.
   C:\Projetos\wagner\KTibiaX\src\Support\Keyrox.Infra\Manager\_svn\tmp\props; Done.
   C:\Projetos\wagner\KTibiaX\src\Support\Keyrox.Infra\Manager\_svn\tmp\text-base; Done.
   C:\Projetos\wagner\KTibiaX\src\Support\Keyrox.Infra\Manager\_svn\tmp; Done.
   C:\Projetos\wagner\KTibiaX\src\Support\Keyrox.Infra\Manager\_svn; Done.
   C:\Projetos\wagner\KTibiaX\src\Support\Keyrox.Infra\Properties\_svn\all-wcprops; Done.
   C:\Projetos\wagner\KTibiaX\src\Support\Keyrox.Infra\Properties\_svn\entries; Done.
   C:\Projetos\wagner\KTibiaX\src\Support\Keyrox.Infra\Properties\_svn\format; Done.
   C:\Projetos\wagner\KTibiaX\src\Support\Keyrox.Infra\Properties\_svn\text-base\AssemblyInfo.cs.svn-base; Done.
   C:\Projetos\wagner\KTibiaX\src\Support\Keyrox.Infra\Properties\_svn\text-base\LogHeader.txt.svn-base; Done.
   C:\Projetos\wagner\KTibiaX\src\Support\Keyrox.Infra\Properties\_svn\text-base\Resources.Designer.cs.svn-base; Done.
   C:\Projetos\wagner\KTibiaX\src\Support\Keyrox.Infra\Properties\_svn\text-base\Resources.resx.svn-base; Done.
   C:\Projetos\wagner\KTibiaX\src\Support\Keyrox.Infra\Properties\_svn\text-base\Settings.Designer.cs.svn-base; Done.
   C:\Projetos\wagner\KTibiaX\src\Support\Keyrox.Infra\Properties\_svn\text-base\Settings.settings.svn-base; Done.
   C:\Projetos\wagner\KTibiaX\src\Support\Keyrox.Infra\Properties\_svn\prop-base; Done.
   C:\Projetos\wagner\KTibiaX\src\Support\Keyrox.Infra\Properties\_svn\props; Done.
   C:\Projetos\wagner\KTibiaX\src\Support\Keyrox.Infra\Properties\_svn\text-base; Done.
   C:\Projetos\wagner\KTibiaX\src\Support\Keyrox.Infra\Properties\_svn\tmp\prop-base; Done.
   C:\Projetos\wagner\KTibiaX\src\Support\Keyrox.Infra\Properties\_svn\tmp\props; Done.
   C:\Projetos\wagner\KTibiaX\src\Support\Keyrox.Infra\Properties\_svn\tmp\text-base; Done.
   C:\Projetos\wagner\KTibiaX\src\Support\Keyrox.Infra\Properties\_svn\tmp; Done.
   C:\Projetos\wagner\KTibiaX\src\Support\Keyrox.Infra\Properties\_svn; Done.
   C:\Projetos\wagner\KTibiaX\src\Support\Keyrox.Infra\Repository\_svn\all-wcprops; Done.
   C:\Projetos\wagner\KTibiaX\src\Support\Keyrox.Infra\Repository\_svn\entries; Done.
   C:\Projetos\wagner\KTibiaX\src\Support\Keyrox.Infra\Repository\_svn\format; Done.
   C:\Projetos\wagner\KTibiaX\src\Support\Keyrox.Infra\Repository\_svn\text-base\IRepositoryBase.cs.svn-base; Done.
   C:\Projetos\wagner\KTibiaX\src\Support\Keyrox.Infra\Repository\_svn\text-base\RepositoryBase.cs.svn-base; Done.
   C:\Projetos\wagner\KTibiaX\src\Support\Keyrox.Infra\Repository\_svn\prop-base; Done.
   C:\Projetos\wagner\KTibiaX\src\Support\Keyrox.Infra\Repository\_svn\props; Done.
   C:\Projetos\wagner\KTibiaX\src\Support\Keyrox.Infra\Repository\_svn\text-base; Done.
   C:\Projetos\wagner\KTibiaX\src\Support\Keyrox.Infra\Repository\_svn\tmp\prop-base; Done.
   C:\Projetos\wagner\KTibiaX\src\Support\Keyrox.Infra\Repository\_svn\tmp\props; Done.
   C:\Projetos\wagner\KTibiaX\src\Support\Keyrox.Infra\Repository\_svn\tmp\text-base; Done.
   C:\Projetos\wagner\KTibiaX\src\Support\Keyrox.Infra\Repository\_svn\tmp; Done.
   C:\Projetos\wagner\KTibiaX\src\Support\Keyrox.Infra\Repository\_svn; Done.
   C:\Projetos\wagner\KTibiaX\src\Support\Keyrox.Infra\Service\_svn\all-wcprops; Done.
   C:\Projetos\wagner\KTibiaX\src\Support\Keyrox.Infra\Service\_svn\entries; Done.
   C:\Projetos\wagner\KTibiaX\src\Support\Keyrox.Infra\Service\_svn\format; Done.
   C:\Projetos\wagner\KTibiaX\src\Support\Keyrox.Infra\Service\_svn\text-base\IServiceBase.cs.svn-base; Done.
   C:\Projetos\wagner\KTibiaX\src\Support\Keyrox.Infra\Service\_svn\text-base\ServiceBase.cs.svn-base; Done.
   C:\Projetos\wagner\KTibiaX\src\Support\Keyrox.Infra\Service\_svn\prop-base; Done.
   C:\Projetos\wagner\KTibiaX\src\Support\Keyrox.Infra\Service\_svn\props; Done.
   C:\Projetos\wagner\KTibiaX\src\Support\Keyrox.Infra\Service\_svn\text-base; Done.
   C:\Projetos\wagner\KTibiaX\src\Support\Keyrox.Infra\Service\_svn\tmp\prop-base; Done.
   C:\Projetos\wagner\KTibiaX\src\Support\Keyrox.Infra\Service\_svn\tmp\props; Done.
   C:\Projetos\wagner\KTibiaX\src\Support\Keyrox.Infra\Service\_svn\tmp\text-base; Done.
   C:\Projetos\wagner\KTibiaX\src\Support\Keyrox.Infra\Service\_svn\tmp; Done.
   C:\Projetos\wagner\KTibiaX\src\Support\Keyrox.Infra\Service\_svn; Done.
   C:\Projetos\wagner\KTibiaX\src\Support\Keyrox.Infra\Session\_svn\all-wcprops; Done.
   C:\Projetos\wagner\KTibiaX\src\Support\Keyrox.Infra\Session\_svn\entries; Done.
   C:\Projetos\wagner\KTibiaX\src\Support\Keyrox.Infra\Session\_svn\format; Done.
   C:\Projetos\wagner\KTibiaX\src\Support\Keyrox.Infra\Session\_svn\text-base\ISession.cs.svn-base; Done.
   C:\Projetos\wagner\KTibiaX\src\Support\Keyrox.Infra\Session\_svn\text-base\ISessionProvider.cs.svn-base; Done.
   C:\Projetos\wagner\KTibiaX\src\Support\Keyrox.Infra\Session\_svn\text-base\Session.cs.svn-base; Done.
   C:\Projetos\wagner\KTibiaX\src\Support\Keyrox.Infra\Session\_svn\text-base\SessionProvider.cs.svn-base; Done.
   C:\Projetos\wagner\KTibiaX\src\Support\Keyrox.Infra\Session\_svn\prop-base; Done.
   C:\Projetos\wagner\KTibiaX\src\Support\Keyrox.Infra\Session\_svn\props; Done.
   C:\Projetos\wagner\KTibiaX\src\Support\Keyrox.Infra\Session\_svn\text-base; Done.
   C:\Projetos\wagner\KTibiaX\src\Support\Keyrox.Infra\Session\_svn\tmp\prop-base; Done.
   C:\Projetos\wagner\KTibiaX\src\Support\Keyrox.Infra\Session\_svn\tmp\props; Done.
   C:\Projetos\wagner\KTibiaX\src\Support\Keyrox.Infra\Session\_svn\tmp\text-base; Done.
   C:\Projetos\wagner\KTibiaX\src\Support\Keyrox.Infra\Session\_svn\tmp; Done.
   C:\Projetos\wagner\KTibiaX\src\Support\Keyrox.Infra\Session\_svn; Done.
   C:\Projetos\wagner\KTibiaX\src\Support\Keyrox.Infra\Transaction\_svn\all-wcprops; Done.
   C:\Projetos\wagner\KTibiaX\src\Support\Keyrox.Infra\Transaction\_svn\entries; Done.
   C:\Projetos\wagner\KTibiaX\src\Support\Keyrox.Infra\Transaction\_svn\format; Done.
   C:\Projetos\wagner\KTibiaX\src\Support\Keyrox.Infra\Transaction\_svn\text-base\TraceListenerType.cs.svn-base; Done.
   C:\Projetos\wagner\KTibiaX\src\Support\Keyrox.Infra\Transaction\_svn\text-base\TraceListner.cs.svn-base; Done.
   C:\Projetos\wagner\KTibiaX\src\Support\Keyrox.Infra\Transaction\_svn\text-base\TransactionScope.cs.svn-base; Done.
   C:\Projetos\wagner\KTibiaX\src\Support\Keyrox.Infra\Transaction\_svn\prop-base; Done.
   C:\Projetos\wagner\KTibiaX\src\Support\Keyrox.Infra\Transaction\_svn\props; Done.
   C:\Projetos\wagner\KTibiaX\src\Support\Keyrox.Infra\Transaction\_svn\text-base; Done.
   C:\Projetos\wagner\KTibiaX\src\Support\Keyrox.Infra\Transaction\_svn\tmp\prop-base; Done.
   C:\Projetos\wagner\KTibiaX\src\Support\Keyrox.Infra\Transaction\_svn\tmp\props; Done.
   C:\Projetos\wagner\KTibiaX\src\Support\Keyrox.Infra\Transaction\_svn\tmp\text-base; Done.
   C:\Projetos\wagner\KTibiaX\src\Support\Keyrox.Infra\Transaction\_svn\tmp; Done.
   C:\Projetos\wagner\KTibiaX\src\Support\Keyrox.Infra\Transaction\_svn; Done.
   C:\Projetos\wagner\KTibiaX\src\Support\Keyrox.Infra\_svn\all-wcprops; Done.
   C:\Projetos\wagner\KTibiaX\src\Support\Keyrox.Infra\_svn\entries; Done.
   C:\Projetos\wagner\KTibiaX\src\Support\Keyrox.Infra\_svn\format; Done.
   C:\Projetos\wagner\KTibiaX\src\Support\Keyrox.Infra\_svn\text-base\app.config.svn-base; Done.
   C:\Projetos\wagner\KTibiaX\src\Support\Keyrox.Infra\_svn\text-base\Domain.cs.svn-base; Done.
   C:\Projetos\wagner\KTibiaX\src\Support\Keyrox.Infra\_svn\text-base\Extensions.cs.svn-base; Done.
   C:\Projetos\wagner\KTibiaX\src\Support\Keyrox.Infra\_svn\text-base\Keyrox.Infra.csproj.svn-base; Done.
   C:\Projetos\wagner\KTibiaX\src\Support\Keyrox.Infra\_svn\text-base\KTibiaX.Infra.sln.svn-base; Done.
   C:\Projetos\wagner\KTibiaX\src\Support\Keyrox.Infra\_svn\text-base\Program.cs.svn-base; Done.
   C:\Projetos\wagner\KTibiaX\src\Support\Keyrox.Infra\_svn\prop-base; Done.
   C:\Projetos\wagner\KTibiaX\src\Support\Keyrox.Infra\_svn\props; Done.
   C:\Projetos\wagner\KTibiaX\src\Support\Keyrox.Infra\_svn\text-base; Done.
   C:\Projetos\wagner\KTibiaX\src\Support\Keyrox.Infra\_svn\tmp\prop-base; Done.
   C:\Projetos\wagner\KTibiaX\src\Support\Keyrox.Infra\_svn\tmp\props; Done.
   C:\Projetos\wagner\KTibiaX\src\Support\Keyrox.Infra\_svn\tmp\text-base; Done.
   C:\Projetos\wagner\KTibiaX\src\Support\Keyrox.Infra\_svn\tmp; Done.
   C:\Projetos\wagner\KTibiaX\src\Support\Keyrox.Infra\_svn; Done.
   C:\Projetos\wagner\KTibiaX\src\Support\Keyrox.Shared\Controls\_svn\all-wcprops; Done.
   C:\Projetos\wagner\KTibiaX\src\Support\Keyrox.Shared\Controls\_svn\entries; Done.
   C:\Projetos\wagner\KTibiaX\src\Support\Keyrox.Shared\Controls\_svn\format; Done.
   C:\Projetos\wagner\KTibiaX\src\Support\Keyrox.Shared\Controls\_svn\text-base\Callback.cs.svn-base; Done.
   C:\Projetos\wagner\KTibiaX\src\Support\Keyrox.Shared\Controls\_svn\text-base\MethodCall.cs.svn-base; Done.
   C:\Projetos\wagner\KTibiaX\src\Support\Keyrox.Shared\Controls\_svn\text-base\Output.cs.svn-base; Done.
   C:\Projetos\wagner\KTibiaX\src\Support\Keyrox.Shared\Controls\_svn\text-base\Sound.cs.svn-base; Done.
   C:\Projetos\wagner\KTibiaX\src\Support\Keyrox.Shared\Controls\_svn\text-base\TemporalThread.cs.svn-base; Done.
   C:\Projetos\wagner\KTibiaX\src\Support\Keyrox.Shared\Controls\_svn\text-base\TemporalTimer.cs.svn-base; Done.
   C:\Projetos\wagner\KTibiaX\src\Support\Keyrox.Shared\Controls\_svn\prop-base; Done.
   C:\Projetos\wagner\KTibiaX\src\Support\Keyrox.Shared\Controls\_svn\props; Done.
   C:\Projetos\wagner\KTibiaX\src\Support\Keyrox.Shared\Controls\_svn\text-base; Done.
   C:\Projetos\wagner\KTibiaX\src\Support\Keyrox.Shared\Controls\_svn\tmp\prop-base; Done.
   C:\Projetos\wagner\KTibiaX\src\Support\Keyrox.Shared\Controls\_svn\tmp\props; Done.
   C:\Projetos\wagner\KTibiaX\src\Support\Keyrox.Shared\Controls\_svn\tmp\text-base; Done.
   C:\Projetos\wagner\KTibiaX\src\Support\Keyrox.Shared\Controls\_svn\tmp; Done.
   C:\Projetos\wagner\KTibiaX\src\Support\Keyrox.Shared\Controls\_svn; Done.
   C:\Projetos\wagner\KTibiaX\src\Support\Keyrox.Shared\Converters\_svn\all-wcprops; Done.
   C:\Projetos\wagner\KTibiaX\src\Support\Keyrox.Shared\Converters\_svn\entries; Done.
   C:\Projetos\wagner\KTibiaX\src\Support\Keyrox.Shared\Converters\_svn\format; Done.
   C:\Projetos\wagner\KTibiaX\src\Support\Keyrox.Shared\Converters\_svn\text-base\HexConverter.cs.svn-base; Done.
   C:\Projetos\wagner\KTibiaX\src\Support\Keyrox.Shared\Converters\_svn\prop-base; Done.
   C:\Projetos\wagner\KTibiaX\src\Support\Keyrox.Shared\Converters\_svn\props; Done.
   C:\Projetos\wagner\KTibiaX\src\Support\Keyrox.Shared\Converters\_svn\text-base; Done.
   C:\Projetos\wagner\KTibiaX\src\Support\Keyrox.Shared\Converters\_svn\tmp\prop-base; Done.
   C:\Projetos\wagner\KTibiaX\src\Support\Keyrox.Shared\Converters\_svn\tmp\props; Done.
   C:\Projetos\wagner\KTibiaX\src\Support\Keyrox.Shared\Converters\_svn\tmp\text-base; Done.
   C:\Projetos\wagner\KTibiaX\src\Support\Keyrox.Shared\Converters\_svn\tmp; Done.
   C:\Projetos\wagner\KTibiaX\src\Support\Keyrox.Shared\Converters\_svn; Done.
   C:\Projetos\wagner\KTibiaX\src\Support\Keyrox.Shared\Criptography\Contracts\_svn\all-wcprops; Done.
   C:\Projetos\wagner\KTibiaX\src\Support\Keyrox.Shared\Criptography\Contracts\_svn\entries; Done.
   C:\Projetos\wagner\KTibiaX\src\Support\Keyrox.Shared\Criptography\Contracts\_svn\format; Done.
   C:\Projetos\wagner\KTibiaX\src\Support\Keyrox.Shared\Criptography\Contracts\_svn\text-base\ICriptoProvider.cs.svn-base; Done.
   C:\Projetos\wagner\KTibiaX\src\Support\Keyrox.Shared\Criptography\Contracts\_svn\prop-base; Done.
   C:\Projetos\wagner\KTibiaX\src\Support\Keyrox.Shared\Criptography\Contracts\_svn\props; Done.
   C:\Projetos\wagner\KTibiaX\src\Support\Keyrox.Shared\Criptography\Contracts\_svn\text-base; Done.
   C:\Projetos\wagner\KTibiaX\src\Support\Keyrox.Shared\Criptography\Contracts\_svn\tmp\prop-base; Done.
   C:\Projetos\wagner\KTibiaX\src\Support\Keyrox.Shared\Criptography\Contracts\_svn\tmp\props; Done.
   C:\Projetos\wagner\KTibiaX\src\Support\Keyrox.Shared\Criptography\Contracts\_svn\tmp\text-base; Done.
   C:\Projetos\wagner\KTibiaX\src\Support\Keyrox.Shared\Criptography\Contracts\_svn\tmp; Done.
   C:\Projetos\wagner\KTibiaX\src\Support\Keyrox.Shared\Criptography\Contracts\_svn; Done.
   C:\Projetos\wagner\KTibiaX\src\Support\Keyrox.Shared\Criptography\_svn\all-wcprops; Done.
   C:\Projetos\wagner\KTibiaX\src\Support\Keyrox.Shared\Criptography\_svn\entries; Done.
   C:\Projetos\wagner\KTibiaX\src\Support\Keyrox.Shared\Criptography\_svn\format; Done.
   C:\Projetos\wagner\KTibiaX\src\Support\Keyrox.Shared\Criptography\_svn\text-base\Adler32.cs.svn-base; Done.
   C:\Projetos\wagner\KTibiaX\src\Support\Keyrox.Shared\Criptography\_svn\text-base\RSA.cs.svn-base; Done.
   C:\Projetos\wagner\KTibiaX\src\Support\Keyrox.Shared\Criptography\_svn\text-base\XTeaCheckSum.cs.svn-base; Done.
   C:\Projetos\wagner\KTibiaX\src\Support\Keyrox.Shared\Criptography\_svn\prop-base; Done.
   C:\Projetos\wagner\KTibiaX\src\Support\Keyrox.Shared\Criptography\_svn\props; Done.
   C:\Projetos\wagner\KTibiaX\src\Support\Keyrox.Shared\Criptography\_svn\text-base; Done.
   C:\Projetos\wagner\KTibiaX\src\Support\Keyrox.Shared\Criptography\_svn\tmp\prop-base; Done.
   C:\Projetos\wagner\KTibiaX\src\Support\Keyrox.Shared\Criptography\_svn\tmp\props; Done.
   C:\Projetos\wagner\KTibiaX\src\Support\Keyrox.Shared\Criptography\_svn\tmp\text-base; Done.
   C:\Projetos\wagner\KTibiaX\src\Support\Keyrox.Shared\Criptography\_svn\tmp; Done.
   C:\Projetos\wagner\KTibiaX\src\Support\Keyrox.Shared\Criptography\_svn; Done.
   C:\Projetos\wagner\KTibiaX\src\Support\Keyrox.Shared\Extensions\_svn\all-wcprops; Done.
   C:\Projetos\wagner\KTibiaX\src\Support\Keyrox.Shared\Extensions\_svn\entries; Done.
   C:\Projetos\wagner\KTibiaX\src\Support\Keyrox.Shared\Extensions\_svn\format; Done.
   C:\Projetos\wagner\KTibiaX\src\Support\Keyrox.Shared\Extensions\_svn\text-base\Bytes.cs.svn-base; Done.
   C:\Projetos\wagner\KTibiaX\src\Support\Keyrox.Shared\Extensions\_svn\text-base\Collections.cs.svn-base; Done.
   C:\Projetos\wagner\KTibiaX\src\Support\Keyrox.Shared\Extensions\_svn\text-base\Cryptographer.cs.svn-base; Done.
   C:\Projetos\wagner\KTibiaX\src\Support\Keyrox.Shared\Extensions\_svn\text-base\Culture.cs.svn-base; Done.
   C:\Projetos\wagner\KTibiaX\src\Support\Keyrox.Shared\Extensions\_svn\text-base\DateTime.cs.svn-base; Done.
   C:\Projetos\wagner\KTibiaX\src\Support\Keyrox.Shared\Extensions\_svn\text-base\Enumerators.cs.svn-base; Done.
   C:\Projetos\wagner\KTibiaX\src\Support\Keyrox.Shared\Extensions\_svn\text-base\Files.cs.svn-base; Done.
   C:\Projetos\wagner\KTibiaX\src\Support\Keyrox.Shared\Extensions\_svn\text-base\Hexadecimal.cs.svn-base; Done.
   C:\Projetos\wagner\KTibiaX\src\Support\Keyrox.Shared\Extensions\_svn\text-base\Network.cs.svn-base; Done.
   C:\Projetos\wagner\KTibiaX\src\Support\Keyrox.Shared\Extensions\_svn\text-base\Objects.cs.svn-base; Done.
   C:\Projetos\wagner\KTibiaX\src\Support\Keyrox.Shared\Extensions\_svn\text-base\WindowsAPI.cs.svn-base; Done.
   C:\Projetos\wagner\KTibiaX\src\Support\Keyrox.Shared\Extensions\_svn\text-base\WinProcess.cs.svn-base; Done.
   C:\Projetos\wagner\KTibiaX\src\Support\Keyrox.Shared\Extensions\_svn\prop-base; Done.
   C:\Projetos\wagner\KTibiaX\src\Support\Keyrox.Shared\Extensions\_svn\props; Done.
   C:\Projetos\wagner\KTibiaX\src\Support\Keyrox.Shared\Extensions\_svn\text-base; Done.
   C:\Projetos\wagner\KTibiaX\src\Support\Keyrox.Shared\Extensions\_svn\tmp\prop-base; Done.
   C:\Projetos\wagner\KTibiaX\src\Support\Keyrox.Shared\Extensions\_svn\tmp\props; Done.
   C:\Projetos\wagner\KTibiaX\src\Support\Keyrox.Shared\Extensions\_svn\tmp\text-base; Done.
   C:\Projetos\wagner\KTibiaX\src\Support\Keyrox.Shared\Extensions\_svn\tmp; Done.
   C:\Projetos\wagner\KTibiaX\src\Support\Keyrox.Shared\Extensions\_svn; Done.
   C:\Projetos\wagner\KTibiaX\src\Support\Keyrox.Shared\Memory\_svn\all-wcprops; Done.
   C:\Projetos\wagner\KTibiaX\src\Support\Keyrox.Shared\Memory\_svn\entries; Done.
   C:\Projetos\wagner\KTibiaX\src\Support\Keyrox.Shared\Memory\_svn\format; Done.
   C:\Projetos\wagner\KTibiaX\src\Support\Keyrox.Shared\Memory\_svn\text-base\Hook.cs.svn-base; Done.
   C:\Projetos\wagner\KTibiaX\src\Support\Keyrox.Shared\Memory\_svn\text-base\MemoryProvider.cs.svn-base; Done.
   C:\Projetos\wagner\KTibiaX\src\Support\Keyrox.Shared\Memory\_svn\text-base\Reader.cs.svn-base; Done.
   C:\Projetos\wagner\KTibiaX\src\Support\Keyrox.Shared\Memory\_svn\text-base\Writer.cs.svn-base; Done.
   C:\Projetos\wagner\KTibiaX\src\Support\Keyrox.Shared\Memory\_svn\prop-base; Done.
   C:\Projetos\wagner\KTibiaX\src\Support\Keyrox.Shared\Memory\_svn\props; Done.
   C:\Projetos\wagner\KTibiaX\src\Support\Keyrox.Shared\Memory\_svn\text-base; Done.
   C:\Projetos\wagner\KTibiaX\src\Support\Keyrox.Shared\Memory\_svn\tmp\prop-base; Done.
   C:\Projetos\wagner\KTibiaX\src\Support\Keyrox.Shared\Memory\_svn\tmp\props; Done.
   C:\Projetos\wagner\KTibiaX\src\Support\Keyrox.Shared\Memory\_svn\tmp\text-base; Done.
   C:\Projetos\wagner\KTibiaX\src\Support\Keyrox.Shared\Memory\_svn\tmp; Done.
   C:\Projetos\wagner\KTibiaX\src\Support\Keyrox.Shared\Memory\_svn; Done.
   C:\Projetos\wagner\KTibiaX\src\Support\Keyrox.Shared\Messaging\Contracts\_svn\all-wcprops; Done.
   C:\Projetos\wagner\KTibiaX\src\Support\Keyrox.Shared\Messaging\Contracts\_svn\entries; Done.
   C:\Projetos\wagner\KTibiaX\src\Support\Keyrox.Shared\Messaging\Contracts\_svn\format; Done.
   C:\Projetos\wagner\KTibiaX\src\Support\Keyrox.Shared\Messaging\Contracts\_svn\text-base\IMessage.cs.svn-base; Done.
   C:\Projetos\wagner\KTibiaX\src\Support\Keyrox.Shared\Messaging\Contracts\_svn\prop-base; Done.
   C:\Projetos\wagner\KTibiaX\src\Support\Keyrox.Shared\Messaging\Contracts\_svn\props; Done.
   C:\Projetos\wagner\KTibiaX\src\Support\Keyrox.Shared\Messaging\Contracts\_svn\text-base; Done.
   C:\Projetos\wagner\KTibiaX\src\Support\Keyrox.Shared\Messaging\Contracts\_svn\tmp\prop-base; Done.
   C:\Projetos\wagner\KTibiaX\src\Support\Keyrox.Shared\Messaging\Contracts\_svn\tmp\props; Done.
   C:\Projetos\wagner\KTibiaX\src\Support\Keyrox.Shared\Messaging\Contracts\_svn\tmp\text-base; Done.
   C:\Projetos\wagner\KTibiaX\src\Support\Keyrox.Shared\Messaging\Contracts\_svn\tmp; Done.
   C:\Projetos\wagner\KTibiaX\src\Support\Keyrox.Shared\Messaging\Contracts\_svn; Done.
   C:\Projetos\wagner\KTibiaX\src\Support\Keyrox.Shared\Messaging\_svn\all-wcprops; Done.
   C:\Projetos\wagner\KTibiaX\src\Support\Keyrox.Shared\Messaging\_svn\entries; Done.
   C:\Projetos\wagner\KTibiaX\src\Support\Keyrox.Shared\Messaging\_svn\format; Done.
   C:\Projetos\wagner\KTibiaX\src\Support\Keyrox.Shared\Messaging\_svn\text-base\Message.cs.svn-base; Done.
   C:\Projetos\wagner\KTibiaX\src\Support\Keyrox.Shared\Messaging\_svn\text-base\MessageProvider.cs.svn-base; Done.
   C:\Projetos\wagner\KTibiaX\src\Support\Keyrox.Shared\Messaging\_svn\text-base\MessageType.cs.svn-base; Done.
   C:\Projetos\wagner\KTibiaX\src\Support\Keyrox.Shared\Messaging\_svn\prop-base; Done.
   C:\Projetos\wagner\KTibiaX\src\Support\Keyrox.Shared\Messaging\_svn\props; Done.
   C:\Projetos\wagner\KTibiaX\src\Support\Keyrox.Shared\Messaging\_svn\text-base; Done.
   C:\Projetos\wagner\KTibiaX\src\Support\Keyrox.Shared\Messaging\_svn\tmp\prop-base; Done.
   C:\Projetos\wagner\KTibiaX\src\Support\Keyrox.Shared\Messaging\_svn\tmp\props; Done.
   C:\Projetos\wagner\KTibiaX\src\Support\Keyrox.Shared\Messaging\_svn\tmp\text-base; Done.
   C:\Projetos\wagner\KTibiaX\src\Support\Keyrox.Shared\Messaging\_svn\tmp; Done.
   C:\Projetos\wagner\KTibiaX\src\Support\Keyrox.Shared\Messaging\_svn; Done.
   C:\Projetos\wagner\KTibiaX\src\Support\Keyrox.Shared\Properties\_svn\all-wcprops; Done.
   C:\Projetos\wagner\KTibiaX\src\Support\Keyrox.Shared\Properties\_svn\entries; Done.
   C:\Projetos\wagner\KTibiaX\src\Support\Keyrox.Shared\Properties\_svn\format; Done.
   C:\Projetos\wagner\KTibiaX\src\Support\Keyrox.Shared\Properties\_svn\text-base\AssemblyInfo.cs.svn-base; Done.
   C:\Projetos\wagner\KTibiaX\src\Support\Keyrox.Shared\Properties\_svn\prop-base; Done.
   C:\Projetos\wagner\KTibiaX\src\Support\Keyrox.Shared\Properties\_svn\props; Done.
   C:\Projetos\wagner\KTibiaX\src\Support\Keyrox.Shared\Properties\_svn\text-base; Done.
   C:\Projetos\wagner\KTibiaX\src\Support\Keyrox.Shared\Properties\_svn\tmp\prop-base; Done.
   C:\Projetos\wagner\KTibiaX\src\Support\Keyrox.Shared\Properties\_svn\tmp\props; Done.
   C:\Projetos\wagner\KTibiaX\src\Support\Keyrox.Shared\Properties\_svn\tmp\text-base; Done.
   C:\Projetos\wagner\KTibiaX\src\Support\Keyrox.Shared\Properties\_svn\tmp; Done.
   C:\Projetos\wagner\KTibiaX\src\Support\Keyrox.Shared\Properties\_svn; Done.
   C:\Projetos\wagner\KTibiaX\src\Support\Keyrox.Shared\Reflection\_svn\all-wcprops; Done.
   C:\Projetos\wagner\KTibiaX\src\Support\Keyrox.Shared\Reflection\_svn\entries; Done.
   C:\Projetos\wagner\KTibiaX\src\Support\Keyrox.Shared\Reflection\_svn\format; Done.
   C:\Projetos\wagner\KTibiaX\src\Support\Keyrox.Shared\Reflection\_svn\text-base\Attributes.cs.svn-base; Done.
   C:\Projetos\wagner\KTibiaX\src\Support\Keyrox.Shared\Reflection\_svn\text-base\Types.cs.svn-base; Done.
   C:\Projetos\wagner\KTibiaX\src\Support\Keyrox.Shared\Reflection\_svn\prop-base; Done.
   C:\Projetos\wagner\KTibiaX\src\Support\Keyrox.Shared\Reflection\_svn\props; Done.
   C:\Projetos\wagner\KTibiaX\src\Support\Keyrox.Shared\Reflection\_svn\text-base; Done.
   C:\Projetos\wagner\KTibiaX\src\Support\Keyrox.Shared\Reflection\_svn\tmp\prop-base; Done.
   C:\Projetos\wagner\KTibiaX\src\Support\Keyrox.Shared\Reflection\_svn\tmp\props; Done.
   C:\Projetos\wagner\KTibiaX\src\Support\Keyrox.Shared\Reflection\_svn\tmp\text-base; Done.
   C:\Projetos\wagner\KTibiaX\src\Support\Keyrox.Shared\Reflection\_svn\tmp; Done.
   C:\Projetos\wagner\KTibiaX\src\Support\Keyrox.Shared\Reflection\_svn; Done.
   C:\Projetos\wagner\KTibiaX\src\Support\Keyrox.Shared\_svn\all-wcprops; Done.
   C:\Projetos\wagner\KTibiaX\src\Support\Keyrox.Shared\_svn\entries; Done.
   C:\Projetos\wagner\KTibiaX\src\Support\Keyrox.Shared\_svn\format; Done.
   C:\Projetos\wagner\KTibiaX\src\Support\Keyrox.Shared\_svn\text-base\Keyrox.Shared.csproj.svn-base; Done.
   C:\Projetos\wagner\KTibiaX\src\Support\Keyrox.Shared\_svn\text-base\Keyrox.Shared.sln.svn-base; Done.
   C:\Projetos\wagner\KTibiaX\src\Support\Keyrox.Shared\_svn\prop-base; Done.
   C:\Projetos\wagner\KTibiaX\src\Support\Keyrox.Shared\_svn\props; Done.
   C:\Projetos\wagner\KTibiaX\src\Support\Keyrox.Shared\_svn\text-base; Done.
   C:\Projetos\wagner\KTibiaX\src\Support\Keyrox.Shared\_svn\tmp\prop-base; Done.
   C:\Projetos\wagner\KTibiaX\src\Support\Keyrox.Shared\_svn\tmp\props; Done.
   C:\Projetos\wagner\KTibiaX\src\Support\Keyrox.Shared\_svn\tmp\text-base; Done.
   C:\Projetos\wagner\KTibiaX\src\Support\Keyrox.Shared\_svn\tmp; Done.
   C:\Projetos\wagner\KTibiaX\src\Support\Keyrox.Shared\_svn; Done.
[§][Done!]

[§][Done!][quarta-feira, 15 de julho de 2009 12:26:05]


║                                                                           ║
║      Elapsed Time.: 00:00:03.0156250      SVN Files.....: 00274           ║
║      Backup.......: 00000 Files           Old Backup....: 00000           ║
║                                           ---------------------           ║
║                                           Total Deleted.: 00274           ║
║                                                                           ║
╠═══════════════════════════════════════════════════════════════════════════╣
║                                                                           ║
║             Contact info: http://code.google.com/p/svncleaner/             ║
║                                                                           ║
║                             SVNCleaner® 2008                              ║
╚═══════════════════════════════════════════════════════════════════════════╝
