╔═══════════════════════════════════════════════════════════════════════════╗
║                                                                           ║
║                                  ..:§:..                                  ║
║   ╔══════════════════════════════════════════════════════════════════╗    ║
║   ║    Log file generated by SVN Directory Cleaner v1.0.3230.31928   ║    ║
║   ╚══════════════════════════════════════════════════════════════════╝    ║
║                                                                           ║
║   Date.......: 27/04/2009                                                 ║
║   Files......: 00781 Files.                                               ║ 
║   References.: 00557 SVN Rererences.                                      ║
║                                                                           ║
║                                                                           ║
╠═══════════════════════════════════════════════════════════════════════════╣
║                                                                           ║

[§][Start Clean Actions]
   D:\Projetos\KTibiaX\branches\external\SyntaxBox\SyntaxBox\Keyrox.SyntaxBox

[§][Deleting Old Backup].[§][Done!]

[§][Creating Backup].[§][Done!]

[§][Cleaning Root Directory].[Monday, April 27, 2009 10:42:30 AM]
   D:\Projetos\KTibiaX\branches\external\SyntaxBox\SyntaxBox\Keyrox.SyntaxBox\Classes\.svn\all-wcprops; Done.
   D:\Projetos\KTibiaX\branches\external\SyntaxBox\SyntaxBox\Keyrox.SyntaxBox\Classes\.svn\entries; Done.
   D:\Projetos\KTibiaX\branches\external\SyntaxBox\SyntaxBox\Keyrox.SyntaxBox\Classes\.svn\text-base\Caret.cs.svn-base; Done.
   D:\Projetos\KTibiaX\branches\external\SyntaxBox\SyntaxBox\Keyrox.SyntaxBox\Classes\.svn\text-base\KeyboadActionList.cs.svn-base; Done.
   D:\Projetos\KTibiaX\branches\external\SyntaxBox\SyntaxBox\Keyrox.SyntaxBox\Classes\.svn\text-base\KeyboardAction.cs.svn-base; Done.
   D:\Projetos\KTibiaX\branches\external\SyntaxBox\SyntaxBox\Keyrox.SyntaxBox\Classes\.svn\text-base\NativePainter.cs.svn-base; Done.
   D:\Projetos\KTibiaX\branches\external\SyntaxBox\SyntaxBox\Keyrox.SyntaxBox\Classes\.svn\text-base\Selection.cs.svn-base; Done.
   D:\Projetos\KTibiaX\branches\external\SyntaxBox\SyntaxBox\Keyrox.SyntaxBox\Classes\.svn\text-base\Structs.cs.svn-base; Done.
   D:\Projetos\KTibiaX\branches\external\SyntaxBox\SyntaxBox\Keyrox.SyntaxBox\Classes\.svn\prop-base; Done.
   D:\Projetos\KTibiaX\branches\external\SyntaxBox\SyntaxBox\Keyrox.SyntaxBox\Classes\.svn\props; Done.
   D:\Projetos\KTibiaX\branches\external\SyntaxBox\SyntaxBox\Keyrox.SyntaxBox\Classes\.svn\text-base; Done.
   D:\Projetos\KTibiaX\branches\external\SyntaxBox\SyntaxBox\Keyrox.SyntaxBox\Classes\.svn\tmp\prop-base; Done.
   D:\Projetos\KTibiaX\branches\external\SyntaxBox\SyntaxBox\Keyrox.SyntaxBox\Classes\.svn\tmp\props; Done.
   D:\Projetos\KTibiaX\branches\external\SyntaxBox\SyntaxBox\Keyrox.SyntaxBox\Classes\.svn\tmp\text-base; Done.
   D:\Projetos\KTibiaX\branches\external\SyntaxBox\SyntaxBox\Keyrox.SyntaxBox\Classes\.svn\tmp; Done.
   D:\Projetos\KTibiaX\branches\external\SyntaxBox\SyntaxBox\Keyrox.SyntaxBox\Classes\.svn; Done.
   D:\Projetos\KTibiaX\branches\external\SyntaxBox\SyntaxBox\Keyrox.SyntaxBox\Collections\.svn\all-wcprops; Done.
   D:\Projetos\KTibiaX\branches\external\SyntaxBox\SyntaxBox\Keyrox.SyntaxBox\Collections\.svn\entries; Done.
   D:\Projetos\KTibiaX\branches\external\SyntaxBox\SyntaxBox\Keyrox.SyntaxBox\Collections\.svn\text-base\CollectionBase.cs.svn-base; Done.
   D:\Projetos\KTibiaX\branches\external\SyntaxBox\SyntaxBox\Keyrox.SyntaxBox\Collections\.svn\prop-base; Done.
   D:\Projetos\KTibiaX\branches\external\SyntaxBox\SyntaxBox\Keyrox.SyntaxBox\Collections\.svn\props; Done.
   D:\Projetos\KTibiaX\branches\external\SyntaxBox\SyntaxBox\Keyrox.SyntaxBox\Collections\.svn\text-base; Done.
   D:\Projetos\KTibiaX\branches\external\SyntaxBox\SyntaxBox\Keyrox.SyntaxBox\Collections\.svn\tmp\prop-base; Done.
   D:\Projetos\KTibiaX\branches\external\SyntaxBox\SyntaxBox\Keyrox.SyntaxBox\Collections\.svn\tmp\props; Done.
   D:\Projetos\KTibiaX\branches\external\SyntaxBox\SyntaxBox\Keyrox.SyntaxBox\Collections\.svn\tmp\text-base; Done.
   D:\Projetos\KTibiaX\branches\external\SyntaxBox\SyntaxBox\Keyrox.SyntaxBox\Collections\.svn\tmp; Done.
   D:\Projetos\KTibiaX\branches\external\SyntaxBox\SyntaxBox\Keyrox.SyntaxBox\Collections\.svn; Done.
   D:\Projetos\KTibiaX\branches\external\SyntaxBox\SyntaxBox\Keyrox.SyntaxBox\Controls\Autolist\.svn\all-wcprops; Done.
   D:\Projetos\KTibiaX\branches\external\SyntaxBox\SyntaxBox\Keyrox.SyntaxBox\Controls\Autolist\.svn\entries; Done.
   D:\Projetos\KTibiaX\branches\external\SyntaxBox\SyntaxBox\Keyrox.SyntaxBox\Controls\Autolist\.svn\text-base\AutoListForm.cs.svn-base; Done.
   D:\Projetos\KTibiaX\branches\external\SyntaxBox\SyntaxBox\Keyrox.SyntaxBox\Controls\Autolist\.svn\text-base\AutoListForm.resx.svn-base; Done.
   D:\Projetos\KTibiaX\branches\external\SyntaxBox\SyntaxBox\Keyrox.SyntaxBox\Controls\Autolist\.svn\text-base\TabListBox.cs.svn-base; Done.
   D:\Projetos\KTibiaX\branches\external\SyntaxBox\SyntaxBox\Keyrox.SyntaxBox\Controls\Autolist\.svn\text-base\TabListBox.resx.svn-base; Done.
   D:\Projetos\KTibiaX\branches\external\SyntaxBox\SyntaxBox\Keyrox.SyntaxBox\Controls\Autolist\.svn\prop-base; Done.
   D:\Projetos\KTibiaX\branches\external\SyntaxBox\SyntaxBox\Keyrox.SyntaxBox\Controls\Autolist\.svn\props; Done.
   D:\Projetos\KTibiaX\branches\external\SyntaxBox\SyntaxBox\Keyrox.SyntaxBox\Controls\Autolist\.svn\text-base; Done.
   D:\Projetos\KTibiaX\branches\external\SyntaxBox\SyntaxBox\Keyrox.SyntaxBox\Controls\Autolist\.svn\tmp\prop-base; Done.
   D:\Projetos\KTibiaX\branches\external\SyntaxBox\SyntaxBox\Keyrox.SyntaxBox\Controls\Autolist\.svn\tmp\props; Done.
   D:\Projetos\KTibiaX\branches\external\SyntaxBox\SyntaxBox\Keyrox.SyntaxBox\Controls\Autolist\.svn\tmp\text-base; Done.
   D:\Projetos\KTibiaX\branches\external\SyntaxBox\SyntaxBox\Keyrox.SyntaxBox\Controls\Autolist\.svn\tmp; Done.
   D:\Projetos\KTibiaX\branches\external\SyntaxBox\SyntaxBox\Keyrox.SyntaxBox\Controls\Autolist\.svn; Done.
   D:\Projetos\KTibiaX\branches\external\SyntaxBox\SyntaxBox\Keyrox.SyntaxBox\Controls\BaseControls\.svn\all-wcprops; Done.
   D:\Projetos\KTibiaX\branches\external\SyntaxBox\SyntaxBox\Keyrox.SyntaxBox\Controls\BaseControls\.svn\entries; Done.
   D:\Projetos\KTibiaX\branches\external\SyntaxBox\SyntaxBox\Keyrox.SyntaxBox\Controls\BaseControls\.svn\text-base\BaseControl.cs.svn-base; Done.
   D:\Projetos\KTibiaX\branches\external\SyntaxBox\SyntaxBox\Keyrox.SyntaxBox\Controls\BaseControls\.svn\text-base\BaseControl.resx.svn-base; Done.
   D:\Projetos\KTibiaX\branches\external\SyntaxBox\SyntaxBox\Keyrox.SyntaxBox\Controls\BaseControls\.svn\text-base\BaseListBoxControl.cs.svn-base; Done.
   D:\Projetos\KTibiaX\branches\external\SyntaxBox\SyntaxBox\Keyrox.SyntaxBox\Controls\BaseControls\.svn\text-base\BaseListBoxControl.resx.svn-base; Done.
   D:\Projetos\KTibiaX\branches\external\SyntaxBox\SyntaxBox\Keyrox.SyntaxBox\Controls\BaseControls\.svn\text-base\BasePanelControl.cs.svn-base; Done.
   D:\Projetos\KTibiaX\branches\external\SyntaxBox\SyntaxBox\Keyrox.SyntaxBox\Controls\BaseControls\.svn\text-base\BasePanelControl.resx.svn-base; Done.
   D:\Projetos\KTibiaX\branches\external\SyntaxBox\SyntaxBox\Keyrox.SyntaxBox\Controls\BaseControls\.svn\text-base\BorderControl.cs.svn-base; Done.
   D:\Projetos\KTibiaX\branches\external\SyntaxBox\SyntaxBox\Keyrox.SyntaxBox\Controls\BaseControls\.svn\prop-base; Done.
   D:\Projetos\KTibiaX\branches\external\SyntaxBox\SyntaxBox\Keyrox.SyntaxBox\Controls\BaseControls\.svn\props; Done.
   D:\Projetos\KTibiaX\branches\external\SyntaxBox\SyntaxBox\Keyrox.SyntaxBox\Controls\BaseControls\.svn\text-base; Done.
   D:\Projetos\KTibiaX\branches\external\SyntaxBox\SyntaxBox\Keyrox.SyntaxBox\Controls\BaseControls\.svn\tmp\prop-base; Done.
   D:\Projetos\KTibiaX\branches\external\SyntaxBox\SyntaxBox\Keyrox.SyntaxBox\Controls\BaseControls\.svn\tmp\props; Done.
   D:\Projetos\KTibiaX\branches\external\SyntaxBox\SyntaxBox\Keyrox.SyntaxBox\Controls\BaseControls\.svn\tmp\text-base; Done.
   D:\Projetos\KTibiaX\branches\external\SyntaxBox\SyntaxBox\Keyrox.SyntaxBox\Controls\BaseControls\.svn\tmp; Done.
   D:\Projetos\KTibiaX\branches\external\SyntaxBox\SyntaxBox\Keyrox.SyntaxBox\Controls\BaseControls\.svn; Done.
   D:\Projetos\KTibiaX\branches\external\SyntaxBox\SyntaxBox\Keyrox.SyntaxBox\Controls\EditView\.svn\all-wcprops; Done.
   D:\Projetos\KTibiaX\branches\external\SyntaxBox\SyntaxBox\Keyrox.SyntaxBox\Controls\EditView\.svn\entries; Done.
   D:\Projetos\KTibiaX\branches\external\SyntaxBox\SyntaxBox\Keyrox.SyntaxBox\Controls\EditView\.svn\text-base\EditViewControl.cs.svn-base; Done.
   D:\Projetos\KTibiaX\branches\external\SyntaxBox\SyntaxBox\Keyrox.SyntaxBox\Controls\EditView\.svn\text-base\EditViewControl.resx.svn-base; Done.
   D:\Projetos\KTibiaX\branches\external\SyntaxBox\SyntaxBox\Keyrox.SyntaxBox\Controls\EditView\.svn\prop-base; Done.
   D:\Projetos\KTibiaX\branches\external\SyntaxBox\SyntaxBox\Keyrox.SyntaxBox\Controls\EditView\.svn\props; Done.
   D:\Projetos\KTibiaX\branches\external\SyntaxBox\SyntaxBox\Keyrox.SyntaxBox\Controls\EditView\.svn\text-base; Done.
   D:\Projetos\KTibiaX\branches\external\SyntaxBox\SyntaxBox\Keyrox.SyntaxBox\Controls\EditView\.svn\tmp\prop-base; Done.
   D:\Projetos\KTibiaX\branches\external\SyntaxBox\SyntaxBox\Keyrox.SyntaxBox\Controls\EditView\.svn\tmp\props; Done.
   D:\Projetos\KTibiaX\branches\external\SyntaxBox\SyntaxBox\Keyrox.SyntaxBox\Controls\EditView\.svn\tmp\text-base; Done.
   D:\Projetos\KTibiaX\branches\external\SyntaxBox\SyntaxBox\Keyrox.SyntaxBox\Controls\EditView\.svn\tmp; Done.
   D:\Projetos\KTibiaX\branches\external\SyntaxBox\SyntaxBox\Keyrox.SyntaxBox\Controls\EditView\.svn; Done.
   D:\Projetos\KTibiaX\branches\external\SyntaxBox\SyntaxBox\Keyrox.SyntaxBox\Controls\FormatLabel\.svn\all-wcprops; Done.
   D:\Projetos\KTibiaX\branches\external\SyntaxBox\SyntaxBox\Keyrox.SyntaxBox\Controls\FormatLabel\.svn\entries; Done.
   D:\Projetos\KTibiaX\branches\external\SyntaxBox\SyntaxBox\Keyrox.SyntaxBox\Controls\FormatLabel\.svn\text-base\Element.cs.svn-base; Done.
   D:\Projetos\KTibiaX\branches\external\SyntaxBox\SyntaxBox\Keyrox.SyntaxBox\Controls\FormatLabel\.svn\text-base\Events.cs.svn-base; Done.
   D:\Projetos\KTibiaX\branches\external\SyntaxBox\SyntaxBox\Keyrox.SyntaxBox\Controls\FormatLabel\.svn\text-base\FormatLabelControl.cs.svn-base; Done.
   D:\Projetos\KTibiaX\branches\external\SyntaxBox\SyntaxBox\Keyrox.SyntaxBox\Controls\FormatLabel\.svn\text-base\FormatLabelControl.resx.svn-base; Done.
   D:\Projetos\KTibiaX\branches\external\SyntaxBox\SyntaxBox\Keyrox.SyntaxBox\Controls\FormatLabel\.svn\text-base\Row.cs.svn-base; Done.
   D:\Projetos\KTibiaX\branches\external\SyntaxBox\SyntaxBox\Keyrox.SyntaxBox\Controls\FormatLabel\.svn\text-base\Word.cs.svn-base; Done.
   D:\Projetos\KTibiaX\branches\external\SyntaxBox\SyntaxBox\Keyrox.SyntaxBox\Controls\FormatLabel\.svn\prop-base; Done.
   D:\Projetos\KTibiaX\branches\external\SyntaxBox\SyntaxBox\Keyrox.SyntaxBox\Controls\FormatLabel\.svn\props; Done.
   D:\Projetos\KTibiaX\branches\external\SyntaxBox\SyntaxBox\Keyrox.SyntaxBox\Controls\FormatLabel\.svn\text-base; Done.
   D:\Projetos\KTibiaX\branches\external\SyntaxBox\SyntaxBox\Keyrox.SyntaxBox\Controls\FormatLabel\.svn\tmp\prop-base; Done.
   D:\Projetos\KTibiaX\branches\external\SyntaxBox\SyntaxBox\Keyrox.SyntaxBox\Controls\FormatLabel\.svn\tmp\props; Done.
   D:\Projetos\KTibiaX\branches\external\SyntaxBox\SyntaxBox\Keyrox.SyntaxBox\Controls\FormatLabel\.svn\tmp\text-base; Done.
   D:\Projetos\KTibiaX\branches\external\SyntaxBox\SyntaxBox\Keyrox.SyntaxBox\Controls\FormatLabel\.svn\tmp; Done.
   D:\Projetos\KTibiaX\branches\external\SyntaxBox\SyntaxBox\Keyrox.SyntaxBox\Controls\FormatLabel\.svn; Done.
   D:\Projetos\KTibiaX\branches\external\SyntaxBox\SyntaxBox\Keyrox.SyntaxBox\Controls\InfoTip\.svn\all-wcprops; Done.
   D:\Projetos\KTibiaX\branches\external\SyntaxBox\SyntaxBox\Keyrox.SyntaxBox\Controls\InfoTip\.svn\entries; Done.
   D:\Projetos\KTibiaX\branches\external\SyntaxBox\SyntaxBox\Keyrox.SyntaxBox\Controls\InfoTip\.svn\text-base\InfoTipForm.cs.svn-base; Done.
   D:\Projetos\KTibiaX\branches\external\SyntaxBox\SyntaxBox\Keyrox.SyntaxBox\Controls\InfoTip\.svn\text-base\InfoTipForm.resx.svn-base; Done.
   D:\Projetos\KTibiaX\branches\external\SyntaxBox\SyntaxBox\Keyrox.SyntaxBox\Controls\InfoTip\.svn\prop-base; Done.
   D:\Projetos\KTibiaX\branches\external\SyntaxBox\SyntaxBox\Keyrox.SyntaxBox\Controls\InfoTip\.svn\props; Done.
   D:\Projetos\KTibiaX\branches\external\SyntaxBox\SyntaxBox\Keyrox.SyntaxBox\Controls\InfoTip\.svn\text-base; Done.
   D:\Projetos\KTibiaX\branches\external\SyntaxBox\SyntaxBox\Keyrox.SyntaxBox\Controls\InfoTip\.svn\tmp\prop-base; Done.
   D:\Projetos\KTibiaX\branches\external\SyntaxBox\SyntaxBox\Keyrox.SyntaxBox\Controls\InfoTip\.svn\tmp\props; Done.
   D:\Projetos\KTibiaX\branches\external\SyntaxBox\SyntaxBox\Keyrox.SyntaxBox\Controls\InfoTip\.svn\tmp\text-base; Done.
   D:\Projetos\KTibiaX\branches\external\SyntaxBox\SyntaxBox\Keyrox.SyntaxBox\Controls\InfoTip\.svn\tmp; Done.
   D:\Projetos\KTibiaX\branches\external\SyntaxBox\SyntaxBox\Keyrox.SyntaxBox\Controls\InfoTip\.svn; Done.
   D:\Projetos\KTibiaX\branches\external\SyntaxBox\SyntaxBox\Keyrox.SyntaxBox\Controls\IntelliMouse\.svn\all-wcprops; Done.
   D:\Projetos\KTibiaX\branches\external\SyntaxBox\SyntaxBox\Keyrox.SyntaxBox\Controls\IntelliMouse\.svn\entries; Done.
   D:\Projetos\KTibiaX\branches\external\SyntaxBox\SyntaxBox\Keyrox.SyntaxBox\Controls\IntelliMouse\.svn\text-base\Events.cs.svn-base; Done.
   D:\Projetos\KTibiaX\branches\external\SyntaxBox\SyntaxBox\Keyrox.SyntaxBox\Controls\IntelliMouse\.svn\text-base\IntelliMouse.cs.svn-base; Done.
   D:\Projetos\KTibiaX\branches\external\SyntaxBox\SyntaxBox\Keyrox.SyntaxBox\Controls\IntelliMouse\.svn\text-base\IntelliMouse.resx.svn-base; Done.
   D:\Projetos\KTibiaX\branches\external\SyntaxBox\SyntaxBox\Keyrox.SyntaxBox\Controls\IntelliMouse\.svn\prop-base; Done.
   D:\Projetos\KTibiaX\branches\external\SyntaxBox\SyntaxBox\Keyrox.SyntaxBox\Controls\IntelliMouse\.svn\props; Done.
   D:\Projetos\KTibiaX\branches\external\SyntaxBox\SyntaxBox\Keyrox.SyntaxBox\Controls\IntelliMouse\.svn\text-base; Done.
   D:\Projetos\KTibiaX\branches\external\SyntaxBox\SyntaxBox\Keyrox.SyntaxBox\Controls\IntelliMouse\.svn\tmp\prop-base; Done.
   D:\Projetos\KTibiaX\branches\external\SyntaxBox\SyntaxBox\Keyrox.SyntaxBox\Controls\IntelliMouse\.svn\tmp\props; Done.
   D:\Projetos\KTibiaX\branches\external\SyntaxBox\SyntaxBox\Keyrox.SyntaxBox\Controls\IntelliMouse\.svn\tmp\text-base; Done.
   D:\Projetos\KTibiaX\branches\external\SyntaxBox\SyntaxBox\Keyrox.SyntaxBox\Controls\IntelliMouse\.svn\tmp; Done.
   D:\Projetos\KTibiaX\branches\external\SyntaxBox\SyntaxBox\Keyrox.SyntaxBox\Controls\IntelliMouse\.svn; Done.
   D:\Projetos\KTibiaX\branches\external\SyntaxBox\SyntaxBox\Keyrox.SyntaxBox\Controls\RegionHandler\.svn\all-wcprops; Done.
   D:\Projetos\KTibiaX\branches\external\SyntaxBox\SyntaxBox\Keyrox.SyntaxBox\Controls\RegionHandler\.svn\entries; Done.
   D:\Projetos\KTibiaX\branches\external\SyntaxBox\SyntaxBox\Keyrox.SyntaxBox\Controls\RegionHandler\.svn\text-base\RegionHandler.cs.svn-base; Done.
   D:\Projetos\KTibiaX\branches\external\SyntaxBox\SyntaxBox\Keyrox.SyntaxBox\Controls\RegionHandler\.svn\text-base\RegionHandler.resx.svn-base; Done.
   D:\Projetos\KTibiaX\branches\external\SyntaxBox\SyntaxBox\Keyrox.SyntaxBox\Controls\RegionHandler\.svn\prop-base; Done.
   D:\Projetos\KTibiaX\branches\external\SyntaxBox\SyntaxBox\Keyrox.SyntaxBox\Controls\RegionHandler\.svn\props; Done.
   D:\Projetos\KTibiaX\branches\external\SyntaxBox\SyntaxBox\Keyrox.SyntaxBox\Controls\RegionHandler\.svn\text-base; Done.
   D:\Projetos\KTibiaX\branches\external\SyntaxBox\SyntaxBox\Keyrox.SyntaxBox\Controls\RegionHandler\.svn\tmp\prop-base; Done.
   D:\Projetos\KTibiaX\branches\external\SyntaxBox\SyntaxBox\Keyrox.SyntaxBox\Controls\RegionHandler\.svn\tmp\props; Done.
   D:\Projetos\KTibiaX\branches\external\SyntaxBox\SyntaxBox\Keyrox.SyntaxBox\Controls\RegionHandler\.svn\tmp\text-base; Done.
   D:\Projetos\KTibiaX\branches\external\SyntaxBox\SyntaxBox\Keyrox.SyntaxBox\Controls\RegionHandler\.svn\tmp; Done.
   D:\Projetos\KTibiaX\branches\external\SyntaxBox\SyntaxBox\Keyrox.SyntaxBox\Controls\RegionHandler\.svn; Done.
   D:\Projetos\KTibiaX\branches\external\SyntaxBox\SyntaxBox\Keyrox.SyntaxBox\Controls\SplitView\.svn\all-wcprops; Done.
   D:\Projetos\KTibiaX\branches\external\SyntaxBox\SyntaxBox\Keyrox.SyntaxBox\Controls\SplitView\.svn\entries; Done.
   D:\Projetos\KTibiaX\branches\external\SyntaxBox\SyntaxBox\Keyrox.SyntaxBox\Controls\SplitView\.svn\text-base\SplitViewChildControl.cs.svn-base; Done.
   D:\Projetos\KTibiaX\branches\external\SyntaxBox\SyntaxBox\Keyrox.SyntaxBox\Controls\SplitView\.svn\text-base\SplitViewChildControl.resx.svn-base; Done.
   D:\Projetos\KTibiaX\branches\external\SyntaxBox\SyntaxBox\Keyrox.SyntaxBox\Controls\SplitView\.svn\text-base\SplitViewControl.cs.svn-base; Done.
   D:\Projetos\KTibiaX\branches\external\SyntaxBox\SyntaxBox\Keyrox.SyntaxBox\Controls\SplitView\.svn\text-base\SplitViewControl.resx.svn-base; Done.
   D:\Projetos\KTibiaX\branches\external\SyntaxBox\SyntaxBox\Keyrox.SyntaxBox\Controls\SplitView\.svn\text-base\SplitViewParentControl.cs.svn-base; Done.
   D:\Projetos\KTibiaX\branches\external\SyntaxBox\SyntaxBox\Keyrox.SyntaxBox\Controls\SplitView\.svn\text-base\SplitViewParentControl.resx.svn-base; Done.
   D:\Projetos\KTibiaX\branches\external\SyntaxBox\SyntaxBox\Keyrox.SyntaxBox\Controls\SplitView\.svn\prop-base; Done.
   D:\Projetos\KTibiaX\branches\external\SyntaxBox\SyntaxBox\Keyrox.SyntaxBox\Controls\SplitView\.svn\props; Done.
   D:\Projetos\KTibiaX\branches\external\SyntaxBox\SyntaxBox\Keyrox.SyntaxBox\Controls\SplitView\.svn\text-base; Done.
   D:\Projetos\KTibiaX\branches\external\SyntaxBox\SyntaxBox\Keyrox.SyntaxBox\Controls\SplitView\.svn\tmp\prop-base; Done.
   D:\Projetos\KTibiaX\branches\external\SyntaxBox\SyntaxBox\Keyrox.SyntaxBox\Controls\SplitView\.svn\tmp\props; Done.
   D:\Projetos\KTibiaX\branches\external\SyntaxBox\SyntaxBox\Keyrox.SyntaxBox\Controls\SplitView\.svn\tmp\text-base; Done.
   D:\Projetos\KTibiaX\branches\external\SyntaxBox\SyntaxBox\Keyrox.SyntaxBox\Controls\SplitView\.svn\tmp; Done.
   D:\Projetos\KTibiaX\branches\external\SyntaxBox\SyntaxBox\Keyrox.SyntaxBox\Controls\SplitView\.svn; Done.
   D:\Projetos\KTibiaX\branches\external\SyntaxBox\SyntaxBox\Keyrox.SyntaxBox\Controls\Syntaxbox\Dialogs\.svn\all-wcprops; Done.
   D:\Projetos\KTibiaX\branches\external\SyntaxBox\SyntaxBox\Keyrox.SyntaxBox\Controls\Syntaxbox\Dialogs\.svn\entries; Done.
   D:\Projetos\KTibiaX\branches\external\SyntaxBox\SyntaxBox\Keyrox.SyntaxBox\Controls\Syntaxbox\Dialogs\.svn\text-base\FindReplace.cs.svn-base; Done.
   D:\Projetos\KTibiaX\branches\external\SyntaxBox\SyntaxBox\Keyrox.SyntaxBox\Controls\Syntaxbox\Dialogs\.svn\text-base\FindReplace.resx.svn-base; Done.
   D:\Projetos\KTibiaX\branches\external\SyntaxBox\SyntaxBox\Keyrox.SyntaxBox\Controls\Syntaxbox\Dialogs\.svn\text-base\GotoLine.cs.svn-base; Done.
   D:\Projetos\KTibiaX\branches\external\SyntaxBox\SyntaxBox\Keyrox.SyntaxBox\Controls\Syntaxbox\Dialogs\.svn\text-base\GotoLine.resx.svn-base; Done.
   D:\Projetos\KTibiaX\branches\external\SyntaxBox\SyntaxBox\Keyrox.SyntaxBox\Controls\Syntaxbox\Dialogs\.svn\text-base\Settings.cs.svn-base; Done.
   D:\Projetos\KTibiaX\branches\external\SyntaxBox\SyntaxBox\Keyrox.SyntaxBox\Controls\Syntaxbox\Dialogs\.svn\text-base\Settings.resx.svn-base; Done.
   D:\Projetos\KTibiaX\branches\external\SyntaxBox\SyntaxBox\Keyrox.SyntaxBox\Controls\Syntaxbox\Dialogs\.svn\prop-base; Done.
   D:\Projetos\KTibiaX\branches\external\SyntaxBox\SyntaxBox\Keyrox.SyntaxBox\Controls\Syntaxbox\Dialogs\.svn\props; Done.
   D:\Projetos\KTibiaX\branches\external\SyntaxBox\SyntaxBox\Keyrox.SyntaxBox\Controls\Syntaxbox\Dialogs\.svn\text-base; Done.
   D:\Projetos\KTibiaX\branches\external\SyntaxBox\SyntaxBox\Keyrox.SyntaxBox\Controls\Syntaxbox\Dialogs\.svn\tmp\prop-base; Done.
   D:\Projetos\KTibiaX\branches\external\SyntaxBox\SyntaxBox\Keyrox.SyntaxBox\Controls\Syntaxbox\Dialogs\.svn\tmp\props; Done.
   D:\Projetos\KTibiaX\branches\external\SyntaxBox\SyntaxBox\Keyrox.SyntaxBox\Controls\Syntaxbox\Dialogs\.svn\tmp\text-base; Done.
   D:\Projetos\KTibiaX\branches\external\SyntaxBox\SyntaxBox\Keyrox.SyntaxBox\Controls\Syntaxbox\Dialogs\.svn\tmp; Done.
   D:\Projetos\KTibiaX\branches\external\SyntaxBox\SyntaxBox\Keyrox.SyntaxBox\Controls\Syntaxbox\Dialogs\.svn; Done.
   D:\Projetos\KTibiaX\branches\external\SyntaxBox\SyntaxBox\Keyrox.SyntaxBox\Controls\Syntaxbox\.svn\all-wcprops; Done.
   D:\Projetos\KTibiaX\branches\external\SyntaxBox\SyntaxBox\Keyrox.SyntaxBox\Controls\Syntaxbox\.svn\entries; Done.
   D:\Projetos\KTibiaX\branches\external\SyntaxBox\SyntaxBox\Keyrox.SyntaxBox\Controls\Syntaxbox\.svn\text-base\Events.cs.svn-base; Done.
   D:\Projetos\KTibiaX\branches\external\SyntaxBox\SyntaxBox\Keyrox.SyntaxBox\Controls\Syntaxbox\.svn\text-base\SyntaxBoxControl.cs.svn-base; Done.
   D:\Projetos\KTibiaX\branches\external\SyntaxBox\SyntaxBox\Keyrox.SyntaxBox\Controls\Syntaxbox\.svn\text-base\SyntaxBoxControl.resx.svn-base; Done.
   D:\Projetos\KTibiaX\branches\external\SyntaxBox\SyntaxBox\Keyrox.SyntaxBox\Controls\Syntaxbox\.svn\text-base\SyntaxBoxDesigner.cs.svn-base; Done.
   D:\Projetos\KTibiaX\branches\external\SyntaxBox\SyntaxBox\Keyrox.SyntaxBox\Controls\Syntaxbox\.svn\prop-base; Done.
   D:\Projetos\KTibiaX\branches\external\SyntaxBox\SyntaxBox\Keyrox.SyntaxBox\Controls\Syntaxbox\.svn\props; Done.
   D:\Projetos\KTibiaX\branches\external\SyntaxBox\SyntaxBox\Keyrox.SyntaxBox\Controls\Syntaxbox\.svn\text-base; Done.
   D:\Projetos\KTibiaX\branches\external\SyntaxBox\SyntaxBox\Keyrox.SyntaxBox\Controls\Syntaxbox\.svn\tmp\prop-base; Done.
   D:\Projetos\KTibiaX\branches\external\SyntaxBox\SyntaxBox\Keyrox.SyntaxBox\Controls\Syntaxbox\.svn\tmp\props; Done.
   D:\Projetos\KTibiaX\branches\external\SyntaxBox\SyntaxBox\Keyrox.SyntaxBox\Controls\Syntaxbox\.svn\tmp\text-base; Done.
   D:\Projetos\KTibiaX\branches\external\SyntaxBox\SyntaxBox\Keyrox.SyntaxBox\Controls\Syntaxbox\.svn\tmp; Done.
   D:\Projetos\KTibiaX\branches\external\SyntaxBox\SyntaxBox\Keyrox.SyntaxBox\Controls\Syntaxbox\.svn; Done.
   D:\Projetos\KTibiaX\branches\external\SyntaxBox\SyntaxBox\Keyrox.SyntaxBox\Controls\ThumbControl\.svn\all-wcprops; Done.
   D:\Projetos\KTibiaX\branches\external\SyntaxBox\SyntaxBox\Keyrox.SyntaxBox\Controls\ThumbControl\.svn\entries; Done.
   D:\Projetos\KTibiaX\branches\external\SyntaxBox\SyntaxBox\Keyrox.SyntaxBox\Controls\ThumbControl\.svn\text-base\ThumbControl.cs.svn-base; Done.
   D:\Projetos\KTibiaX\branches\external\SyntaxBox\SyntaxBox\Keyrox.SyntaxBox\Controls\ThumbControl\.svn\text-base\ThumbControl.Designer.cs.svn-base; Done.
   D:\Projetos\KTibiaX\branches\external\SyntaxBox\SyntaxBox\Keyrox.SyntaxBox\Controls\ThumbControl\.svn\prop-base; Done.
   D:\Projetos\KTibiaX\branches\external\SyntaxBox\SyntaxBox\Keyrox.SyntaxBox\Controls\ThumbControl\.svn\props; Done.
   D:\Projetos\KTibiaX\branches\external\SyntaxBox\SyntaxBox\Keyrox.SyntaxBox\Controls\ThumbControl\.svn\text-base; Done.
   D:\Projetos\KTibiaX\branches\external\SyntaxBox\SyntaxBox\Keyrox.SyntaxBox\Controls\ThumbControl\.svn\tmp\prop-base; Done.
   D:\Projetos\KTibiaX\branches\external\SyntaxBox\SyntaxBox\Keyrox.SyntaxBox\Controls\ThumbControl\.svn\tmp\props; Done.
   D:\Projetos\KTibiaX\branches\external\SyntaxBox\SyntaxBox\Keyrox.SyntaxBox\Controls\ThumbControl\.svn\tmp\text-base; Done.
   D:\Projetos\KTibiaX\branches\external\SyntaxBox\SyntaxBox\Keyrox.SyntaxBox\Controls\ThumbControl\.svn\tmp; Done.
   D:\Projetos\KTibiaX\branches\external\SyntaxBox\SyntaxBox\Keyrox.SyntaxBox\Controls\ThumbControl\.svn; Done.
   D:\Projetos\KTibiaX\branches\external\SyntaxBox\SyntaxBox\Keyrox.SyntaxBox\Controls\.svn\all-wcprops; Done.
   D:\Projetos\KTibiaX\branches\external\SyntaxBox\SyntaxBox\Keyrox.SyntaxBox\Controls\.svn\entries; Done.
   D:\Projetos\KTibiaX\branches\external\SyntaxBox\SyntaxBox\Keyrox.SyntaxBox\Controls\.svn\prop-base; Done.
   D:\Projetos\KTibiaX\branches\external\SyntaxBox\SyntaxBox\Keyrox.SyntaxBox\Controls\.svn\props; Done.
   D:\Projetos\KTibiaX\branches\external\SyntaxBox\SyntaxBox\Keyrox.SyntaxBox\Controls\.svn\text-base; Done.
   D:\Projetos\KTibiaX\branches\external\SyntaxBox\SyntaxBox\Keyrox.SyntaxBox\Controls\.svn\tmp\prop-base; Done.
   D:\Projetos\KTibiaX\branches\external\SyntaxBox\SyntaxBox\Keyrox.SyntaxBox\Controls\.svn\tmp\props; Done.
   D:\Projetos\KTibiaX\branches\external\SyntaxBox\SyntaxBox\Keyrox.SyntaxBox\Controls\.svn\tmp\text-base; Done.
   D:\Projetos\KTibiaX\branches\external\SyntaxBox\SyntaxBox\Keyrox.SyntaxBox\Controls\.svn\tmp; Done.
   D:\Projetos\KTibiaX\branches\external\SyntaxBox\SyntaxBox\Keyrox.SyntaxBox\Controls\.svn; Done.
   D:\Projetos\KTibiaX\branches\external\SyntaxBox\SyntaxBox\Keyrox.SyntaxBox\Design\.svn\all-wcprops; Done.
   D:\Projetos\KTibiaX\branches\external\SyntaxBox\SyntaxBox\Keyrox.SyntaxBox\Design\.svn\entries; Done.
   D:\Projetos\KTibiaX\branches\external\SyntaxBox\SyntaxBox\Keyrox.SyntaxBox\Design\.svn\text-base\CollectionEditorGui.cs.svn-base; Done.
   D:\Projetos\KTibiaX\branches\external\SyntaxBox\SyntaxBox\Keyrox.SyntaxBox\Design\.svn\text-base\CollectionEditorGui.resx.svn-base; Done.
   D:\Projetos\KTibiaX\branches\external\SyntaxBox\SyntaxBox\Keyrox.SyntaxBox\Design\.svn\text-base\ComponaCollectionEditor.cs.svn-base; Done.
   D:\Projetos\KTibiaX\branches\external\SyntaxBox\SyntaxBox\Keyrox.SyntaxBox\Design\.svn\text-base\FilteredTypeConverter.cs.svn-base; Done.
   D:\Projetos\KTibiaX\branches\external\SyntaxBox\SyntaxBox\Keyrox.SyntaxBox\Design\.svn\text-base\Int32AutoConverter.cs.svn-base; Done.
   D:\Projetos\KTibiaX\branches\external\SyntaxBox\SyntaxBox\Keyrox.SyntaxBox\Design\.svn\text-base\Int32DefaultConverter.cs.svn-base; Done.
   D:\Projetos\KTibiaX\branches\external\SyntaxBox\SyntaxBox\Keyrox.SyntaxBox\Design\.svn\prop-base; Done.
   D:\Projetos\KTibiaX\branches\external\SyntaxBox\SyntaxBox\Keyrox.SyntaxBox\Design\.svn\props; Done.
   D:\Projetos\KTibiaX\branches\external\SyntaxBox\SyntaxBox\Keyrox.SyntaxBox\Design\.svn\text-base; Done.
   D:\Projetos\KTibiaX\branches\external\SyntaxBox\SyntaxBox\Keyrox.SyntaxBox\Design\.svn\tmp\prop-base; Done.
   D:\Projetos\KTibiaX\branches\external\SyntaxBox\SyntaxBox\Keyrox.SyntaxBox\Design\.svn\tmp\props; Done.
   D:\Projetos\KTibiaX\branches\external\SyntaxBox\SyntaxBox\Keyrox.SyntaxBox\Design\.svn\tmp\text-base; Done.
   D:\Projetos\KTibiaX\branches\external\SyntaxBox\SyntaxBox\Keyrox.SyntaxBox\Design\.svn\tmp; Done.
   D:\Projetos\KTibiaX\branches\external\SyntaxBox\SyntaxBox\Keyrox.SyntaxBox\Design\.svn; Done.
   D:\Projetos\KTibiaX\branches\external\SyntaxBox\SyntaxBox\Keyrox.SyntaxBox\Document\DocumentStructure\Row\.svn\all-wcprops; Done.
   D:\Projetos\KTibiaX\branches\external\SyntaxBox\SyntaxBox\Keyrox.SyntaxBox\Document\DocumentStructure\Row\.svn\entries; Done.
   D:\Projetos\KTibiaX\branches\external\SyntaxBox\SyntaxBox\Keyrox.SyntaxBox\Document\DocumentStructure\Row\.svn\text-base\Row.cs.svn-base; Done.
   D:\Projetos\KTibiaX\branches\external\SyntaxBox\SyntaxBox\Keyrox.SyntaxBox\Document\DocumentStructure\Row\.svn\text-base\RowEventArgs.cs.svn-base; Done.
   D:\Projetos\KTibiaX\branches\external\SyntaxBox\SyntaxBox\Keyrox.SyntaxBox\Document\DocumentStructure\Row\.svn\text-base\RowEventHandler.cs.svn-base; Done.
   D:\Projetos\KTibiaX\branches\external\SyntaxBox\SyntaxBox\Keyrox.SyntaxBox\Document\DocumentStructure\Row\.svn\text-base\RowList.cs.svn-base; Done.
   D:\Projetos\KTibiaX\branches\external\SyntaxBox\SyntaxBox\Keyrox.SyntaxBox\Document\DocumentStructure\Row\.svn\prop-base; Done.
   D:\Projetos\KTibiaX\branches\external\SyntaxBox\SyntaxBox\Keyrox.SyntaxBox\Document\DocumentStructure\Row\.svn\props; Done.
   D:\Projetos\KTibiaX\branches\external\SyntaxBox\SyntaxBox\Keyrox.SyntaxBox\Document\DocumentStructure\Row\.svn\text-base; Done.
   D:\Projetos\KTibiaX\branches\external\SyntaxBox\SyntaxBox\Keyrox.SyntaxBox\Document\DocumentStructure\Row\.svn\tmp\prop-base; Done.
   D:\Projetos\KTibiaX\branches\external\SyntaxBox\SyntaxBox\Keyrox.SyntaxBox\Document\DocumentStructure\Row\.svn\tmp\props; Done.
   D:\Projetos\KTibiaX\branches\external\SyntaxBox\SyntaxBox\Keyrox.SyntaxBox\Document\DocumentStructure\Row\.svn\tmp\text-base; Done.
   D:\Projetos\KTibiaX\branches\external\SyntaxBox\SyntaxBox\Keyrox.SyntaxBox\Document\DocumentStructure\Row\.svn\tmp; Done.
   D:\Projetos\KTibiaX\branches\external\SyntaxBox\SyntaxBox\Keyrox.SyntaxBox\Document\DocumentStructure\Row\.svn; Done.
   D:\Projetos\KTibiaX\branches\external\SyntaxBox\SyntaxBox\Keyrox.SyntaxBox\Document\DocumentStructure\Span\.svn\all-wcprops; Done.
   D:\Projetos\KTibiaX\branches\external\SyntaxBox\SyntaxBox\Keyrox.SyntaxBox\Document\DocumentStructure\Span\.svn\entries; Done.
   D:\Projetos\KTibiaX\branches\external\SyntaxBox\SyntaxBox\Keyrox.SyntaxBox\Document\DocumentStructure\Span\.svn\text-base\Span.cs.svn-base; Done.
   D:\Projetos\KTibiaX\branches\external\SyntaxBox\SyntaxBox\Keyrox.SyntaxBox\Document\DocumentStructure\Span\.svn\text-base\SpanList.cs.svn-base; Done.
   D:\Projetos\KTibiaX\branches\external\SyntaxBox\SyntaxBox\Keyrox.SyntaxBox\Document\DocumentStructure\Span\.svn\prop-base; Done.
   D:\Projetos\KTibiaX\branches\external\SyntaxBox\SyntaxBox\Keyrox.SyntaxBox\Document\DocumentStructure\Span\.svn\props; Done.
   D:\Projetos\KTibiaX\branches\external\SyntaxBox\SyntaxBox\Keyrox.SyntaxBox\Document\DocumentStructure\Span\.svn\text-base; Done.
   D:\Projetos\KTibiaX\branches\external\SyntaxBox\SyntaxBox\Keyrox.SyntaxBox\Document\DocumentStructure\Span\.svn\tmp\prop-base; Done.
   D:\Projetos\KTibiaX\branches\external\SyntaxBox\SyntaxBox\Keyrox.SyntaxBox\Document\DocumentStructure\Span\.svn\tmp\props; Done.
   D:\Projetos\KTibiaX\branches\external\SyntaxBox\SyntaxBox\Keyrox.SyntaxBox\Document\DocumentStructure\Span\.svn\tmp\text-base; Done.
   D:\Projetos\KTibiaX\branches\external\SyntaxBox\SyntaxBox\Keyrox.SyntaxBox\Document\DocumentStructure\Span\.svn\tmp; Done.
   D:\Projetos\KTibiaX\branches\external\SyntaxBox\SyntaxBox\Keyrox.SyntaxBox\Document\DocumentStructure\Span\.svn; Done.
   D:\Projetos\KTibiaX\branches\external\SyntaxBox\SyntaxBox\Keyrox.SyntaxBox\Document\DocumentStructure\Structs\.svn\all-wcprops; Done.
   D:\Projetos\KTibiaX\branches\external\SyntaxBox\SyntaxBox\Keyrox.SyntaxBox\Document\DocumentStructure\Structs\.svn\entries; Done.
   D:\Projetos\KTibiaX\branches\external\SyntaxBox\SyntaxBox\Keyrox.SyntaxBox\Document\DocumentStructure\Structs\.svn\text-base\BracketType.cs.svn-base; Done.
   D:\Projetos\KTibiaX\branches\external\SyntaxBox\SyntaxBox\Keyrox.SyntaxBox\Document\DocumentStructure\Structs\.svn\text-base\TextPoint.cs.svn-base; Done.
   D:\Projetos\KTibiaX\branches\external\SyntaxBox\SyntaxBox\Keyrox.SyntaxBox\Document\DocumentStructure\Structs\.svn\text-base\TextRange.cs.svn-base; Done.
   D:\Projetos\KTibiaX\branches\external\SyntaxBox\SyntaxBox\Keyrox.SyntaxBox\Document\DocumentStructure\Structs\.svn\prop-base; Done.
   D:\Projetos\KTibiaX\branches\external\SyntaxBox\SyntaxBox\Keyrox.SyntaxBox\Document\DocumentStructure\Structs\.svn\props; Done.
   D:\Projetos\KTibiaX\branches\external\SyntaxBox\SyntaxBox\Keyrox.SyntaxBox\Document\DocumentStructure\Structs\.svn\text-base; Done.
   D:\Projetos\KTibiaX\branches\external\SyntaxBox\SyntaxBox\Keyrox.SyntaxBox\Document\DocumentStructure\Structs\.svn\tmp\prop-base; Done.
   D:\Projetos\KTibiaX\branches\external\SyntaxBox\SyntaxBox\Keyrox.SyntaxBox\Document\DocumentStructure\Structs\.svn\tmp\props; Done.
   D:\Projetos\KTibiaX\branches\external\SyntaxBox\SyntaxBox\Keyrox.SyntaxBox\Document\DocumentStructure\Structs\.svn\tmp\text-base; Done.
   D:\Projetos\KTibiaX\branches\external\SyntaxBox\SyntaxBox\Keyrox.SyntaxBox\Document\DocumentStructure\Structs\.svn\tmp; Done.
   D:\Projetos\KTibiaX\branches\external\SyntaxBox\SyntaxBox\Keyrox.SyntaxBox\Document\DocumentStructure\Structs\.svn; Done.
   D:\Projetos\KTibiaX\branches\external\SyntaxBox\SyntaxBox\Keyrox.SyntaxBox\Document\DocumentStructure\Undo\.svn\all-wcprops; Done.
   D:\Projetos\KTibiaX\branches\external\SyntaxBox\SyntaxBox\Keyrox.SyntaxBox\Document\DocumentStructure\Undo\.svn\entries; Done.
   D:\Projetos\KTibiaX\branches\external\SyntaxBox\SyntaxBox\Keyrox.SyntaxBox\Document\DocumentStructure\Undo\.svn\text-base\UndoBlock.cs.svn-base; Done.
   D:\Projetos\KTibiaX\branches\external\SyntaxBox\SyntaxBox\Keyrox.SyntaxBox\Document\DocumentStructure\Undo\.svn\text-base\UndoBlockCollection.cs.svn-base; Done.
   D:\Projetos\KTibiaX\branches\external\SyntaxBox\SyntaxBox\Keyrox.SyntaxBox\Document\DocumentStructure\Undo\.svn\text-base\UndoBuffer.cs.svn-base; Done.
   D:\Projetos\KTibiaX\branches\external\SyntaxBox\SyntaxBox\Keyrox.SyntaxBox\Document\DocumentStructure\Undo\.svn\prop-base; Done.
   D:\Projetos\KTibiaX\branches\external\SyntaxBox\SyntaxBox\Keyrox.SyntaxBox\Document\DocumentStructure\Undo\.svn\props; Done.
   D:\Projetos\KTibiaX\branches\external\SyntaxBox\SyntaxBox\Keyrox.SyntaxBox\Document\DocumentStructure\Undo\.svn\text-base; Done.
   D:\Projetos\KTibiaX\branches\external\SyntaxBox\SyntaxBox\Keyrox.SyntaxBox\Document\DocumentStructure\Undo\.svn\tmp\prop-base; Done.
   D:\Projetos\KTibiaX\branches\external\SyntaxBox\SyntaxBox\Keyrox.SyntaxBox\Document\DocumentStructure\Undo\.svn\tmp\props; Done.
   D:\Projetos\KTibiaX\branches\external\SyntaxBox\SyntaxBox\Keyrox.SyntaxBox\Document\DocumentStructure\Undo\.svn\tmp\text-base; Done.
   D:\Projetos\KTibiaX\branches\external\SyntaxBox\SyntaxBox\Keyrox.SyntaxBox\Document\DocumentStructure\Undo\.svn\tmp; Done.
   D:\Projetos\KTibiaX\branches\external\SyntaxBox\SyntaxBox\Keyrox.SyntaxBox\Document\DocumentStructure\Undo\.svn; Done.
   D:\Projetos\KTibiaX\branches\external\SyntaxBox\SyntaxBox\Keyrox.SyntaxBox\Document\DocumentStructure\Word\.svn\all-wcprops; Done.
   D:\Projetos\KTibiaX\branches\external\SyntaxBox\SyntaxBox\Keyrox.SyntaxBox\Document\DocumentStructure\Word\.svn\entries; Done.
   D:\Projetos\KTibiaX\branches\external\SyntaxBox\SyntaxBox\Keyrox.SyntaxBox\Document\DocumentStructure\Word\.svn\text-base\Word.cs.svn-base; Done.
   D:\Projetos\KTibiaX\branches\external\SyntaxBox\SyntaxBox\Keyrox.SyntaxBox\Document\DocumentStructure\Word\.svn\text-base\WordList.cs.svn-base; Done.
   D:\Projetos\KTibiaX\branches\external\SyntaxBox\SyntaxBox\Keyrox.SyntaxBox\Document\DocumentStructure\Word\.svn\prop-base; Done.
   D:\Projetos\KTibiaX\branches\external\SyntaxBox\SyntaxBox\Keyrox.SyntaxBox\Document\DocumentStructure\Word\.svn\props; Done.
   D:\Projetos\KTibiaX\branches\external\SyntaxBox\SyntaxBox\Keyrox.SyntaxBox\Document\DocumentStructure\Word\.svn\text-base; Done.
   D:\Projetos\KTibiaX\branches\external\SyntaxBox\SyntaxBox\Keyrox.SyntaxBox\Document\DocumentStructure\Word\.svn\tmp\prop-base; Done.
   D:\Projetos\KTibiaX\branches\external\SyntaxBox\SyntaxBox\Keyrox.SyntaxBox\Document\DocumentStructure\Word\.svn\tmp\props; Done.
   D:\Projetos\KTibiaX\branches\external\SyntaxBox\SyntaxBox\Keyrox.SyntaxBox\Document\DocumentStructure\Word\.svn\tmp\text-base; Done.
   D:\Projetos\KTibiaX\branches\external\SyntaxBox\SyntaxBox\Keyrox.SyntaxBox\Document\DocumentStructure\Word\.svn\tmp; Done.
   D:\Projetos\KTibiaX\branches\external\SyntaxBox\SyntaxBox\Keyrox.SyntaxBox\Document\DocumentStructure\Word\.svn; Done.
   D:\Projetos\KTibiaX\branches\external\SyntaxBox\SyntaxBox\Keyrox.SyntaxBox\Document\DocumentStructure\.svn\all-wcprops; Done.
   D:\Projetos\KTibiaX\branches\external\SyntaxBox\SyntaxBox\Keyrox.SyntaxBox\Document\DocumentStructure\.svn\entries; Done.
   D:\Projetos\KTibiaX\branches\external\SyntaxBox\SyntaxBox\Keyrox.SyntaxBox\Document\DocumentStructure\.svn\prop-base; Done.
   D:\Projetos\KTibiaX\branches\external\SyntaxBox\SyntaxBox\Keyrox.SyntaxBox\Document\DocumentStructure\.svn\props; Done.
   D:\Projetos\KTibiaX\branches\external\SyntaxBox\SyntaxBox\Keyrox.SyntaxBox\Document\DocumentStructure\.svn\text-base; Done.
   D:\Projetos\KTibiaX\branches\external\SyntaxBox\SyntaxBox\Keyrox.SyntaxBox\Document\DocumentStructure\.svn\tmp\prop-base; Done.
   D:\Projetos\KTibiaX\branches\external\SyntaxBox\SyntaxBox\Keyrox.SyntaxBox\Document\DocumentStructure\.svn\tmp\props; Done.
   D:\Projetos\KTibiaX\branches\external\SyntaxBox\SyntaxBox\Keyrox.SyntaxBox\Document\DocumentStructure\.svn\tmp\text-base; Done.
   D:\Projetos\KTibiaX\branches\external\SyntaxBox\SyntaxBox\Keyrox.SyntaxBox\Document\DocumentStructure\.svn\tmp; Done.
   D:\Projetos\KTibiaX\branches\external\SyntaxBox\SyntaxBox\Keyrox.SyntaxBox\Document\DocumentStructure\.svn; Done.
   D:\Projetos\KTibiaX\branches\external\SyntaxBox\SyntaxBox\Keyrox.SyntaxBox\Document\Export\.svn\all-wcprops; Done.
   D:\Projetos\KTibiaX\branches\external\SyntaxBox\SyntaxBox\Keyrox.SyntaxBox\Document\Export\.svn\entries; Done.
   D:\Projetos\KTibiaX\branches\external\SyntaxBox\SyntaxBox\Keyrox.SyntaxBox\Document\Export\.svn\text-base\CollapsingHTMLExporter.cs.svn-base; Done.
   D:\Projetos\KTibiaX\branches\external\SyntaxBox\SyntaxBox\Keyrox.SyntaxBox\Document\Export\.svn\text-base\SimpleHTMLExporter.cs.svn-base; Done.
   D:\Projetos\KTibiaX\branches\external\SyntaxBox\SyntaxBox\Keyrox.SyntaxBox\Document\Export\.svn\prop-base; Done.
   D:\Projetos\KTibiaX\branches\external\SyntaxBox\SyntaxBox\Keyrox.SyntaxBox\Document\Export\.svn\props; Done.
   D:\Projetos\KTibiaX\branches\external\SyntaxBox\SyntaxBox\Keyrox.SyntaxBox\Document\Export\.svn\text-base; Done.
   D:\Projetos\KTibiaX\branches\external\SyntaxBox\SyntaxBox\Keyrox.SyntaxBox\Document\Export\.svn\tmp\prop-base; Done.
   D:\Projetos\KTibiaX\branches\external\SyntaxBox\SyntaxBox\Keyrox.SyntaxBox\Document\Export\.svn\tmp\props; Done.
   D:\Projetos\KTibiaX\branches\external\SyntaxBox\SyntaxBox\Keyrox.SyntaxBox\Document\Export\.svn\tmp\text-base; Done.
   D:\Projetos\KTibiaX\branches\external\SyntaxBox\SyntaxBox\Keyrox.SyntaxBox\Document\Export\.svn\tmp; Done.
   D:\Projetos\KTibiaX\branches\external\SyntaxBox\SyntaxBox\Keyrox.SyntaxBox\Document\Export\.svn; Done.
   D:\Projetos\KTibiaX\branches\external\SyntaxBox\SyntaxBox\Keyrox.SyntaxBox\Document\Parser\.svn\all-wcprops; Done.
   D:\Projetos\KTibiaX\branches\external\SyntaxBox\SyntaxBox\Keyrox.SyntaxBox\Document\Parser\.svn\entries; Done.
   D:\Projetos\KTibiaX\branches\external\SyntaxBox\SyntaxBox\Keyrox.SyntaxBox\Document\Parser\.svn\text-base\DefaultParser.cs.svn-base; Done.
   D:\Projetos\KTibiaX\branches\external\SyntaxBox\SyntaxBox\Keyrox.SyntaxBox\Document\Parser\.svn\text-base\IParser.cs.svn-base; Done.
   D:\Projetos\KTibiaX\branches\external\SyntaxBox\SyntaxBox\Keyrox.SyntaxBox\Document\Parser\.svn\text-base\NewParser.cs.svn-base; Done.
   D:\Projetos\KTibiaX\branches\external\SyntaxBox\SyntaxBox\Keyrox.SyntaxBox\Document\Parser\.svn\text-base\ParserBase.cs.svn-base; Done.
   D:\Projetos\KTibiaX\branches\external\SyntaxBox\SyntaxBox\Keyrox.SyntaxBox\Document\Parser\.svn\text-base\ParserEventHandler.cs.svn-base; Done.
   D:\Projetos\KTibiaX\branches\external\SyntaxBox\SyntaxBox\Keyrox.SyntaxBox\Document\Parser\.svn\text-base\ParseTools.cs.svn-base; Done.
   D:\Projetos\KTibiaX\branches\external\SyntaxBox\SyntaxBox\Keyrox.SyntaxBox\Document\Parser\.svn\text-base\ScanResultSegment.cs.svn-base; Done.
   D:\Projetos\KTibiaX\branches\external\SyntaxBox\SyntaxBox\Keyrox.SyntaxBox\Document\Parser\.svn\text-base\ScanResultWord.cs.svn-base; Done.
   D:\Projetos\KTibiaX\branches\external\SyntaxBox\SyntaxBox\Keyrox.SyntaxBox\Document\Parser\.svn\prop-base; Done.
   D:\Projetos\KTibiaX\branches\external\SyntaxBox\SyntaxBox\Keyrox.SyntaxBox\Document\Parser\.svn\props; Done.
   D:\Projetos\KTibiaX\branches\external\SyntaxBox\SyntaxBox\Keyrox.SyntaxBox\Document\Parser\.svn\text-base; Done.
   D:\Projetos\KTibiaX\branches\external\SyntaxBox\SyntaxBox\Keyrox.SyntaxBox\Document\Parser\.svn\tmp\prop-base; Done.
   D:\Projetos\KTibiaX\branches\external\SyntaxBox\SyntaxBox\Keyrox.SyntaxBox\Document\Parser\.svn\tmp\props; Done.
   D:\Projetos\KTibiaX\branches\external\SyntaxBox\SyntaxBox\Keyrox.SyntaxBox\Document\Parser\.svn\tmp\text-base; Done.
   D:\Projetos\KTibiaX\branches\external\SyntaxBox\SyntaxBox\Keyrox.SyntaxBox\Document\Parser\.svn\tmp; Done.
   D:\Projetos\KTibiaX\branches\external\SyntaxBox\SyntaxBox\Keyrox.SyntaxBox\Document\Parser\.svn; Done.
   D:\Projetos\KTibiaX\branches\external\SyntaxBox\SyntaxBox\Keyrox.SyntaxBox\Document\Print\.svn\all-wcprops; Done.
   D:\Projetos\KTibiaX\branches\external\SyntaxBox\SyntaxBox\Keyrox.SyntaxBox\Document\Print\.svn\entries; Done.
   D:\Projetos\KTibiaX\branches\external\SyntaxBox\SyntaxBox\Keyrox.SyntaxBox\Document\Print\.svn\text-base\SourceCodePrintDocument.cs.svn-base; Done.
   D:\Projetos\KTibiaX\branches\external\SyntaxBox\SyntaxBox\Keyrox.SyntaxBox\Document\Print\.svn\text-base\SourceCodePrintDocument.resx.svn-base; Done.
   D:\Projetos\KTibiaX\branches\external\SyntaxBox\SyntaxBox\Keyrox.SyntaxBox\Document\Print\.svn\prop-base; Done.
   D:\Projetos\KTibiaX\branches\external\SyntaxBox\SyntaxBox\Keyrox.SyntaxBox\Document\Print\.svn\props; Done.
   D:\Projetos\KTibiaX\branches\external\SyntaxBox\SyntaxBox\Keyrox.SyntaxBox\Document\Print\.svn\text-base; Done.
   D:\Projetos\KTibiaX\branches\external\SyntaxBox\SyntaxBox\Keyrox.SyntaxBox\Document\Print\.svn\tmp\prop-base; Done.
   D:\Projetos\KTibiaX\branches\external\SyntaxBox\SyntaxBox\Keyrox.SyntaxBox\Document\Print\.svn\tmp\props; Done.
   D:\Projetos\KTibiaX\branches\external\SyntaxBox\SyntaxBox\Keyrox.SyntaxBox\Document\Print\.svn\tmp\text-base; Done.
   D:\Projetos\KTibiaX\branches\external\SyntaxBox\SyntaxBox\Keyrox.SyntaxBox\Document\Print\.svn\tmp; Done.
   D:\Projetos\KTibiaX\branches\external\SyntaxBox\SyntaxBox\Keyrox.SyntaxBox\Document\Print\.svn; Done.
   D:\Projetos\KTibiaX\branches\external\SyntaxBox\SyntaxBox\Keyrox.SyntaxBox\Document\SyntaxDefinition\Pattern\.svn\all-wcprops; Done.
   D:\Projetos\KTibiaX\branches\external\SyntaxBox\SyntaxBox\Keyrox.SyntaxBox\Document\SyntaxDefinition\Pattern\.svn\entries; Done.
   D:\Projetos\KTibiaX\branches\external\SyntaxBox\SyntaxBox\Keyrox.SyntaxBox\Document\SyntaxDefinition\Pattern\.svn\text-base\Pattern.cs.svn-base; Done.
   D:\Projetos\KTibiaX\branches\external\SyntaxBox\SyntaxBox\Keyrox.SyntaxBox\Document\SyntaxDefinition\Pattern\.svn\text-base\PatternCollection.cs.svn-base; Done.
   D:\Projetos\KTibiaX\branches\external\SyntaxBox\SyntaxBox\Keyrox.SyntaxBox\Document\SyntaxDefinition\Pattern\.svn\text-base\PatternExtensions.cs.svn-base; Done.
   D:\Projetos\KTibiaX\branches\external\SyntaxBox\SyntaxBox\Keyrox.SyntaxBox\Document\SyntaxDefinition\Pattern\.svn\text-base\PatternList.cs.svn-base; Done.
   D:\Projetos\KTibiaX\branches\external\SyntaxBox\SyntaxBox\Keyrox.SyntaxBox\Document\SyntaxDefinition\Pattern\.svn\text-base\PatternListList.cs.svn-base; Done.
   D:\Projetos\KTibiaX\branches\external\SyntaxBox\SyntaxBox\Keyrox.SyntaxBox\Document\SyntaxDefinition\Pattern\.svn\text-base\PatternScanResult.cs.svn-base; Done.
   D:\Projetos\KTibiaX\branches\external\SyntaxBox\SyntaxBox\Keyrox.SyntaxBox\Document\SyntaxDefinition\Pattern\.svn\prop-base; Done.
   D:\Projetos\KTibiaX\branches\external\SyntaxBox\SyntaxBox\Keyrox.SyntaxBox\Document\SyntaxDefinition\Pattern\.svn\props; Done.
   D:\Projetos\KTibiaX\branches\external\SyntaxBox\SyntaxBox\Keyrox.SyntaxBox\Document\SyntaxDefinition\Pattern\.svn\text-base; Done.
   D:\Projetos\KTibiaX\branches\external\SyntaxBox\SyntaxBox\Keyrox.SyntaxBox\Document\SyntaxDefinition\Pattern\.svn\tmp\prop-base; Done.
   D:\Projetos\KTibiaX\branches\external\SyntaxBox\SyntaxBox\Keyrox.SyntaxBox\Document\SyntaxDefinition\Pattern\.svn\tmp\props; Done.
   D:\Projetos\KTibiaX\branches\external\SyntaxBox\SyntaxBox\Keyrox.SyntaxBox\Document\SyntaxDefinition\Pattern\.svn\tmp\text-base; Done.
   D:\Projetos\KTibiaX\branches\external\SyntaxBox\SyntaxBox\Keyrox.SyntaxBox\Document\SyntaxDefinition\Pattern\.svn\tmp; Done.
   D:\Projetos\KTibiaX\branches\external\SyntaxBox\SyntaxBox\Keyrox.SyntaxBox\Document\SyntaxDefinition\Pattern\.svn; Done.
   D:\Projetos\KTibiaX\branches\external\SyntaxBox\SyntaxBox\Keyrox.SyntaxBox\Document\SyntaxDefinition\Scope\.svn\all-wcprops; Done.
   D:\Projetos\KTibiaX\branches\external\SyntaxBox\SyntaxBox\Keyrox.SyntaxBox\Document\SyntaxDefinition\Scope\.svn\entries; Done.
   D:\Projetos\KTibiaX\branches\external\SyntaxBox\SyntaxBox\Keyrox.SyntaxBox\Document\SyntaxDefinition\Scope\.svn\text-base\Scope.cs.svn-base; Done.
   D:\Projetos\KTibiaX\branches\external\SyntaxBox\SyntaxBox\Keyrox.SyntaxBox\Document\SyntaxDefinition\Scope\.svn\text-base\ScopeList.cs.svn-base; Done.
   D:\Projetos\KTibiaX\branches\external\SyntaxBox\SyntaxBox\Keyrox.SyntaxBox\Document\SyntaxDefinition\Scope\.svn\prop-base; Done.
   D:\Projetos\KTibiaX\branches\external\SyntaxBox\SyntaxBox\Keyrox.SyntaxBox\Document\SyntaxDefinition\Scope\.svn\props; Done.
   D:\Projetos\KTibiaX\branches\external\SyntaxBox\SyntaxBox\Keyrox.SyntaxBox\Document\SyntaxDefinition\Scope\.svn\text-base; Done.
   D:\Projetos\KTibiaX\branches\external\SyntaxBox\SyntaxBox\Keyrox.SyntaxBox\Document\SyntaxDefinition\Scope\.svn\tmp\prop-base; Done.
   D:\Projetos\KTibiaX\branches\external\SyntaxBox\SyntaxBox\Keyrox.SyntaxBox\Document\SyntaxDefinition\Scope\.svn\tmp\props; Done.
   D:\Projetos\KTibiaX\branches\external\SyntaxBox\SyntaxBox\Keyrox.SyntaxBox\Document\SyntaxDefinition\Scope\.svn\tmp\text-base; Done.
   D:\Projetos\KTibiaX\branches\external\SyntaxBox\SyntaxBox\Keyrox.SyntaxBox\Document\SyntaxDefinition\Scope\.svn\tmp; Done.
   D:\Projetos\KTibiaX\branches\external\SyntaxBox\SyntaxBox\Keyrox.SyntaxBox\Document\SyntaxDefinition\Scope\.svn; Done.
   D:\Projetos\KTibiaX\branches\external\SyntaxBox\SyntaxBox\Keyrox.SyntaxBox\Document\SyntaxDefinition\SpanDefinition\.svn\all-wcprops; Done.
   D:\Projetos\KTibiaX\branches\external\SyntaxBox\SyntaxBox\Keyrox.SyntaxBox\Document\SyntaxDefinition\SpanDefinition\.svn\entries; Done.
   D:\Projetos\KTibiaX\branches\external\SyntaxBox\SyntaxBox\Keyrox.SyntaxBox\Document\SyntaxDefinition\SpanDefinition\.svn\text-base\SpanDefinition.cs.svn-base; Done.
   D:\Projetos\KTibiaX\branches\external\SyntaxBox\SyntaxBox\Keyrox.SyntaxBox\Document\SyntaxDefinition\SpanDefinition\.svn\text-base\SpanDefinitionList.cs.svn-base; Done.
   D:\Projetos\KTibiaX\branches\external\SyntaxBox\SyntaxBox\Keyrox.SyntaxBox\Document\SyntaxDefinition\SpanDefinition\.svn\prop-base; Done.
   D:\Projetos\KTibiaX\branches\external\SyntaxBox\SyntaxBox\Keyrox.SyntaxBox\Document\SyntaxDefinition\SpanDefinition\.svn\props; Done.
   D:\Projetos\KTibiaX\branches\external\SyntaxBox\SyntaxBox\Keyrox.SyntaxBox\Document\SyntaxDefinition\SpanDefinition\.svn\text-base; Done.
   D:\Projetos\KTibiaX\branches\external\SyntaxBox\SyntaxBox\Keyrox.SyntaxBox\Document\SyntaxDefinition\SpanDefinition\.svn\tmp\prop-base; Done.
   D:\Projetos\KTibiaX\branches\external\SyntaxBox\SyntaxBox\Keyrox.SyntaxBox\Document\SyntaxDefinition\SpanDefinition\.svn\tmp\props; Done.
   D:\Projetos\KTibiaX\branches\external\SyntaxBox\SyntaxBox\Keyrox.SyntaxBox\Document\SyntaxDefinition\SpanDefinition\.svn\tmp\text-base; Done.
   D:\Projetos\KTibiaX\branches\external\SyntaxBox\SyntaxBox\Keyrox.SyntaxBox\Document\SyntaxDefinition\SpanDefinition\.svn\tmp; Done.
   D:\Projetos\KTibiaX\branches\external\SyntaxBox\SyntaxBox\Keyrox.SyntaxBox\Document\SyntaxDefinition\SpanDefinition\.svn; Done.
   D:\Projetos\KTibiaX\branches\external\SyntaxBox\SyntaxBox\Keyrox.SyntaxBox\Document\SyntaxDefinition\TextStyle\.svn\all-wcprops; Done.
   D:\Projetos\KTibiaX\branches\external\SyntaxBox\SyntaxBox\Keyrox.SyntaxBox\Document\SyntaxDefinition\TextStyle\.svn\entries; Done.
   D:\Projetos\KTibiaX\branches\external\SyntaxBox\SyntaxBox\Keyrox.SyntaxBox\Document\SyntaxDefinition\TextStyle\.svn\text-base\TextStyle.cs.svn-base; Done.
   D:\Projetos\KTibiaX\branches\external\SyntaxBox\SyntaxBox\Keyrox.SyntaxBox\Document\SyntaxDefinition\TextStyle\.svn\text-base\TextStyleDesignerDialog.cs.svn-base; Done.
   D:\Projetos\KTibiaX\branches\external\SyntaxBox\SyntaxBox\Keyrox.SyntaxBox\Document\SyntaxDefinition\TextStyle\.svn\text-base\TextStyleDesignerDialog.resx.svn-base; Done.
   D:\Projetos\KTibiaX\branches\external\SyntaxBox\SyntaxBox\Keyrox.SyntaxBox\Document\SyntaxDefinition\TextStyle\.svn\text-base\TextStyleUIEditor.cs.svn-base; Done.
   D:\Projetos\KTibiaX\branches\external\SyntaxBox\SyntaxBox\Keyrox.SyntaxBox\Document\SyntaxDefinition\TextStyle\.svn\prop-base; Done.
   D:\Projetos\KTibiaX\branches\external\SyntaxBox\SyntaxBox\Keyrox.SyntaxBox\Document\SyntaxDefinition\TextStyle\.svn\props; Done.
   D:\Projetos\KTibiaX\branches\external\SyntaxBox\SyntaxBox\Keyrox.SyntaxBox\Document\SyntaxDefinition\TextStyle\.svn\text-base; Done.
   D:\Projetos\KTibiaX\branches\external\SyntaxBox\SyntaxBox\Keyrox.SyntaxBox\Document\SyntaxDefinition\TextStyle\.svn\tmp\prop-base; Done.
   D:\Projetos\KTibiaX\branches\external\SyntaxBox\SyntaxBox\Keyrox.SyntaxBox\Document\SyntaxDefinition\TextStyle\.svn\tmp\props; Done.
   D:\Projetos\KTibiaX\branches\external\SyntaxBox\SyntaxBox\Keyrox.SyntaxBox\Document\SyntaxDefinition\TextStyle\.svn\tmp\text-base; Done.
   D:\Projetos\KTibiaX\branches\external\SyntaxBox\SyntaxBox\Keyrox.SyntaxBox\Document\SyntaxDefinition\TextStyle\.svn\tmp; Done.
   D:\Projetos\KTibiaX\branches\external\SyntaxBox\SyntaxBox\Keyrox.SyntaxBox\Document\SyntaxDefinition\TextStyle\.svn; Done.
   D:\Projetos\KTibiaX\branches\external\SyntaxBox\SyntaxBox\Keyrox.SyntaxBox\Document\SyntaxDefinition\.svn\all-wcprops; Done.
   D:\Projetos\KTibiaX\branches\external\SyntaxBox\SyntaxBox\Keyrox.SyntaxBox\Document\SyntaxDefinition\.svn\entries; Done.
   D:\Projetos\KTibiaX\branches\external\SyntaxBox\SyntaxBox\Keyrox.SyntaxBox\Document\SyntaxDefinition\.svn\text-base\SyntaxDefinition.cs.svn-base; Done.
   D:\Projetos\KTibiaX\branches\external\SyntaxBox\SyntaxBox\Keyrox.SyntaxBox\Document\SyntaxDefinition\.svn\text-base\SyntaxDefinitionList.cs.svn-base; Done.
   D:\Projetos\KTibiaX\branches\external\SyntaxBox\SyntaxBox\Keyrox.SyntaxBox\Document\SyntaxDefinition\.svn\text-base\SyntaxDefinitionLoader.cs.svn-base; Done.
   D:\Projetos\KTibiaX\branches\external\SyntaxBox\SyntaxBox\Keyrox.SyntaxBox\Document\SyntaxDefinition\.svn\prop-base; Done.
   D:\Projetos\KTibiaX\branches\external\SyntaxBox\SyntaxBox\Keyrox.SyntaxBox\Document\SyntaxDefinition\.svn\props; Done.
   D:\Projetos\KTibiaX\branches\external\SyntaxBox\SyntaxBox\Keyrox.SyntaxBox\Document\SyntaxDefinition\.svn\text-base; Done.
   D:\Projetos\KTibiaX\branches\external\SyntaxBox\SyntaxBox\Keyrox.SyntaxBox\Document\SyntaxDefinition\.svn\tmp\prop-base; Done.
   D:\Projetos\KTibiaX\branches\external\SyntaxBox\SyntaxBox\Keyrox.SyntaxBox\Document\SyntaxDefinition\.svn\tmp\props; Done.
   D:\Projetos\KTibiaX\branches\external\SyntaxBox\SyntaxBox\Keyrox.SyntaxBox\Document\SyntaxDefinition\.svn\tmp\text-base; Done.
   D:\Projetos\KTibiaX\branches\external\SyntaxBox\SyntaxBox\Keyrox.SyntaxBox\Document\SyntaxDefinition\.svn\tmp; Done.
   D:\Projetos\KTibiaX\branches\external\SyntaxBox\SyntaxBox\Keyrox.SyntaxBox\Document\SyntaxDefinition\.svn; Done.
   D:\Projetos\KTibiaX\branches\external\SyntaxBox\SyntaxBox\Keyrox.SyntaxBox\Document\.svn\all-wcprops; Done.
   D:\Projetos\KTibiaX\branches\external\SyntaxBox\SyntaxBox\Keyrox.SyntaxBox\Document\.svn\entries; Done.
   D:\Projetos\KTibiaX\branches\external\SyntaxBox\SyntaxBox\Keyrox.SyntaxBox\Document\.svn\text-base\ImageIndexList.cs.svn-base; Done.
   D:\Projetos\KTibiaX\branches\external\SyntaxBox\SyntaxBox\Keyrox.SyntaxBox\Document\.svn\text-base\SyntaxDocument.cs.svn-base; Done.
   D:\Projetos\KTibiaX\branches\external\SyntaxBox\SyntaxBox\Keyrox.SyntaxBox\Document\.svn\text-base\SyntaxDocument.resx.svn-base; Done.
   D:\Projetos\KTibiaX\branches\external\SyntaxBox\SyntaxBox\Keyrox.SyntaxBox\Document\.svn\prop-base; Done.
   D:\Projetos\KTibiaX\branches\external\SyntaxBox\SyntaxBox\Keyrox.SyntaxBox\Document\.svn\props; Done.
   D:\Projetos\KTibiaX\branches\external\SyntaxBox\SyntaxBox\Keyrox.SyntaxBox\Document\.svn\text-base; Done.
   D:\Projetos\KTibiaX\branches\external\SyntaxBox\SyntaxBox\Keyrox.SyntaxBox\Document\.svn\tmp\prop-base; Done.
   D:\Projetos\KTibiaX\branches\external\SyntaxBox\SyntaxBox\Keyrox.SyntaxBox\Document\.svn\tmp\props; Done.
   D:\Projetos\KTibiaX\branches\external\SyntaxBox\SyntaxBox\Keyrox.SyntaxBox\Document\.svn\tmp\text-base; Done.
   D:\Projetos\KTibiaX\branches\external\SyntaxBox\SyntaxBox\Keyrox.SyntaxBox\Document\.svn\tmp; Done.
   D:\Projetos\KTibiaX\branches\external\SyntaxBox\SyntaxBox\Keyrox.SyntaxBox\Document\.svn; Done.
   D:\Projetos\KTibiaX\branches\external\SyntaxBox\SyntaxBox\Keyrox.SyntaxBox\Drawing\GDI32\.svn\all-wcprops; Done.
   D:\Projetos\KTibiaX\branches\external\SyntaxBox\SyntaxBox\Keyrox.SyntaxBox\Drawing\GDI32\.svn\entries; Done.
   D:\Projetos\KTibiaX\branches\external\SyntaxBox\SyntaxBox\Keyrox.SyntaxBox\Drawing\GDI32\.svn\text-base\FontEnum.cs.svn-base; Done.
   D:\Projetos\KTibiaX\branches\external\SyntaxBox\SyntaxBox\Keyrox.SyntaxBox\Drawing\GDI32\.svn\text-base\GDIBrushes.cs.svn-base; Done.
   D:\Projetos\KTibiaX\branches\external\SyntaxBox\SyntaxBox\Keyrox.SyntaxBox\Drawing\GDI32\.svn\text-base\GDIFont.cs.svn-base; Done.
   D:\Projetos\KTibiaX\branches\external\SyntaxBox\SyntaxBox\Keyrox.SyntaxBox\Drawing\GDI32\.svn\text-base\GDIObject.cs.svn-base; Done.
   D:\Projetos\KTibiaX\branches\external\SyntaxBox\SyntaxBox\Keyrox.SyntaxBox\Drawing\GDI32\.svn\text-base\GDIPens.cs.svn-base; Done.
   D:\Projetos\KTibiaX\branches\external\SyntaxBox\SyntaxBox\Keyrox.SyntaxBox\Drawing\GDI32\.svn\text-base\GDISurface.cs.svn-base; Done.
   D:\Projetos\KTibiaX\branches\external\SyntaxBox\SyntaxBox\Keyrox.SyntaxBox\Drawing\GDI32\.svn\prop-base; Done.
   D:\Projetos\KTibiaX\branches\external\SyntaxBox\SyntaxBox\Keyrox.SyntaxBox\Drawing\GDI32\.svn\props; Done.
   D:\Projetos\KTibiaX\branches\external\SyntaxBox\SyntaxBox\Keyrox.SyntaxBox\Drawing\GDI32\.svn\text-base; Done.
   D:\Projetos\KTibiaX\branches\external\SyntaxBox\SyntaxBox\Keyrox.SyntaxBox\Drawing\GDI32\.svn\tmp\prop-base; Done.
   D:\Projetos\KTibiaX\branches\external\SyntaxBox\SyntaxBox\Keyrox.SyntaxBox\Drawing\GDI32\.svn\tmp\props; Done.
   D:\Projetos\KTibiaX\branches\external\SyntaxBox\SyntaxBox\Keyrox.SyntaxBox\Drawing\GDI32\.svn\tmp\text-base; Done.
   D:\Projetos\KTibiaX\branches\external\SyntaxBox\SyntaxBox\Keyrox.SyntaxBox\Drawing\GDI32\.svn\tmp; Done.
   D:\Projetos\KTibiaX\branches\external\SyntaxBox\SyntaxBox\Keyrox.SyntaxBox\Drawing\GDI32\.svn; Done.
   D:\Projetos\KTibiaX\branches\external\SyntaxBox\SyntaxBox\Keyrox.SyntaxBox\Drawing\.svn\all-wcprops; Done.
   D:\Projetos\KTibiaX\branches\external\SyntaxBox\SyntaxBox\Keyrox.SyntaxBox\Drawing\.svn\entries; Done.
   D:\Projetos\KTibiaX\branches\external\SyntaxBox\SyntaxBox\Keyrox.SyntaxBox\Drawing\.svn\text-base\DesktopGraphics.cs.svn-base; Done.
   D:\Projetos\KTibiaX\branches\external\SyntaxBox\SyntaxBox\Keyrox.SyntaxBox\Drawing\.svn\text-base\DrawingTools.cs.svn-base; Done.
   D:\Projetos\KTibiaX\branches\external\SyntaxBox\SyntaxBox\Keyrox.SyntaxBox\Drawing\.svn\text-base\Enums.cs.svn-base; Done.
   D:\Projetos\KTibiaX\branches\external\SyntaxBox\SyntaxBox\Keyrox.SyntaxBox\Drawing\.svn\prop-base; Done.
   D:\Projetos\KTibiaX\branches\external\SyntaxBox\SyntaxBox\Keyrox.SyntaxBox\Drawing\.svn\props; Done.
   D:\Projetos\KTibiaX\branches\external\SyntaxBox\SyntaxBox\Keyrox.SyntaxBox\Drawing\.svn\text-base; Done.
   D:\Projetos\KTibiaX\branches\external\SyntaxBox\SyntaxBox\Keyrox.SyntaxBox\Drawing\.svn\tmp\prop-base; Done.
   D:\Projetos\KTibiaX\branches\external\SyntaxBox\SyntaxBox\Keyrox.SyntaxBox\Drawing\.svn\tmp\props; Done.
   D:\Projetos\KTibiaX\branches\external\SyntaxBox\SyntaxBox\Keyrox.SyntaxBox\Drawing\.svn\tmp\text-base; Done.
   D:\Projetos\KTibiaX\branches\external\SyntaxBox\SyntaxBox\Keyrox.SyntaxBox\Drawing\.svn\tmp; Done.
   D:\Projetos\KTibiaX\branches\external\SyntaxBox\SyntaxBox\Keyrox.SyntaxBox\Drawing\.svn; Done.
   D:\Projetos\KTibiaX\branches\external\SyntaxBox\SyntaxBox\Keyrox.SyntaxBox\Globalization\.svn\all-wcprops; Done.
   D:\Projetos\KTibiaX\branches\external\SyntaxBox\SyntaxBox\Keyrox.SyntaxBox\Globalization\.svn\entries; Done.
   D:\Projetos\KTibiaX\branches\external\SyntaxBox\SyntaxBox\Keyrox.SyntaxBox\Globalization\.svn\text-base\IMEWindow.cs.svn-base; Done.
   D:\Projetos\KTibiaX\branches\external\SyntaxBox\SyntaxBox\Keyrox.SyntaxBox\Globalization\.svn\prop-base; Done.
   D:\Projetos\KTibiaX\branches\external\SyntaxBox\SyntaxBox\Keyrox.SyntaxBox\Globalization\.svn\props; Done.
   D:\Projetos\KTibiaX\branches\external\SyntaxBox\SyntaxBox\Keyrox.SyntaxBox\Globalization\.svn\text-base; Done.
   D:\Projetos\KTibiaX\branches\external\SyntaxBox\SyntaxBox\Keyrox.SyntaxBox\Globalization\.svn\tmp\prop-base; Done.
   D:\Projetos\KTibiaX\branches\external\SyntaxBox\SyntaxBox\Keyrox.SyntaxBox\Globalization\.svn\tmp\props; Done.
   D:\Projetos\KTibiaX\branches\external\SyntaxBox\SyntaxBox\Keyrox.SyntaxBox\Globalization\.svn\tmp\text-base; Done.
   D:\Projetos\KTibiaX\branches\external\SyntaxBox\SyntaxBox\Keyrox.SyntaxBox\Globalization\.svn\tmp; Done.
   D:\Projetos\KTibiaX\branches\external\SyntaxBox\SyntaxBox\Keyrox.SyntaxBox\Globalization\.svn; Done.
   D:\Projetos\KTibiaX\branches\external\SyntaxBox\SyntaxBox\Keyrox.SyntaxBox\Interfaces\.svn\all-wcprops; Done.
   D:\Projetos\KTibiaX\branches\external\SyntaxBox\SyntaxBox\Keyrox.SyntaxBox\Interfaces\.svn\entries; Done.
   D:\Projetos\KTibiaX\branches\external\SyntaxBox\SyntaxBox\Keyrox.SyntaxBox\Interfaces\.svn\text-base\IPainter.cs.svn-base; Done.
   D:\Projetos\KTibiaX\branches\external\SyntaxBox\SyntaxBox\Keyrox.SyntaxBox\Interfaces\.svn\prop-base; Done.
   D:\Projetos\KTibiaX\branches\external\SyntaxBox\SyntaxBox\Keyrox.SyntaxBox\Interfaces\.svn\props; Done.
   D:\Projetos\KTibiaX\branches\external\SyntaxBox\SyntaxBox\Keyrox.SyntaxBox\Interfaces\.svn\text-base; Done.
   D:\Projetos\KTibiaX\branches\external\SyntaxBox\SyntaxBox\Keyrox.SyntaxBox\Interfaces\.svn\tmp\prop-base; Done.
   D:\Projetos\KTibiaX\branches\external\SyntaxBox\SyntaxBox\Keyrox.SyntaxBox\Interfaces\.svn\tmp\props; Done.
   D:\Projetos\KTibiaX\branches\external\SyntaxBox\SyntaxBox\Keyrox.SyntaxBox\Interfaces\.svn\tmp\text-base; Done.
   D:\Projetos\KTibiaX\branches\external\SyntaxBox\SyntaxBox\Keyrox.SyntaxBox\Interfaces\.svn\tmp; Done.
   D:\Projetos\KTibiaX\branches\external\SyntaxBox\SyntaxBox\Keyrox.SyntaxBox\Interfaces\.svn; Done.
   D:\Projetos\KTibiaX\branches\external\SyntaxBox\SyntaxBox\Keyrox.SyntaxBox\Properties\.svn\all-wcprops; Done.
   D:\Projetos\KTibiaX\branches\external\SyntaxBox\SyntaxBox\Keyrox.SyntaxBox\Properties\.svn\entries; Done.
   D:\Projetos\KTibiaX\branches\external\SyntaxBox\SyntaxBox\Keyrox.SyntaxBox\Properties\.svn\text-base\Resources.Designer.cs.svn-base; Done.
   D:\Projetos\KTibiaX\branches\external\SyntaxBox\SyntaxBox\Keyrox.SyntaxBox\Properties\.svn\text-base\Resources.resx.svn-base; Done.
   D:\Projetos\KTibiaX\branches\external\SyntaxBox\SyntaxBox\Keyrox.SyntaxBox\Properties\.svn\prop-base; Done.
   D:\Projetos\KTibiaX\branches\external\SyntaxBox\SyntaxBox\Keyrox.SyntaxBox\Properties\.svn\props; Done.
   D:\Projetos\KTibiaX\branches\external\SyntaxBox\SyntaxBox\Keyrox.SyntaxBox\Properties\.svn\text-base; Done.
   D:\Projetos\KTibiaX\branches\external\SyntaxBox\SyntaxBox\Keyrox.SyntaxBox\Properties\.svn\tmp\prop-base; Done.
   D:\Projetos\KTibiaX\branches\external\SyntaxBox\SyntaxBox\Keyrox.SyntaxBox\Properties\.svn\tmp\props; Done.
   D:\Projetos\KTibiaX\branches\external\SyntaxBox\SyntaxBox\Keyrox.SyntaxBox\Properties\.svn\tmp\text-base; Done.
   D:\Projetos\KTibiaX\branches\external\SyntaxBox\SyntaxBox\Keyrox.SyntaxBox\Properties\.svn\tmp; Done.
   D:\Projetos\KTibiaX\branches\external\SyntaxBox\SyntaxBox\Keyrox.SyntaxBox\Properties\.svn; Done.
   D:\Projetos\KTibiaX\branches\external\SyntaxBox\SyntaxBox\Keyrox.SyntaxBox\Text\PatternMatchers\.svn\all-wcprops; Done.
   D:\Projetos\KTibiaX\branches\external\SyntaxBox\SyntaxBox\Keyrox.SyntaxBox\Text\PatternMatchers\.svn\entries; Done.
   D:\Projetos\KTibiaX\branches\external\SyntaxBox\SyntaxBox\Keyrox.SyntaxBox\Text\PatternMatchers\.svn\text-base\BinPatternMatcher.cs.svn-base; Done.
   D:\Projetos\KTibiaX\branches\external\SyntaxBox\SyntaxBox\Keyrox.SyntaxBox\Text\PatternMatchers\.svn\text-base\DecPatternMatcher.cs.svn-base; Done.
   D:\Projetos\KTibiaX\branches\external\SyntaxBox\SyntaxBox\Keyrox.SyntaxBox\Text\PatternMatchers\.svn\text-base\HexPatternMatcher.cs.svn-base; Done.
   D:\Projetos\KTibiaX\branches\external\SyntaxBox\SyntaxBox\Keyrox.SyntaxBox\Text\PatternMatchers\.svn\text-base\IntPatternMatcher.cs.svn-base; Done.
   D:\Projetos\KTibiaX\branches\external\SyntaxBox\SyntaxBox\Keyrox.SyntaxBox\Text\PatternMatchers\.svn\text-base\IPatternMatcher.cs.svn-base; Done.
   D:\Projetos\KTibiaX\branches\external\SyntaxBox\SyntaxBox\Keyrox.SyntaxBox\Text\PatternMatchers\.svn\text-base\PatternMatcherBase.cs.svn-base; Done.
   D:\Projetos\KTibiaX\branches\external\SyntaxBox\SyntaxBox\Keyrox.SyntaxBox\Text\PatternMatchers\.svn\text-base\PropertyPathPatternMatcher.cs.svn-base; Done.
   D:\Projetos\KTibiaX\branches\external\SyntaxBox\SyntaxBox\Keyrox.SyntaxBox\Text\PatternMatchers\.svn\text-base\RegexPatternMatcher.cs.svn-base; Done.
   D:\Projetos\KTibiaX\branches\external\SyntaxBox\SyntaxBox\Keyrox.SyntaxBox\Text\PatternMatchers\.svn\text-base\RegionPatternMatcher.cs.svn-base; Done.
   D:\Projetos\KTibiaX\branches\external\SyntaxBox\SyntaxBox\Keyrox.SyntaxBox\Text\PatternMatchers\.svn\prop-base; Done.
   D:\Projetos\KTibiaX\branches\external\SyntaxBox\SyntaxBox\Keyrox.SyntaxBox\Text\PatternMatchers\.svn\props; Done.
   D:\Projetos\KTibiaX\branches\external\SyntaxBox\SyntaxBox\Keyrox.SyntaxBox\Text\PatternMatchers\.svn\text-base; Done.
   D:\Projetos\KTibiaX\branches\external\SyntaxBox\SyntaxBox\Keyrox.SyntaxBox\Text\PatternMatchers\.svn\tmp\prop-base; Done.
   D:\Projetos\KTibiaX\branches\external\SyntaxBox\SyntaxBox\Keyrox.SyntaxBox\Text\PatternMatchers\.svn\tmp\props; Done.
   D:\Projetos\KTibiaX\branches\external\SyntaxBox\SyntaxBox\Keyrox.SyntaxBox\Text\PatternMatchers\.svn\tmp\text-base; Done.
   D:\Projetos\KTibiaX\branches\external\SyntaxBox\SyntaxBox\Keyrox.SyntaxBox\Text\PatternMatchers\.svn\tmp; Done.
   D:\Projetos\KTibiaX\branches\external\SyntaxBox\SyntaxBox\Keyrox.SyntaxBox\Text\PatternMatchers\.svn; Done.
   D:\Projetos\KTibiaX\branches\external\SyntaxBox\SyntaxBox\Keyrox.SyntaxBox\Text\Tokenizer\.svn\all-wcprops; Done.
   D:\Projetos\KTibiaX\branches\external\SyntaxBox\SyntaxBox\Keyrox.SyntaxBox\Text\Tokenizer\.svn\entries; Done.
   D:\Projetos\KTibiaX\branches\external\SyntaxBox\SyntaxBox\Keyrox.SyntaxBox\Text\Tokenizer\.svn\text-base\CharUtils.cs.svn-base; Done.
   D:\Projetos\KTibiaX\branches\external\SyntaxBox\SyntaxBox\Keyrox.SyntaxBox\Text\Tokenizer\.svn\text-base\MatchResult.cs.svn-base; Done.
   D:\Projetos\KTibiaX\branches\external\SyntaxBox\SyntaxBox\Keyrox.SyntaxBox\Text\Tokenizer\.svn\text-base\PatternMatchReference.cs.svn-base; Done.
   D:\Projetos\KTibiaX\branches\external\SyntaxBox\SyntaxBox\Keyrox.SyntaxBox\Text\Tokenizer\.svn\text-base\Token.cs.svn-base; Done.
   D:\Projetos\KTibiaX\branches\external\SyntaxBox\SyntaxBox\Keyrox.SyntaxBox\Text\Tokenizer\.svn\text-base\Tokenizer.cs.svn-base; Done.
   D:\Projetos\KTibiaX\branches\external\SyntaxBox\SyntaxBox\Keyrox.SyntaxBox\Text\Tokenizer\.svn\text-base\TokenTree-API.cs.svn-base; Done.
   D:\Projetos\KTibiaX\branches\external\SyntaxBox\SyntaxBox\Keyrox.SyntaxBox\Text\Tokenizer\.svn\text-base\TokenTree-Util.cs.svn-base; Done.
   D:\Projetos\KTibiaX\branches\external\SyntaxBox\SyntaxBox\Keyrox.SyntaxBox\Text\Tokenizer\.svn\text-base\TokenTree.cs.svn-base; Done.
   D:\Projetos\KTibiaX\branches\external\SyntaxBox\SyntaxBox\Keyrox.SyntaxBox\Text\Tokenizer\.svn\text-base\TokenTreeNode.cs.svn-base; Done.
   D:\Projetos\KTibiaX\branches\external\SyntaxBox\SyntaxBox\Keyrox.SyntaxBox\Text\Tokenizer\.svn\prop-base; Done.
   D:\Projetos\KTibiaX\branches\external\SyntaxBox\SyntaxBox\Keyrox.SyntaxBox\Text\Tokenizer\.svn\props; Done.
   D:\Projetos\KTibiaX\branches\external\SyntaxBox\SyntaxBox\Keyrox.SyntaxBox\Text\Tokenizer\.svn\text-base; Done.
   D:\Projetos\KTibiaX\branches\external\SyntaxBox\SyntaxBox\Keyrox.SyntaxBox\Text\Tokenizer\.svn\tmp\prop-base; Done.
   D:\Projetos\KTibiaX\branches\external\SyntaxBox\SyntaxBox\Keyrox.SyntaxBox\Text\Tokenizer\.svn\tmp\props; Done.
   D:\Projetos\KTibiaX\branches\external\SyntaxBox\SyntaxBox\Keyrox.SyntaxBox\Text\Tokenizer\.svn\tmp\text-base; Done.
   D:\Projetos\KTibiaX\branches\external\SyntaxBox\SyntaxBox\Keyrox.SyntaxBox\Text\Tokenizer\.svn\tmp; Done.
   D:\Projetos\KTibiaX\branches\external\SyntaxBox\SyntaxBox\Keyrox.SyntaxBox\Text\Tokenizer\.svn; Done.
   D:\Projetos\KTibiaX\branches\external\SyntaxBox\SyntaxBox\Keyrox.SyntaxBox\Text\.svn\all-wcprops; Done.
   D:\Projetos\KTibiaX\branches\external\SyntaxBox\SyntaxBox\Keyrox.SyntaxBox\Text\.svn\entries; Done.
   D:\Projetos\KTibiaX\branches\external\SyntaxBox\SyntaxBox\Keyrox.SyntaxBox\Text\.svn\text-base\ReadMe.txt.svn-base; Done.
   D:\Projetos\KTibiaX\branches\external\SyntaxBox\SyntaxBox\Keyrox.SyntaxBox\Text\.svn\prop-base; Done.
   D:\Projetos\KTibiaX\branches\external\SyntaxBox\SyntaxBox\Keyrox.SyntaxBox\Text\.svn\props; Done.
   D:\Projetos\KTibiaX\branches\external\SyntaxBox\SyntaxBox\Keyrox.SyntaxBox\Text\.svn\text-base; Done.
   D:\Projetos\KTibiaX\branches\external\SyntaxBox\SyntaxBox\Keyrox.SyntaxBox\Text\.svn\tmp\prop-base; Done.
   D:\Projetos\KTibiaX\branches\external\SyntaxBox\SyntaxBox\Keyrox.SyntaxBox\Text\.svn\tmp\props; Done.
   D:\Projetos\KTibiaX\branches\external\SyntaxBox\SyntaxBox\Keyrox.SyntaxBox\Text\.svn\tmp\text-base; Done.
   D:\Projetos\KTibiaX\branches\external\SyntaxBox\SyntaxBox\Keyrox.SyntaxBox\Text\.svn\tmp; Done.
   D:\Projetos\KTibiaX\branches\external\SyntaxBox\SyntaxBox\Keyrox.SyntaxBox\Text\.svn; Done.
   D:\Projetos\KTibiaX\branches\external\SyntaxBox\SyntaxBox\Keyrox.SyntaxBox\Win32\.svn\all-wcprops; Done.
   D:\Projetos\KTibiaX\branches\external\SyntaxBox\SyntaxBox\Keyrox.SyntaxBox\Win32\.svn\entries; Done.
   D:\Projetos\KTibiaX\branches\external\SyntaxBox\SyntaxBox\Keyrox.SyntaxBox\Win32\.svn\text-base\Enums.cs.svn-base; Done.
   D:\Projetos\KTibiaX\branches\external\SyntaxBox\SyntaxBox\Keyrox.SyntaxBox\Win32\.svn\text-base\NativeMethods.cs.svn-base; Done.
   D:\Projetos\KTibiaX\branches\external\SyntaxBox\SyntaxBox\Keyrox.SyntaxBox\Win32\.svn\text-base\NativeSubclasser.cs.svn-base; Done.
   D:\Projetos\KTibiaX\branches\external\SyntaxBox\SyntaxBox\Keyrox.SyntaxBox\Win32\.svn\prop-base; Done.
   D:\Projetos\KTibiaX\branches\external\SyntaxBox\SyntaxBox\Keyrox.SyntaxBox\Win32\.svn\props; Done.
   D:\Projetos\KTibiaX\branches\external\SyntaxBox\SyntaxBox\Keyrox.SyntaxBox\Win32\.svn\text-base; Done.
   D:\Projetos\KTibiaX\branches\external\SyntaxBox\SyntaxBox\Keyrox.SyntaxBox\Win32\.svn\tmp\prop-base; Done.
   D:\Projetos\KTibiaX\branches\external\SyntaxBox\SyntaxBox\Keyrox.SyntaxBox\Win32\.svn\tmp\props; Done.
   D:\Projetos\KTibiaX\branches\external\SyntaxBox\SyntaxBox\Keyrox.SyntaxBox\Win32\.svn\tmp\text-base; Done.
   D:\Projetos\KTibiaX\branches\external\SyntaxBox\SyntaxBox\Keyrox.SyntaxBox\Win32\.svn\tmp; Done.
   D:\Projetos\KTibiaX\branches\external\SyntaxBox\SyntaxBox\Keyrox.SyntaxBox\Win32\.svn; Done.
   D:\Projetos\KTibiaX\branches\external\SyntaxBox\SyntaxBox\Keyrox.SyntaxBox\.svn\all-wcprops; Done.
   D:\Projetos\KTibiaX\branches\external\SyntaxBox\SyntaxBox\Keyrox.SyntaxBox\.svn\dir-prop-base; Done.
   D:\Projetos\KTibiaX\branches\external\SyntaxBox\SyntaxBox\Keyrox.SyntaxBox\.svn\entries; Done.
   D:\Projetos\KTibiaX\branches\external\SyntaxBox\SyntaxBox\Keyrox.SyntaxBox\.svn\text-base\Keyrox.SourceCode.SourceCodePrintDocument.bmp.svn-base; Done.
   D:\Projetos\KTibiaX\branches\external\SyntaxBox\SyntaxBox\Keyrox.SyntaxBox\.svn\text-base\Keyrox.SourceCode.SyntaxDocument.bmp.svn-base; Done.
   D:\Projetos\KTibiaX\branches\external\SyntaxBox\SyntaxBox\Keyrox.SyntaxBox\.svn\text-base\Keyrox.SyntaxBox.NET.csproj.svn-base; Done.
   D:\Projetos\KTibiaX\branches\external\SyntaxBox\SyntaxBox\Keyrox.SyntaxBox\.svn\text-base\Keyrox.Windows.Forms.SyntaxBoxControl.bmp.svn-base; Done.
   D:\Projetos\KTibiaX\branches\external\SyntaxBox\SyntaxBox\Keyrox.SyntaxBox\.svn\text-base\AssemblyInfo.cs.svn-base; Done.
   D:\Projetos\KTibiaX\branches\external\SyntaxBox\SyntaxBox\Keyrox.SyntaxBox\.svn\text-base\Compona.Syntaxbox.xml.svn-base; Done.
   D:\Projetos\KTibiaX\branches\external\SyntaxBox\SyntaxBox\Keyrox.SyntaxBox\.svn\text-base\FlippedCursor.cur.svn-base; Done.
   D:\Projetos\KTibiaX\branches\external\SyntaxBox\SyntaxBox\Keyrox.SyntaxBox\.svn\text-base\MoveDown.cur.svn-base; Done.
   D:\Projetos\KTibiaX\branches\external\SyntaxBox\SyntaxBox\Keyrox.SyntaxBox\.svn\text-base\MoveUp.cur.svn-base; Done.
   D:\Projetos\KTibiaX\branches\external\SyntaxBox\SyntaxBox\Keyrox.SyntaxBox\.svn\text-base\MoveUpDown.cur.svn-base; Done.
   D:\Projetos\KTibiaX\branches\external\SyntaxBox\SyntaxBox\Keyrox.SyntaxBox\.svn\text-base\SyntaxBox.hst.svn-base; Done.
   D:\Projetos\KTibiaX\branches\external\SyntaxBox\SyntaxBox\Keyrox.SyntaxBox\.svn\prop-base\Keyrox.SourceCode.SourceCodePrintDocument.bmp.svn-base; Done.
   D:\Projetos\KTibiaX\branches\external\SyntaxBox\SyntaxBox\Keyrox.SyntaxBox\.svn\prop-base\Keyrox.SourceCode.SyntaxDocument.bmp.svn-base; Done.
   D:\Projetos\KTibiaX\branches\external\SyntaxBox\SyntaxBox\Keyrox.SyntaxBox\.svn\prop-base\Keyrox.Windows.Forms.SyntaxBoxControl.bmp.svn-base; Done.
   D:\Projetos\KTibiaX\branches\external\SyntaxBox\SyntaxBox\Keyrox.SyntaxBox\.svn\prop-base\FlippedCursor.cur.svn-base; Done.
   D:\Projetos\KTibiaX\branches\external\SyntaxBox\SyntaxBox\Keyrox.SyntaxBox\.svn\prop-base\MoveDown.cur.svn-base; Done.
   D:\Projetos\KTibiaX\branches\external\SyntaxBox\SyntaxBox\Keyrox.SyntaxBox\.svn\prop-base\MoveUp.cur.svn-base; Done.
   D:\Projetos\KTibiaX\branches\external\SyntaxBox\SyntaxBox\Keyrox.SyntaxBox\.svn\prop-base\MoveUpDown.cur.svn-base; Done.
   D:\Projetos\KTibiaX\branches\external\SyntaxBox\SyntaxBox\Keyrox.SyntaxBox\.svn\prop-base; Done.
   D:\Projetos\KTibiaX\branches\external\SyntaxBox\SyntaxBox\Keyrox.SyntaxBox\.svn\props; Done.
   D:\Projetos\KTibiaX\branches\external\SyntaxBox\SyntaxBox\Keyrox.SyntaxBox\.svn\text-base; Done.
   D:\Projetos\KTibiaX\branches\external\SyntaxBox\SyntaxBox\Keyrox.SyntaxBox\.svn\tmp\prop-base; Done.
   D:\Projetos\KTibiaX\branches\external\SyntaxBox\SyntaxBox\Keyrox.SyntaxBox\.svn\tmp\props; Done.
   D:\Projetos\KTibiaX\branches\external\SyntaxBox\SyntaxBox\Keyrox.SyntaxBox\.svn\tmp\text-base; Done.
   D:\Projetos\KTibiaX\branches\external\SyntaxBox\SyntaxBox\Keyrox.SyntaxBox\.svn\tmp; Done.
   D:\Projetos\KTibiaX\branches\external\SyntaxBox\SyntaxBox\Keyrox.SyntaxBox\.svn; Done.
[§][Done!]

[§][Done!][Monday, April 27, 2009 10:42:34 AM]


║                                                                           ║
║      Elapsed Time.: 00:00:06.1718750      SVN Files.....: 00557           ║
║      Backup.......: 00000 Files           Old Backup....: 00000           ║
║                                           ---------------------           ║
║                                           Total Deleted.: 00557           ║
║                                                                           ║
╠═══════════════════════════════════════════════════════════════════════════╣
║                                                                           ║
║             Contact info: http://code.google.com/p/svncleaner/             ║
║                                                                           ║
║                             SVNCleaner® 2008                              ║
╚═══════════════════════════════════════════════════════════════════════════╝
