╔═══════════════════════════════════════════════════════════════════════════╗
║                                                                           ║
║                                  ..:§:..                                  ║
║   ╔══════════════════════════════════════════════════════════════════╗    ║
║   ║    Log file generated by SVN Directory Cleaner v1.0.3230.31928   ║    ║
║   ╚══════════════════════════════════════════════════════════════════╝    ║
║                                                                           ║
║   Date.......: 06/05/2009                                                 ║
║   Files......: 00747 Files.                                               ║ 
║   References.: 00015 SVN Rererences.                                      ║
║                                                                           ║
║                                                                           ║
╠═══════════════════════════════════════════════════════════════════════════╣
║                                                                           ║

[§][Start Clean Actions]
   C:\Projetos\wagner\KTibiaX\src

[§][Deleting Old Backup].[§][Done!]

[§][Creating Backup].[§][Done!]

[§][Cleaning Root Directory].[quarta-feira, 6 de maio de 2009 11:19:53]
   C:\Projetos\wagner\KTibiaX\src\Tibia\Tibia.Features\Actions\Pipes\_svn\all-wcprops; Done.
   C:\Projetos\wagner\KTibiaX\src\Tibia\Tibia.Features\Actions\Pipes\_svn\entries; Done.
   C:\Projetos\wagner\KTibiaX\src\Tibia\Tibia.Features\Actions\Pipes\_svn\format; Done.
   C:\Projetos\wagner\KTibiaX\src\Tibia\Tibia.Features\Actions\Pipes\_svn\text-base\DisplayCreatureTextPacket.cs.svn-base; Done.
   C:\Projetos\wagner\KTibiaX\src\Tibia\Tibia.Features\Actions\Pipes\_svn\text-base\DisplayTextPacket.cs.svn-base; Done.
   C:\Projetos\wagner\KTibiaX\src\Tibia\Tibia.Features\Actions\Pipes\_svn\text-base\InjectDisplayPacket.cs.svn-base; Done.
   C:\Projetos\wagner\KTibiaX\src\Tibia\Tibia.Features\Actions\Pipes\_svn\text-base\RemoveAllTextPacket.cs.svn-base; Done.
   C:\Projetos\wagner\KTibiaX\src\Tibia\Tibia.Features\Actions\Pipes\_svn\text-base\RemoveCreatureTextPacket.cs.svn-base; Done.
   C:\Projetos\wagner\KTibiaX\src\Tibia\Tibia.Features\Actions\Pipes\_svn\text-base\RemoveTextPacket.cs.svn-base; Done.
   C:\Projetos\wagner\KTibiaX\src\Tibia\Tibia.Features\Actions\Pipes\_svn\text-base\SetConstantPacket.cs.svn-base; Done.
   C:\Projetos\wagner\KTibiaX\src\Tibia\Tibia.Features\Actions\Pipes\_svn\text-base\UpdateCreatureTextPacket.cs.svn-base; Done.
   C:\Projetos\wagner\KTibiaX\src\Tibia\Tibia.Features\Actions\Pipes\_svn\text-base; Done.
   C:\Projetos\wagner\KTibiaX\src\Tibia\Tibia.Features\Actions\Pipes\_svn\tmp\prop-base; Done.
   C:\Projetos\wagner\KTibiaX\src\Tibia\Tibia.Features\Actions\Pipes\_svn\tmp; Done.
   C:\Projetos\wagner\KTibiaX\src\Tibia\Tibia.Features\Actions\Pipes\_svn; Done.
[§][Done!]

[§][Done!][quarta-feira, 6 de maio de 2009 11:19:53]


║                                                                           ║
║      Elapsed Time.: 00:00:00.9062500      SVN Files.....: 00015           ║
║      Backup.......: 00000 Files           Old Backup....: 00000           ║
║                                           ---------------------           ║
║                                           Total Deleted.: 00015           ║
║                                                                           ║
╠═══════════════════════════════════════════════════════════════════════════╣
║                                                                           ║
║             Contact info: http://code.google.com/p/svncleaner/             ║
║                                                                           ║
║                             SVNCleaner® 2008                              ║
╚═══════════════════════════════════════════════════════════════════════════╝
