╔═══════════════════════════════════════════════════════════════════════════╗
║                                                                           ║
║                                  ..:§:..                                  ║
║   ╔══════════════════════════════════════════════════════════════════╗    ║
║   ║    Log file generated by SVN Directory Cleaner v1.0.3230.31928   ║    ║
║   ╚══════════════════════════════════════════════════════════════════╝    ║
║                                                                           ║
║   Date.......: 08/05/2009                                                 ║
║   Files......: 00026 Files.                                               ║ 
║   References.: 00022 SVN Rererences.                                      ║
║                                                                           ║
║                                                                           ║
╠═══════════════════════════════════════════════════════════════════════════╣
║                                                                           ║

[§][Start Clean Actions]
   C:\Projetos\wagner\KTibiaX\src\Tibia\Tibia\Client

[§][Deleting Old Backup].[§][Done!]

[§][Creating Backup].[§][Done!]

[§][Cleaning Root Directory].[sexta-feira, 8 de maio de 2009 16:47:58]
   C:\Projetos\wagner\KTibiaX\src\Tibia\Tibia\Client\Contracts\_svn\all-wcprops; Done.
   C:\Projetos\wagner\KTibiaX\src\Tibia\Tibia\Client\Contracts\_svn\entries; Done.
   C:\Projetos\wagner\KTibiaX\src\Tibia\Tibia\Client\Contracts\_svn\format; Done.
   C:\Projetos\wagner\KTibiaX\src\Tibia\Tibia\Client\Contracts\_svn\text-base\IClient.cs.svn-base; Done.
   C:\Projetos\wagner\KTibiaX\src\Tibia\Tibia\Client\Contracts\_svn\prop-base; Done.
   C:\Projetos\wagner\KTibiaX\src\Tibia\Tibia\Client\Contracts\_svn\props; Done.
   C:\Projetos\wagner\KTibiaX\src\Tibia\Tibia\Client\Contracts\_svn\text-base; Done.
   C:\Projetos\wagner\KTibiaX\src\Tibia\Tibia\Client\Contracts\_svn\tmp\prop-base; Done.
   C:\Projetos\wagner\KTibiaX\src\Tibia\Tibia\Client\Contracts\_svn\tmp\props; Done.
   C:\Projetos\wagner\KTibiaX\src\Tibia\Tibia\Client\Contracts\_svn\tmp\text-base; Done.
   C:\Projetos\wagner\KTibiaX\src\Tibia\Tibia\Client\Contracts\_svn\tmp; Done.
   C:\Projetos\wagner\KTibiaX\src\Tibia\Tibia\Client\Contracts\_svn; Done.
   C:\Projetos\wagner\KTibiaX\src\Tibia\Tibia\Client\_svn\entries; Done.
   C:\Projetos\wagner\KTibiaX\src\Tibia\Tibia\Client\_svn\format; Done.
   C:\Projetos\wagner\KTibiaX\src\Tibia\Tibia\Client\_svn\prop-base; Done.
   C:\Projetos\wagner\KTibiaX\src\Tibia\Tibia\Client\_svn\props; Done.
   C:\Projetos\wagner\KTibiaX\src\Tibia\Tibia\Client\_svn\text-base; Done.
   C:\Projetos\wagner\KTibiaX\src\Tibia\Tibia\Client\_svn\tmp\prop-base; Done.
   C:\Projetos\wagner\KTibiaX\src\Tibia\Tibia\Client\_svn\tmp\props; Done.
   C:\Projetos\wagner\KTibiaX\src\Tibia\Tibia\Client\_svn\tmp\text-base; Done.
   C:\Projetos\wagner\KTibiaX\src\Tibia\Tibia\Client\_svn\tmp; Done.
   C:\Projetos\wagner\KTibiaX\src\Tibia\Tibia\Client\_svn; Done.
[§][Done!]

[§][Done!][sexta-feira, 8 de maio de 2009 16:47:58]


║                                                                           ║
║      Elapsed Time.: 00:00:00.5000000      SVN Files.....: 00022           ║
║      Backup.......: 00000 Files           Old Backup....: 00000           ║
║                                           ---------------------           ║
║                                           Total Deleted.: 00022           ║
║                                                                           ║
╠═══════════════════════════════════════════════════════════════════════════╣
║                                                                           ║
║             Contact info: http://code.google.com/p/svncleaner/             ║
║                                                                           ║
║                             SVNCleaner® 2008                              ║
╚═══════════════════════════════════════════════════════════════════════════╝
