╔═══════════════════════════════════════════════════════════════════════════╗
║                                                                           ║
║                                  ..:§:..                                  ║
║   ╔══════════════════════════════════════════════════════════════════╗    ║
║   ║    Log file generated by SVN Directory Cleaner v1.0.3230.31928   ║    ║
║   ╚══════════════════════════════════════════════════════════════════╝    ║
║                                                                           ║
║   Date.......: 08/05/2009                                                 ║
║   Files......: 00311 Files.                                               ║ 
║   References.: 00225 SVN Rererences.                                      ║
║                                                                           ║
║                                                                           ║
╠═══════════════════════════════════════════════════════════════════════════╣
║                                                                           ║

[§][Start Clean Actions]
   D:\Projetos\temp

[§][Deleting Old Backup].[§][Done!]

[§][Creating Backup].[§][Done!]

[§][Cleaning Root Directory].[sexta-feira, 8 de maio de 2009 22:05:12]
   D:\Projetos\temp\Actions\Components\Model\.svn\all-wcprops; Done.
   D:\Projetos\temp\Actions\Components\Model\.svn\entries; Done.
   D:\Projetos\temp\Actions\Components\Model\.svn\text-base\KillRune.cs.svn-base; Done.
   D:\Projetos\temp\Actions\Components\Model\.svn\text-base\KillSpell.cs.svn-base; Done.
   D:\Projetos\temp\Actions\Components\Model\.svn\prop-base; Done.
   D:\Projetos\temp\Actions\Components\Model\.svn\props; Done.
   D:\Projetos\temp\Actions\Components\Model\.svn\text-base; Done.
   D:\Projetos\temp\Actions\Components\Model\.svn\tmp\prop-base; Done.
   D:\Projetos\temp\Actions\Components\Model\.svn\tmp\props; Done.
   D:\Projetos\temp\Actions\Components\Model\.svn\tmp\text-base; Done.
   D:\Projetos\temp\Actions\Components\Model\.svn\tmp; Done.
   D:\Projetos\temp\Actions\Components\Model\.svn; Done.
   D:\Projetos\temp\Actions\Components\Player\.svn\all-wcprops; Done.
   D:\Projetos\temp\Actions\Components\Player\.svn\entries; Done.
   D:\Projetos\temp\Actions\Components\Player\.svn\text-base\eBuyAction.cs.svn-base; Done.
   D:\Projetos\temp\Actions\Components\Player\.svn\text-base\eDepotActions.cs.svn-base; Done.
   D:\Projetos\temp\Actions\Components\Player\.svn\text-base\eGotoAction.cs.svn-base; Done.
   D:\Projetos\temp\Actions\Components\Player\.svn\text-base\eItemActions.cs.svn-base; Done.
   D:\Projetos\temp\Actions\Components\Player\.svn\prop-base; Done.
   D:\Projetos\temp\Actions\Components\Player\.svn\props; Done.
   D:\Projetos\temp\Actions\Components\Player\.svn\text-base; Done.
   D:\Projetos\temp\Actions\Components\Player\.svn\tmp\prop-base; Done.
   D:\Projetos\temp\Actions\Components\Player\.svn\tmp\props; Done.
   D:\Projetos\temp\Actions\Components\Player\.svn\tmp\text-base; Done.
   D:\Projetos\temp\Actions\Components\Player\.svn\tmp; Done.
   D:\Projetos\temp\Actions\Components\Player\.svn; Done.
   D:\Projetos\temp\Actions\Components\.svn\all-wcprops; Done.
   D:\Projetos\temp\Actions\Components\.svn\entries; Done.
   D:\Projetos\temp\Actions\Components\.svn\text-base\ActionBaseComponent.cs.svn-base; Done.
   D:\Projetos\temp\Actions\Components\.svn\prop-base; Done.
   D:\Projetos\temp\Actions\Components\.svn\props; Done.
   D:\Projetos\temp\Actions\Components\.svn\text-base; Done.
   D:\Projetos\temp\Actions\Components\.svn\tmp\prop-base; Done.
   D:\Projetos\temp\Actions\Components\.svn\tmp\props; Done.
   D:\Projetos\temp\Actions\Components\.svn\tmp\text-base; Done.
   D:\Projetos\temp\Actions\Components\.svn\tmp; Done.
   D:\Projetos\temp\Actions\Components\.svn; Done.
   D:\Projetos\temp\Actions\.svn\all-wcprops; Done.
   D:\Projetos\temp\Actions\.svn\entries; Done.
   D:\Projetos\temp\Actions\.svn\text-base\EvalActions.cs.svn-base; Done.
   D:\Projetos\temp\Actions\.svn\text-base\HuntActions.cs.svn-base; Done.
   D:\Projetos\temp\Actions\.svn\text-base\ITibiaAction.cs.svn-base; Done.
   D:\Projetos\temp\Actions\.svn\text-base\KillActions.cs.svn-base; Done.
   D:\Projetos\temp\Actions\.svn\text-base\ParamActions.cs.svn-base; Done.
   D:\Projetos\temp\Actions\.svn\text-base\PlayerActions.cs.svn-base; Done.
   D:\Projetos\temp\Actions\.svn\text-base\SystemActions.cs.svn-base; Done.
   D:\Projetos\temp\Actions\.svn\prop-base; Done.
   D:\Projetos\temp\Actions\.svn\props; Done.
   D:\Projetos\temp\Actions\.svn\text-base; Done.
   D:\Projetos\temp\Actions\.svn\tmp\prop-base; Done.
   D:\Projetos\temp\Actions\.svn\tmp\props; Done.
   D:\Projetos\temp\Actions\.svn\tmp\text-base; Done.
   D:\Projetos\temp\Actions\.svn\tmp; Done.
   D:\Projetos\temp\Actions\.svn; Done.
   D:\Projetos\temp\Attributes\.svn\all-wcprops; Done.
   D:\Projetos\temp\Attributes\.svn\entries; Done.
   D:\Projetos\temp\Attributes\.svn\text-base\ActionClass.cs.svn-base; Done.
   D:\Projetos\temp\Attributes\.svn\text-base\ActionConfig.cs.svn-base; Done.
   D:\Projetos\temp\Attributes\.svn\text-base\ActionExamples.cs.svn-base; Done.
   D:\Projetos\temp\Attributes\.svn\text-base\ActionParameter.cs.svn-base; Done.
   D:\Projetos\temp\Attributes\.svn\text-base\ActionTitle.cs.svn-base; Done.
   D:\Projetos\temp\Attributes\.svn\text-base\ArgumentTypeAttribute.cs.svn-base; Done.
   D:\Projetos\temp\Attributes\.svn\text-base\PropClass.cs.svn-base; Done.
   D:\Projetos\temp\Attributes\.svn\text-base\PropItem.cs.svn-base; Done.
   D:\Projetos\temp\Attributes\.svn\text-base\ValidationAttributes.cs.svn-base; Done.
   D:\Projetos\temp\Attributes\.svn\prop-base; Done.
   D:\Projetos\temp\Attributes\.svn\props; Done.
   D:\Projetos\temp\Attributes\.svn\text-base; Done.
   D:\Projetos\temp\Attributes\.svn\tmp\prop-base; Done.
   D:\Projetos\temp\Attributes\.svn\tmp\props; Done.
   D:\Projetos\temp\Attributes\.svn\tmp\text-base; Done.
   D:\Projetos\temp\Attributes\.svn\tmp; Done.
   D:\Projetos\temp\Attributes\.svn; Done.
   D:\Projetos\temp\AutoList\.svn\all-wcprops; Done.
   D:\Projetos\temp\AutoList\.svn\entries; Done.
   D:\Projetos\temp\AutoList\.svn\text-base\AutoListFunction.cs.svn-base; Done.
   D:\Projetos\temp\AutoList\.svn\text-base\AutoListType.cs.svn-base; Done.
   D:\Projetos\temp\AutoList\.svn\prop-base; Done.
   D:\Projetos\temp\AutoList\.svn\props; Done.
   D:\Projetos\temp\AutoList\.svn\text-base; Done.
   D:\Projetos\temp\AutoList\.svn\tmp\prop-base; Done.
   D:\Projetos\temp\AutoList\.svn\tmp\props; Done.
   D:\Projetos\temp\AutoList\.svn\tmp\text-base; Done.
   D:\Projetos\temp\AutoList\.svn\tmp; Done.
   D:\Projetos\temp\AutoList\.svn; Done.
   D:\Projetos\temp\Controls\.svn\all-wcprops; Done.
   D:\Projetos\temp\Controls\.svn\entries; Done.
   D:\Projetos\temp\Controls\.svn\text-base\ScriptBox.cs.svn-base; Done.
   D:\Projetos\temp\Controls\.svn\text-base\ScriptBox.Designer.cs.svn-base; Done.
   D:\Projetos\temp\Controls\.svn\text-base\ScriptBox.resx.svn-base; Done.
   D:\Projetos\temp\Controls\.svn\text-base\ScriptDocument.cs.svn-base; Done.
   D:\Projetos\temp\Controls\.svn\text-base\ScriptEditor.cs.svn-base; Done.
   D:\Projetos\temp\Controls\.svn\text-base\ScriptEditor.resx.svn-base; Done.
   D:\Projetos\temp\Controls\.svn\text-base\ScriptRunner.cs.svn-base; Done.
   D:\Projetos\temp\Controls\.svn\text-base\ScriptToolTipProvider.cs.svn-base; Done.
   D:\Projetos\temp\Controls\.svn\prop-base; Done.
   D:\Projetos\temp\Controls\.svn\props; Done.
   D:\Projetos\temp\Controls\.svn\text-base; Done.
   D:\Projetos\temp\Controls\.svn\tmp\prop-base; Done.
   D:\Projetos\temp\Controls\.svn\tmp\props; Done.
   D:\Projetos\temp\Controls\.svn\tmp\text-base; Done.
   D:\Projetos\temp\Controls\.svn\tmp; Done.
   D:\Projetos\temp\Controls\.svn; Done.
   D:\Projetos\temp\Events\.svn\all-wcprops; Done.
   D:\Projetos\temp\Events\.svn\entries; Done.
   D:\Projetos\temp\Events\.svn\text-base\AutoListTypeEventArgs.cs.svn-base; Done.
   D:\Projetos\temp\Events\.svn\text-base\ExceptionEventArgs.cs.svn-base; Done.
   D:\Projetos\temp\Events\.svn\text-base\LineErrorEventArgs.cs.svn-base; Done.
   D:\Projetos\temp\Events\.svn\text-base\NumberEventArgs.cs.svn-base; Done.
   D:\Projetos\temp\Events\.svn\text-base\ScriptExceptionEventArgs.cs.svn-base; Done.
   D:\Projetos\temp\Events\.svn\text-base\ScriptLineEventArgs.cs.svn-base; Done.
   D:\Projetos\temp\Events\.svn\text-base\SelectedKeyChanged.cs.svn-base; Done.
   D:\Projetos\temp\Events\.svn\text-base\TextEventArgs.cs.svn-base; Done.
   D:\Projetos\temp\Events\.svn\prop-base; Done.
   D:\Projetos\temp\Events\.svn\props; Done.
   D:\Projetos\temp\Events\.svn\text-base; Done.
   D:\Projetos\temp\Events\.svn\tmp\prop-base; Done.
   D:\Projetos\temp\Events\.svn\tmp\props; Done.
   D:\Projetos\temp\Events\.svn\tmp\text-base; Done.
   D:\Projetos\temp\Events\.svn\tmp; Done.
   D:\Projetos\temp\Events\.svn; Done.
   D:\Projetos\temp\Keywords\.svn\all-wcprops; Done.
   D:\Projetos\temp\Keywords\.svn\entries; Done.
   D:\Projetos\temp\Keywords\.svn\text-base\ItemKeyword.cs.svn-base; Done.
   D:\Projetos\temp\Keywords\.svn\text-base\ItemKeywordCollection.cs.svn-base; Done.
   D:\Projetos\temp\Keywords\.svn\text-base\Keyword.cs.svn-base; Done.
   D:\Projetos\temp\Keywords\.svn\text-base\KeywordCollection.cs.svn-base; Done.
   D:\Projetos\temp\Keywords\.svn\text-base\LocationKeyword.cs.svn-base; Done.
   D:\Projetos\temp\Keywords\.svn\text-base\ScriptKeywords.cs.svn-base; Done.
   D:\Projetos\temp\Keywords\.svn\prop-base; Done.
   D:\Projetos\temp\Keywords\.svn\props; Done.
   D:\Projetos\temp\Keywords\.svn\text-base; Done.
   D:\Projetos\temp\Keywords\.svn\tmp\prop-base; Done.
   D:\Projetos\temp\Keywords\.svn\tmp\props; Done.
   D:\Projetos\temp\Keywords\.svn\tmp\text-base; Done.
   D:\Projetos\temp\Keywords\.svn\tmp; Done.
   D:\Projetos\temp\Keywords\.svn; Done.
   D:\Projetos\temp\Parser\.svn\all-wcprops; Done.
   D:\Projetos\temp\Parser\.svn\entries; Done.
   D:\Projetos\temp\Parser\.svn\text-base\ScriptAction.cs.svn-base; Done.
   D:\Projetos\temp\Parser\.svn\text-base\ScriptActionResult.cs.svn-base; Done.
   D:\Projetos\temp\Parser\.svn\text-base\ScriptFile.cs.svn-base; Done.
   D:\Projetos\temp\Parser\.svn\text-base\ScriptInfo.cs.svn-base; Done.
   D:\Projetos\temp\Parser\.svn\text-base\ScriptLine.cs.svn-base; Done.
   D:\Projetos\temp\Parser\.svn\text-base\ScriptLineError.cs.svn-base; Done.
   D:\Projetos\temp\Parser\.svn\text-base\ScriptLineErrorType.cs.svn-base; Done.
   D:\Projetos\temp\Parser\.svn\text-base\ScriptParser.cs.svn-base; Done.
   D:\Projetos\temp\Parser\.svn\text-base\ScriptSection.cs.svn-base; Done.
   D:\Projetos\temp\Parser\.svn\text-base\ScriptState.cs.svn-base; Done.
   D:\Projetos\temp\Parser\.svn\prop-base; Done.
   D:\Projetos\temp\Parser\.svn\props; Done.
   D:\Projetos\temp\Parser\.svn\text-base; Done.
   D:\Projetos\temp\Parser\.svn\tmp\prop-base; Done.
   D:\Projetos\temp\Parser\.svn\tmp\props; Done.
   D:\Projetos\temp\Parser\.svn\tmp\text-base; Done.
   D:\Projetos\temp\Parser\.svn\tmp; Done.
   D:\Projetos\temp\Parser\.svn; Done.
   D:\Projetos\temp\Player\.svn\all-wcprops; Done.
   D:\Projetos\temp\Player\.svn\entries; Done.
   D:\Projetos\temp\Player\.svn\text-base\Properties.cs.svn-base; Done.
   D:\Projetos\temp\Player\.svn\prop-base; Done.
   D:\Projetos\temp\Player\.svn\props; Done.
   D:\Projetos\temp\Player\.svn\text-base; Done.
   D:\Projetos\temp\Player\.svn\tmp\prop-base; Done.
   D:\Projetos\temp\Player\.svn\tmp\props; Done.
   D:\Projetos\temp\Player\.svn\tmp\text-base; Done.
   D:\Projetos\temp\Player\.svn\tmp; Done.
   D:\Projetos\temp\Player\.svn; Done.
   D:\Projetos\temp\Properties\.svn\all-wcprops; Done.
   D:\Projetos\temp\Properties\.svn\entries; Done.
   D:\Projetos\temp\Properties\.svn\text-base\AssemblyInfo.cs.svn-base; Done.
   D:\Projetos\temp\Properties\.svn\text-base\Resources.Designer.cs.svn-base; Done.
   D:\Projetos\temp\Properties\.svn\text-base\Resources.resx.svn-base; Done.
   D:\Projetos\temp\Properties\.svn\text-base\Settings.Designer.cs.svn-base; Done.
   D:\Projetos\temp\Properties\.svn\text-base\Settings.settings.svn-base; Done.
   D:\Projetos\temp\Properties\.svn\prop-base; Done.
   D:\Projetos\temp\Properties\.svn\props; Done.
   D:\Projetos\temp\Properties\.svn\text-base; Done.
   D:\Projetos\temp\Properties\.svn\tmp\prop-base; Done.
   D:\Projetos\temp\Properties\.svn\tmp\props; Done.
   D:\Projetos\temp\Properties\.svn\tmp\text-base; Done.
   D:\Projetos\temp\Properties\.svn\tmp; Done.
   D:\Projetos\temp\Properties\.svn; Done.
   D:\Projetos\temp\Resources\.svn\all-wcprops; Done.
   D:\Projetos\temp\Resources\.svn\entries; Done.
   D:\Projetos\temp\Resources\.svn\text-base\delete.png.svn-base; Done.
   D:\Projetos\temp\Resources\.svn\text-base\warning.png.svn-base; Done.
   D:\Projetos\temp\Resources\.svn\prop-base\delete.png.svn-base; Done.
   D:\Projetos\temp\Resources\.svn\prop-base\warning.png.svn-base; Done.
   D:\Projetos\temp\Resources\.svn\prop-base; Done.
   D:\Projetos\temp\Resources\.svn\props; Done.
   D:\Projetos\temp\Resources\.svn\text-base; Done.
   D:\Projetos\temp\Resources\.svn\tmp\prop-base; Done.
   D:\Projetos\temp\Resources\.svn\tmp\props; Done.
   D:\Projetos\temp\Resources\.svn\tmp\text-base; Done.
   D:\Projetos\temp\Resources\.svn\tmp; Done.
   D:\Projetos\temp\Resources\.svn; Done.
   D:\Projetos\temp\Util\.svn\all-wcprops; Done.
   D:\Projetos\temp\Util\.svn\entries; Done.
   D:\Projetos\temp\Util\.svn\text-base\Context.cs.svn-base; Done.
   D:\Projetos\temp\Util\.svn\text-base\Extensions.cs.svn-base; Done.
   D:\Projetos\temp\Util\.svn\text-base\RunnerState.cs.svn-base; Done.
   D:\Projetos\temp\Util\.svn\text-base\ScriptActionException.cs.svn-base; Done.
   D:\Projetos\temp\Util\.svn\text-base\ValidationHandler.cs.svn-base; Done.
   D:\Projetos\temp\Util\.svn\prop-base; Done.
   D:\Projetos\temp\Util\.svn\props; Done.
   D:\Projetos\temp\Util\.svn\text-base; Done.
   D:\Projetos\temp\Util\.svn\tmp\prop-base; Done.
   D:\Projetos\temp\Util\.svn\tmp\props; Done.
   D:\Projetos\temp\Util\.svn\tmp\text-base; Done.
   D:\Projetos\temp\Util\.svn\tmp; Done.
   D:\Projetos\temp\Util\.svn; Done.
   D:\Projetos\temp\.svn\all-wcprops; Done.
   D:\Projetos\temp\.svn\dir-prop-base; Done.
   D:\Projetos\temp\.svn\entries; Done.
   D:\Projetos\temp\.svn\text-base\app.config.svn-base; Done.
   D:\Projetos\temp\.svn\text-base\Keyrox.Scripting.csproj.svn-base; Done.
   D:\Projetos\temp\.svn\prop-base; Done.
   D:\Projetos\temp\.svn\props; Done.
   D:\Projetos\temp\.svn\text-base; Done.
   D:\Projetos\temp\.svn\tmp\prop-base; Done.
   D:\Projetos\temp\.svn\tmp\props; Done.
   D:\Projetos\temp\.svn\tmp\text-base; Done.
   D:\Projetos\temp\.svn\tmp; Done.
   D:\Projetos\temp\.svn; Done.
[§][Done!]

[§][Done!][sexta-feira, 8 de maio de 2009 22:05:14]


║                                                                           ║
║      Elapsed Time.: 00:00:01.5625000      SVN Files.....: 00225           ║
║      Backup.......: 00000 Files           Old Backup....: 00000           ║
║                                           ---------------------           ║
║                                           Total Deleted.: 00225           ║
║                                                                           ║
╠═══════════════════════════════════════════════════════════════════════════╣
║                                                                           ║
║             Contact info: http://code.google.com/p/svncleaner/             ║
║                                                                           ║
║                             SVNCleaner® 2008                              ║
╚═══════════════════════════════════════════════════════════════════════════╝
